<?xml version="1.0" encoding="UTF-8"?>
<!-- Generated by org.testng.reporters.JUnitXMLReporter -->
<testsuite ignored="0" hostname="DESKTOP-37A406O" failures="0" tests="65" name="Surefire test" time="24.161" errors="0" timestamp="04 May 2019 04:25:21 GMT">
  <testcase classname="com.qa.rest.tests.TestCarRacingBDD" name="test_numberOfCircuitsFor2017_Season" time="4.176"/>
  <testcase classname="com.qa.rest.tests.TestWeatherAPI" name="getWeatherOfBanglore" time="0.533"/>
  <testcase classname="com.qa.rest.tests.TestWeatherAPI" name="getWeatherBangaloreInvalidCity" time="0.153"/>
  <testcase classname="com.qa.rest.tests.TestWeatherAPI" name="getWeatherBangaloreInvalidKey" time="0.239"/>
  <testcase classname="com.qa.rest.tests.TestWeatherAPI" name="getWeatherOfDelhi" time="0.526"/>
  <testcase classname="com.qa.rest.tests.TestWeatherAPIWithDataProvider" name="verifyWithValidData" time="0.354"/>
  <testcase classname="com.qa.rest.tests.TestWeatherAPIWithDataProvider" name="verifyWithValidData" time="0.201"/>
  <testcase classname="com.qa.rest.tests.TestWeatherAPIWithDataProvider" name="verifyWithValidData" time="0.296"/>
  <testcase classname="com.qa.rest.tests.TestWeatherAPIWithDataProvider" name="verifyWithValidData" time="0.172"/>
  <testcase classname="com.qa.rest.tests.TestWeatherAPIWithDataProvider" name="verifyWithValidData" time="0.301"/>
  <testcase classname="com.qa.rest.tests.TestWeatherAPIWithDataProvider" name="verifyWithValidData" time="0.285"/>
  <testcase classname="com.qa.rest.tests.TestWeatherAPIWithDataProvider" name="verifyWithValidData" time="0.316"/>
  <testcase classname="com.qa.rest.tests.TestWeatherAPIWithDataProvider" name="verifyWithValidData" time="0.237"/>
  <testcase classname="com.qa.rest.tests.TestWeatherAPIWithDataProvider" name="verifyWithValidData" time="0.285"/>
  <testcase classname="com.qa.rest.tests.TestWeatherAPIWithDataProvider" name="verifyWithValidData" time="0.285"/>
  <testcase classname="com.qa.rest.tests.TestWeatherAPIWithDataProvider" name="verifyWithValidData" time="0.247"/>
  <testcase classname="com.qa.rest.tests.TestWeatherAPIWithDataProvider" name="verifyWithValidData" time="0.254"/>
  <testcase classname="com.qa.rest.tests.TestWeatherAPIWithDataProvider" name="verifyWithValidData" time="0.416"/>
  <testcase classname="com.qa.rest.tests.TestWeatherAPIWithDataProvider" name="verifyWithValidData" time="0.201"/>
  <testcase classname="com.qa.rest.tests.TestWeatherAPIWithDataProvider" name="verifyWithValidData" time="0.283"/>
  <testcase classname="com.qa.rest.tests.TestWeatherAPIWithDataProvider" name="verifyWithValidData" time="0.341"/>
  <testcase classname="com.qa.rest.tests.TestWeatherAPIWithDataProvider" name="verifyWithValidData" time="0.213"/>
  <testcase classname="com.qa.rest.tests.TestWeatherAPIWithDataProvider" name="verifyWithValidData" time="0.148"/>
  <testcase classname="com.qa.rest.tests.TestWeatherAPIWithDataProvider" name="verifyWithValidData" time="0.169"/>
  <testcase classname="com.qa.rest.tests.TestWeatherAPIWithDataProvider" name="verifyWithValidData" time="0.178"/>
  <testcase classname="com.qa.rest.tests.TestWeatherAPIWithDataProvider" name="verifyWithValidData" time="0.269"/>
  <testcase classname="com.qa.rest.tests.TestWeatherAPIWithDataProvider" name="verifyWithValidData" time="0.17"/>
  <testcase classname="com.qa.rest.tests.TestWeatherAPIWithDataProvider" name="verifyWithValidData" time="0.269"/>
  <testcase classname="com.qa.rest.tests.TestWeatherAPIWithDataProvider" name="verifyWithValidData" time="0.169"/>
  <testcase classname="com.qa.rest.tests.TestWeatherAPIWithDataProvider" name="verifyWithValidData" time="0.179"/>
  <testcase classname="com.qa.rest.tests.TestWeatherAPIWithDataProvider" name="verifyWithValidData" time="0.287"/>
  <testcase classname="com.qa.rest.tests.TestWeatherAPIWithDataProvider" name="verifyWithValidData" time="0.169"/>
  <testcase classname="com.qa.rest.tests.TestWeatherAPIWithDataProvider" name="verifyWithValidData" time="0.254"/>
  <testcase classname="com.qa.rest.tests.TestWeatherAPIWithDataProvider" name="verifyWithValidData" time="0.185"/>
  <testcase classname="com.qa.rest.tests.TestWeatherAPIWithDataProvider" name="verifyWithValidData" time="0.2"/>
  <testcase classname="com.qa.rest.tests.TestWeatherAPIWithDataProvider" name="verifyWithInvalidData" time="0.149"/>
  <testcase classname="com.qa.rest.tests.TestWeatherAPIWithDataProvider" name="verifyWithInvalidData" time="0.128"/>
  <testcase classname="com.qa.rest.tests.TestWeatherAPIWithDataProvider" name="verifyWithInvalidData" time="0.27"/>
  <testcase classname="com.qa.rest.tests.TestWeatherAPIWithDataProvider" name="verifyWithInvalidData" time="0.153"/>
  <testcase classname="com.qa.rest.tests.TestWeatherAPIWithDataProvider" name="verifyWithInvalidData" time="0.162"/>
  <testcase classname="com.qa.rest.tests.TestWeatherAPIWithDataProvider" name="verifyWithInvalidData" time="0.147"/>
  <testcase classname="com.qa.rest.tests.TestWeatherAPIWithDataProvider" name="verifyWithInvalidData" time="0.14"/>
  <testcase classname="com.qa.rest.tests.TestWeatherAPIWithDataProvider" name="verifyWithInvalidData" time="0.157"/>
  <testcase classname="com.qa.rest.tests.TestWeatherAPIWithDataProvider" name="verifyWithInvalidData" time="0.132"/>
  <testcase classname="com.qa.rest.tests.TestWeatherAPIWithDataProvider" name="verifyWithInvalidData" time="0.116"/>
  <testcase classname="com.qa.rest.tests.TestWeatherAPIWithDataProvider" name="verifyWithInvalidData" time="0.123"/>
  <testcase classname="com.qa.rest.tests.TestWeatherAPIWithDataProvider" name="verifyWithInvalidData" time="0.223"/>
  <testcase classname="com.qa.rest.tests.TestWeatherAPIWithDataProvider" name="verifyWithInvalidData" time="0.132"/>
  <testcase classname="com.qa.rest.tests.TestWeatherAPIWithDataProvider" name="verifyWithInvalidData" time="0.132"/>
  <testcase classname="com.qa.rest.tests.TestWeatherAPIWithDataProvider" name="verifyWithInvalidData" time="0.147"/>
  <testcase classname="com.qa.rest.tests.TestWeatherAPIWithDataProvider" name="verifyWithInvalidData" time="0.132"/>
  <testcase classname="com.qa.rest.tests.TestWeatherAPIWithDataProvider" name="verifyWithInvalidData" time="0.131"/>
  <testcase classname="com.qa.rest.tests.TestWeatherAPIWithDataProvider" name="verifyWithInvalidData" time="0.131"/>
  <testcase classname="com.qa.rest.tests.TestWeatherAPIWithDataProvider" name="verifyWithInvalidData" time="0.131"/>
  <testcase classname="com.qa.rest.tests.TestWeatherAPIWithDataProvider" name="verifyWithInvalidData" time="0.131"/>
  <testcase classname="com.qa.rest.tests.TestWeatherAPIWithDataProvider" name="verifyWithInvalidData" time="0.231"/>
  <testcase classname="com.qa.rest.tests.TestWeatherAPIWithDataProvider" name="verifyWithInvalidData" time="0.153"/>
  <testcase classname="com.qa.rest.tests.TestWeatherAPIWithDataProvider" name="verifyWithInvalidData" time="0.154"/>
  <testcase classname="com.qa.rest.tests.TestWeatherAPIWithDataProvider" name="verifyWithInvalidData" time="0.131"/>
  <testcase classname="com.qa.rest.tests.TestWeatherAPIWithDataProvider" name="verifyWithInvalidData" time="0.132"/>
  <testcase classname="com.qa.rest.tests.TestWeatherAPIWithDataProvider" name="verifyWithInvalidData" time="0.147"/>
  <testcase classname="com.qa.rest.tests.TestWeatherAPIWithDataProvider" name="verifyWithInvalidData" time="0.132"/>
  <testcase classname="com.qa.rest.tests.TestWeatherAPIWithDataProvider" name="verifyWithInvalidData" time="0.132"/>
  <testcase classname="com.qa.rest.tests.TestWeatherAPIWithDataProvider" name="verifyWithInvalidData" time="0.132"/>
  <testcase classname="com.qa.rest.tests.TestWeatherAPIWithDataProvider" name="verifyWithInvalidData" time="0.247"/>
</testsuite> <!-- Surefire test -->
