<?xml version="1.0" encoding="UTF-8"?>
<!-- Generated by org.testng.reporters.JUnitXMLReporter -->
<testsuite ignored="0" hostname="DESKTOP-37A406O" failures="0" tests="60" name="Default test" time="34.074" errors="0" timestamp="03 May 2019 06:53:53 GMT">
  <testcase classname="com.qa.rest.tests.TestWeatherAPIWithDataProvider" name="verifyWithValidData" time="5.25"/>
  <testcase classname="com.qa.rest.tests.TestWeatherAPIWithDataProvider" name="verifyWithValidData" time="0.253"/>
  <testcase classname="com.qa.rest.tests.TestWeatherAPIWithDataProvider" name="verifyWithValidData" time="0.354"/>
  <testcase classname="com.qa.rest.tests.TestWeatherAPIWithDataProvider" name="verifyWithValidData" time="0.241"/>
  <testcase classname="com.qa.rest.tests.TestWeatherAPIWithDataProvider" name="verifyWithValidData" time="0.368"/>
  <testcase classname="com.qa.rest.tests.TestWeatherAPIWithDataProvider" name="verifyWithValidData" time="1.628"/>
  <testcase classname="com.qa.rest.tests.TestWeatherAPIWithDataProvider" name="verifyWithValidData" time="0.47"/>
  <testcase classname="com.qa.rest.tests.TestWeatherAPIWithDataProvider" name="verifyWithValidData" time="0.37"/>
  <testcase classname="com.qa.rest.tests.TestWeatherAPIWithDataProvider" name="verifyWithValidData" time="0.249"/>
  <testcase classname="com.qa.rest.tests.TestWeatherAPIWithDataProvider" name="verifyWithValidData" time="0.3"/>
  <testcase classname="com.qa.rest.tests.TestWeatherAPIWithDataProvider" name="verifyWithValidData" time="0.222"/>
  <testcase classname="com.qa.rest.tests.TestWeatherAPIWithDataProvider" name="verifyWithValidData" time="0.201"/>
  <testcase classname="com.qa.rest.tests.TestWeatherAPIWithDataProvider" name="verifyWithValidData" time="0.448"/>
  <testcase classname="com.qa.rest.tests.TestWeatherAPIWithDataProvider" name="verifyWithValidData" time="0.2"/>
  <testcase classname="com.qa.rest.tests.TestWeatherAPIWithDataProvider" name="verifyWithValidData" time="0.185"/>
  <testcase classname="com.qa.rest.tests.TestWeatherAPIWithDataProvider" name="verifyWithValidData" time="0.344"/>
  <testcase classname="com.qa.rest.tests.TestWeatherAPIWithDataProvider" name="verifyWithValidData" time="0.191"/>
  <testcase classname="com.qa.rest.tests.TestWeatherAPIWithDataProvider" name="verifyWithValidData" time="0.191"/>
  <testcase classname="com.qa.rest.tests.TestWeatherAPIWithDataProvider" name="verifyWithValidData" time="1.603"/>
  <testcase classname="com.qa.rest.tests.TestWeatherAPIWithDataProvider" name="verifyWithValidData" time="3.191"/>
  <testcase classname="com.qa.rest.tests.TestWeatherAPIWithDataProvider" name="verifyWithValidData" time="0.238"/>
  <testcase classname="com.qa.rest.tests.TestWeatherAPIWithDataProvider" name="verifyWithValidData" time="0.301"/>
  <testcase classname="com.qa.rest.tests.TestWeatherAPIWithDataProvider" name="verifyWithValidData" time="0.286"/>
  <testcase classname="com.qa.rest.tests.TestWeatherAPIWithDataProvider" name="verifyWithValidData" time="0.169"/>
  <testcase classname="com.qa.rest.tests.TestWeatherAPIWithDataProvider" name="verifyWithValidData" time="1.638"/>
  <testcase classname="com.qa.rest.tests.TestWeatherAPIWithDataProvider" name="verifyWithValidData" time="0.301"/>
  <testcase classname="com.qa.rest.tests.TestWeatherAPIWithDataProvider" name="verifyWithValidData" time="0.169"/>
  <testcase classname="com.qa.rest.tests.TestWeatherAPIWithDataProvider" name="verifyWithValidData" time="0.201"/>
  <testcase classname="com.qa.rest.tests.TestWeatherAPIWithDataProvider" name="verifyWithValidData" time="0.269"/>
  <testcase classname="com.qa.rest.tests.TestWeatherAPIWithDataProvider" name="verifyWithValidData" time="0.162"/>
  <testcase classname="com.qa.rest.tests.TestWeatherAPIWithDataProvider" name="verifyWithInvalidData" time="0.162"/>
  <testcase classname="com.qa.rest.tests.TestWeatherAPIWithDataProvider" name="verifyWithInvalidData" time="0.285"/>
  <testcase classname="com.qa.rest.tests.TestWeatherAPIWithDataProvider" name="verifyWithInvalidData" time="0.201"/>
  <testcase classname="com.qa.rest.tests.TestWeatherAPIWithDataProvider" name="verifyWithInvalidData" time="0.217"/>
  <testcase classname="com.qa.rest.tests.TestWeatherAPIWithDataProvider" name="verifyWithInvalidData" time="0.201"/>
  <testcase classname="com.qa.rest.tests.TestWeatherAPIWithDataProvider" name="verifyWithInvalidData" time="0.153"/>
  <testcase classname="com.qa.rest.tests.TestWeatherAPIWithDataProvider" name="verifyWithInvalidData" time="0.185"/>
  <testcase classname="com.qa.rest.tests.TestWeatherAPIWithDataProvider" name="verifyWithInvalidData" time="0.138"/>
  <testcase classname="com.qa.rest.tests.TestWeatherAPIWithDataProvider" name="verifyWithInvalidData" time="0.138"/>
  <testcase classname="com.qa.rest.tests.TestWeatherAPIWithDataProvider" name="verifyWithInvalidData" time="0.137"/>
  <testcase classname="com.qa.rest.tests.TestWeatherAPIWithDataProvider" name="verifyWithInvalidData" time="0.138"/>
  <testcase classname="com.qa.rest.tests.TestWeatherAPIWithDataProvider" name="verifyWithInvalidData" time="0.201"/>
  <testcase classname="com.qa.rest.tests.TestWeatherAPIWithDataProvider" name="verifyWithInvalidData" time="1.537"/>
  <testcase classname="com.qa.rest.tests.TestWeatherAPIWithDataProvider" name="verifyWithInvalidData" time="0.185"/>
  <testcase classname="com.qa.rest.tests.TestWeatherAPIWithDataProvider" name="verifyWithInvalidData" time="0.178"/>
  <testcase classname="com.qa.rest.tests.TestWeatherAPIWithDataProvider" name="verifyWithInvalidData" time="0.116"/>
  <testcase classname="com.qa.rest.tests.TestWeatherAPIWithDataProvider" name="verifyWithInvalidData" time="0.115"/>
  <testcase classname="com.qa.rest.tests.TestWeatherAPIWithDataProvider" name="verifyWithInvalidData" time="0.126"/>
  <testcase classname="com.qa.rest.tests.TestWeatherAPIWithDataProvider" name="verifyWithInvalidData" time="0.132"/>
  <testcase classname="com.qa.rest.tests.TestWeatherAPIWithDataProvider" name="verifyWithInvalidData" time="0.138"/>
  <testcase classname="com.qa.rest.tests.TestWeatherAPIWithDataProvider" name="verifyWithInvalidData" time="0.147"/>
  <testcase classname="com.qa.rest.tests.TestWeatherAPIWithDataProvider" name="verifyWithInvalidData" time="0.185"/>
  <testcase classname="com.qa.rest.tests.TestWeatherAPIWithDataProvider" name="verifyWithInvalidData" time="0.153"/>
  <testcase classname="com.qa.rest.tests.TestWeatherAPIWithDataProvider" name="verifyWithInvalidData" time="0.207"/>
  <testcase classname="com.qa.rest.tests.TestWeatherAPIWithDataProvider" name="verifyWithInvalidData" time="0.122"/>
  <testcase classname="com.qa.rest.tests.TestWeatherAPIWithDataProvider" name="verifyWithInvalidData" time="0.138"/>
  <testcase classname="com.qa.rest.tests.TestWeatherAPIWithDataProvider" name="verifyWithInvalidData" time="0.135"/>
  <testcase classname="com.qa.rest.tests.TestWeatherAPIWithDataProvider" name="verifyWithInvalidData" time="0.153"/>
  <testcase classname="com.qa.rest.tests.TestWeatherAPIWithDataProvider" name="verifyWithInvalidData" time="0.138"/>
  <testcase classname="com.qa.rest.tests.TestWeatherAPIWithDataProvider" name="verifyWithInvalidData" time="0.122"/>
</testsuite> <!-- Default test -->
