<?xml version="1.0" encoding="UTF-8"?>
<testsuite xmlns:xsi="http://www.w3.org/2001/XMLSchema-instance" xsi:schemaLocation="https://maven.apache.org/surefire/maven-surefire-plugin/xsd/surefire-test-report.xsd" name="TestSuite" time="25.628" tests="65" errors="0" skipped="0" failures="0">
  <properties>
[...]
</properties>
  <testcase name="test_numberOfCircuitsFor2017_Season" classname="com.qa.rest.tests.TestCarRacingBDD" time="4.192"/>
  <testcase name="getWeatherOfBanglore" classname="com.qa.rest.tests.TestWeatherAPI" time="0.533"/>
  <testcase name="getWeatherBangaloreInvalidCity" classname="com.qa.rest.tests.TestWeatherAPI" time="0.153"/>
  <testcase name="getWeatherBangaloreInvalidKey" classname="com.qa.rest.tests.TestWeatherAPI" time="0.239"/>
  <testcase name="getWeatherOfDelhi" classname="com.qa.rest.tests.TestWeatherAPI" time="0.526"/>
  <testcase name="verifyWithValidData" classname="com.qa.rest.tests.TestWeatherAPIWithDataProvider" time="0.354"/>
  <testcase name="verifyWithValidData" classname="com.qa.rest.tests.TestWeatherAPIWithDataProvider" time="0.201"/>
  <testcase name="verifyWithValidData" classname="com.qa.rest.tests.TestWeatherAPIWithDataProvider" time="0.296"/>
  <testcase name="verifyWithValidData" classname="com.qa.rest.tests.TestWeatherAPIWithDataProvider" time="0.164"/>
  <testcase name="verifyWithValidData" classname="com.qa.rest.tests.TestWeatherAPIWithDataProvider" time="0.285"/>
  <testcase name="verifyWithValidData" classname="com.qa.rest.tests.TestWeatherAPIWithDataProvider" time="0.285"/>
  <testcase name="verifyWithValidData" classname="com.qa.rest.tests.TestWeatherAPIWithDataProvider" time="0.316"/>
  <testcase name="verifyWithValidData" classname="com.qa.rest.tests.TestWeatherAPIWithDataProvider" time="0.237"/>
  <testcase name="verifyWithValidData" classname="com.qa.rest.tests.TestWeatherAPIWithDataProvider" time="0.285"/>
  <testcase name="verifyWithValidData" classname="com.qa.rest.tests.TestWeatherAPIWithDataProvider" time="0.285"/>
  <testcase name="verifyWithValidData" classname="com.qa.rest.tests.TestWeatherAPIWithDataProvider" time="0.247"/>
  <testcase name="verifyWithValidData" classname="com.qa.rest.tests.TestWeatherAPIWithDataProvider" time="0.254"/>
  <testcase name="verifyWithValidData" classname="com.qa.rest.tests.TestWeatherAPIWithDataProvider" time="0.416"/>
  <testcase name="verifyWithValidData" classname="com.qa.rest.tests.TestWeatherAPIWithDataProvider" time="0.201"/>
  <testcase name="verifyWithValidData" classname="com.qa.rest.tests.TestWeatherAPIWithDataProvider" time="0.283"/>
  <testcase name="verifyWithValidData" classname="com.qa.rest.tests.TestWeatherAPIWithDataProvider" time="0.335"/>
  <testcase name="verifyWithValidData" classname="com.qa.rest.tests.TestWeatherAPIWithDataProvider" time="0.213"/>
  <testcase name="verifyWithValidData" classname="com.qa.rest.tests.TestWeatherAPIWithDataProvider" time="0.148"/>
  <testcase name="verifyWithValidData" classname="com.qa.rest.tests.TestWeatherAPIWithDataProvider" time="0.185"/>
  <testcase name="verifyWithValidData" classname="com.qa.rest.tests.TestWeatherAPIWithDataProvider" time="0.178"/>
  <testcase name="verifyWithValidData" classname="com.qa.rest.tests.TestWeatherAPIWithDataProvider" time="0.269"/>
  <testcase name="verifyWithValidData" classname="com.qa.rest.tests.TestWeatherAPIWithDataProvider" time="0.17"/>
  <testcase name="verifyWithValidData" classname="com.qa.rest.tests.TestWeatherAPIWithDataProvider" time="0.269"/>
  <testcase name="verifyWithValidData" classname="com.qa.rest.tests.TestWeatherAPIWithDataProvider" time="0.185"/>
  <testcase name="verifyWithValidData" classname="com.qa.rest.tests.TestWeatherAPIWithDataProvider" time="0.179"/>
  <testcase name="verifyWithValidData" classname="com.qa.rest.tests.TestWeatherAPIWithDataProvider" time="0.287"/>
  <testcase name="verifyWithValidData" classname="com.qa.rest.tests.TestWeatherAPIWithDataProvider" time="0.169"/>
  <testcase name="verifyWithValidData" classname="com.qa.rest.tests.TestWeatherAPIWithDataProvider" time="0.254"/>
  <testcase name="verifyWithValidData" classname="com.qa.rest.tests.TestWeatherAPIWithDataProvider" time="0.185"/>
  <testcase name="verifyWithValidData" classname="com.qa.rest.tests.TestWeatherAPIWithDataProvider" time="0.2"/>
  <testcase name="verifyWithInvalidData" classname="com.qa.rest.tests.TestWeatherAPIWithDataProvider" time="0.149"/>
  <testcase name="verifyWithInvalidData" classname="com.qa.rest.tests.TestWeatherAPIWithDataProvider" time="0.144"/>
  <testcase name="verifyWithInvalidData" classname="com.qa.rest.tests.TestWeatherAPIWithDataProvider" time="0.27"/>
  <testcase name="verifyWithInvalidData" classname="com.qa.rest.tests.TestWeatherAPIWithDataProvider" time="0.153"/>
  <testcase name="verifyWithInvalidData" classname="com.qa.rest.tests.TestWeatherAPIWithDataProvider" time="0.162"/>
  <testcase name="verifyWithInvalidData" classname="com.qa.rest.tests.TestWeatherAPIWithDataProvider" time="0.147"/>
  <testcase name="verifyWithInvalidData" classname="com.qa.rest.tests.TestWeatherAPIWithDataProvider" time="0.14"/>
  <testcase name="verifyWithInvalidData" classname="com.qa.rest.tests.TestWeatherAPIWithDataProvider" time="0.157"/>
  <testcase name="verifyWithInvalidData" classname="com.qa.rest.tests.TestWeatherAPIWithDataProvider" time="0.132"/>
  <testcase name="verifyWithInvalidData" classname="com.qa.rest.tests.TestWeatherAPIWithDataProvider" time="0.131"/>
  <testcase name="verifyWithInvalidData" classname="com.qa.rest.tests.TestWeatherAPIWithDataProvider" time="0.123"/>
  <testcase name="verifyWithInvalidData" classname="com.qa.rest.tests.TestWeatherAPIWithDataProvider" time="0.223"/>
  <testcase name="verifyWithInvalidData" classname="com.qa.rest.tests.TestWeatherAPIWithDataProvider" time="0.148"/>
  <testcase name="verifyWithInvalidData" classname="com.qa.rest.tests.TestWeatherAPIWithDataProvider" time="0.132"/>
  <testcase name="verifyWithInvalidData" classname="com.qa.rest.tests.TestWeatherAPIWithDataProvider" time="0.147"/>
  <testcase name="verifyWithInvalidData" classname="com.qa.rest.tests.TestWeatherAPIWithDataProvider" time="0.132"/>
  <testcase name="verifyWithInvalidData" classname="com.qa.rest.tests.TestWeatherAPIWithDataProvider" time="0.131"/>
  <testcase name="verifyWithInvalidData" classname="com.qa.rest.tests.TestWeatherAPIWithDataProvider" time="0.131"/>
  <testcase name="verifyWithInvalidData" classname="com.qa.rest.tests.TestWeatherAPIWithDataProvider" time="0.131"/>
  <testcase name="verifyWithInvalidData" classname="com.qa.rest.tests.TestWeatherAPIWithDataProvider" time="0.131"/>
  <testcase name="verifyWithInvalidData" classname="com.qa.rest.tests.TestWeatherAPIWithDataProvider" time="0.231"/>
  <testcase name="verifyWithInvalidData" classname="com.qa.rest.tests.TestWeatherAPIWithDataProvider" time="0.169"/>
  <testcase name="verifyWithInvalidData" classname="com.qa.rest.tests.TestWeatherAPIWithDataProvider" time="0.154"/>
  <testcase name="verifyWithInvalidData" classname="com.qa.rest.tests.TestWeatherAPIWithDataProvider" time="0.131"/>
  <testcase name="verifyWithInvalidData" classname="com.qa.rest.tests.TestWeatherAPIWithDataProvider" time="0.148"/>
  <testcase name="verifyWithInvalidData" classname="com.qa.rest.tests.TestWeatherAPIWithDataProvider" time="0.147"/>
  <testcase name="verifyWithInvalidData" classname="com.qa.rest.tests.TestWeatherAPIWithDataProvider" time="0.132"/>
  <testcase name="verifyWithInvalidData" classname="com.qa.rest.tests.TestWeatherAPIWithDataProvider" time="0.132"/>
  <testcase name="verifyWithInvalidData" classname="com.qa.rest.tests.TestWeatherAPIWithDataProvider" time="0.132"/>
  <testcase name="verifyWithInvalidData" classname="com.qa.rest.tests.TestWeatherAPIWithDataProvider" time="0.247"/>
</testsuite>