<?xml version="1.0" encoding="UTF-8"?>
<testng-results ignored="0" total="65" passed="65" failed="0" skipped="0">
  <reporter-output>
    <line>
      <![CDATA[Response is :- {"coord":{"lon":77.6,"lat":12.98},"weather":[{"id":804,"main":"Clouds","description":"overcast clouds","icon":"04d"}],"base":"stations","main":{"temp":300.63,"pressure":1016,"humidity":61,"temp_min":298.15,"temp_max":303.71},"visibility":8000,"wind":{"speed":4.6,"deg":250},"clouds":{"all":93},"dt":1556943591,"sys":{"type":1,"id":9205,"message":0.0058,"country":"IN","sunrise":1556929670,"sunset":1556975094},"id":1277333,"name":"Bangalore","cod":200}]]>
    </line>
    <line>
      <![CDATA[Verified the Status code successfully. 200]]>
    </line>
    <line>
      <![CDATA[Verified the Country code successfully. ]]>
    </line>
    <line>
      <![CDATA[Verified the City name successfully. ]]>
    </line>
    <line>
      <![CDATA[Response is - {"cod":"404","message":"city not found"}]]>
    </line>
    <line>
      <![CDATA[Verified the error message successfully.]]>
    </line>
    <line>
      <![CDATA[Response is - {"cod":401, "message": "Invalid API key. Please see http://openweathermap.org/faq#error401 for more info."}]]>
    </line>
    <line>
      <![CDATA[Verified the error message successfully.]]>
    </line>
    <line>
      <![CDATA[Response is :- {"coord":{"lon":77.22,"lat":28.65},"weather":[{"id":721,"main":"Haze","description":"haze","icon":"50d"}],"base":"stations","main":{"temp":303.79,"pressure":1009,"humidity":51,"temp_min":302.15,"temp_max":305.93},"visibility":3000,"wind":{"speed":1.5,"deg":260},"clouds":{"all":0},"dt":1556943307,"sys":{"type":1,"id":9161,"message":0.0066,"country":"IN","sunrise":1556928497,"sunset":1556976450},"id":1273294,"name":"Delhi","cod":200}]]>
    </line>
    <line>
      <![CDATA[Verified the Status code successfully. 200]]>
    </line>
    <line>
      <![CDATA[Verified the Country code successfully. ]]>
    </line>
    <line>
      <![CDATA[Verified the City name successfully. ]]>
    </line>
    <line>
      <![CDATA[Test case name is: Verify 'Bangalore, IN' City info]]>
    </line>
    <line>
      <![CDATA[Response is {"coord":{"lon":77.6,"lat":12.98},"weather":[{"id":804,"main":"Clouds","description":"overcast clouds","icon":"04d"}],"base":"stations","main":{"temp":300.63,"pressure":1016,"humidity":61,"temp_min":298.15,"temp_max":303.71},"visibility":8000,"wind":{"speed":4.6,"deg":250},"clouds":{"all":93},"dt":1556943591,"sys":{"type":1,"id":9205,"message":0.0058,"country":"IN","sunrise":1556929670,"sunset":1556975094},"id":1277333,"name":"Bangalore","cod":200}]]>
    </line>
    <line>
      <![CDATA[Verified the status code successfully.]]>
    </line>
    <line>
      <![CDATA[Country code has verified successfully.]]>
    </line>
    <line>
      <![CDATA[City name has verified successfully.]]>
    </line>
    <line>
      <![CDATA[Test case name is: Verify 'Delhi, IN' City info]]>
    </line>
    <line>
      <![CDATA[Response is {"coord":{"lon":77.22,"lat":28.65},"weather":[{"id":721,"main":"Haze","description":"haze","icon":"50d"}],"base":"stations","main":{"temp":303.79,"pressure":1009,"humidity":51,"temp_min":302.15,"temp_max":305.93},"visibility":3000,"wind":{"speed":1.5,"deg":260},"clouds":{"all":0},"dt":1556943307,"sys":{"type":1,"id":9161,"message":0.0055,"country":"IN","sunrise":1556928497,"sunset":1556976450},"id":1273294,"name":"Delhi","cod":200}]]>
    </line>
    <line>
      <![CDATA[Verified the status code successfully.]]>
    </line>
    <line>
      <![CDATA[Country code has verified successfully.]]>
    </line>
    <line>
      <![CDATA[City name has verified successfully.]]>
    </line>
    <line>
      <![CDATA[Test case name is: Verify 'Agra, IN' City info]]>
    </line>
    <line>
      <![CDATA[Response is {"coord":{"lon":78.01,"lat":27.18},"weather":[{"id":801,"main":"Clouds","description":"few clouds","icon":"02d"}],"base":"stations","main":{"temp":307.15,"pressure":1008,"humidity":24,"temp_min":307.15,"temp_max":307.15},"visibility":6000,"wind":{"speed":2.6,"deg":360},"clouds":{"all":20},"dt":1556940600,"sys":{"type":1,"id":9141,"message":0.0047,"country":"IN","sunrise":1556928440,"sunset":1556976128},"id":1279259,"name":"Agra","cod":200}]]>
    </line>
    <line>
      <![CDATA[Verified the status code successfully.]]>
    </line>
    <line>
      <![CDATA[Country code has verified successfully.]]>
    </line>
    <line>
      <![CDATA[City name has verified successfully.]]>
    </line>
    <line>
      <![CDATA[Test case name is: Verify 'Mumbai, IN' City info]]>
    </line>
    <line>
      <![CDATA[Response is {"coord":{"lon":72.85,"lat":19.01},"weather":[{"id":721,"main":"Haze","description":"haze","icon":"50d"}],"base":"stations","main":{"temp":303.65,"pressure":1012,"humidity":62,"temp_min":303.15,"temp_max":304.15},"visibility":4000,"wind":{"speed":3.6,"deg":240},"clouds":{"all":40},"dt":1556940600,"sys":{"type":1,"id":9052,"message":0.0045,"country":"IN","sunrise":1556930357,"sunset":1556976688},"id":1275339,"name":"Mumbai","cod":200}]]>
    </line>
    <line>
      <![CDATA[Verified the status code successfully.]]>
    </line>
    <line>
      <![CDATA[Country code has verified successfully.]]>
    </line>
    <line>
      <![CDATA[City name has verified successfully.]]>
    </line>
    <line>
      <![CDATA[Test case name is: Verify 'Nodia, IN' City info]]>
    </line>
    <line>
      <![CDATA[Response is {"coord":{"lon":77.35,"lat":28.57},"weather":[{"id":721,"main":"Haze","description":"haze","icon":"50d"}],"base":"stations","main":{"temp":303.79,"pressure":1009,"humidity":51,"temp_min":302.15,"temp_max":305.93},"visibility":3000,"wind":{"speed":1.5,"deg":260},"clouds":{"all":0},"dt":1556943307,"sys":{"type":1,"id":9161,"message":0.0066,"country":"IN","sunrise":1556928473,"sunset":1556976412},"id":7279746,"name":"Noida","cod":200}]]>
    </line>
    <line>
      <![CDATA[Verified the status code successfully.]]>
    </line>
    <line>
      <![CDATA[Country code has verified successfully.]]>
    </line>
    <line>
      <![CDATA[City name has verified successfully.]]>
    </line>
    <line>
      <![CDATA[Test case name is: Verify 'Mysore, IN' City info]]>
    </line>
    <line>
      <![CDATA[Response is {"coord":{"lon":76.65,"lat":12.31},"weather":[{"id":804,"main":"Clouds","description":"overcast clouds","icon":"04d"}],"base":"stations","main":{"temp":297.97,"pressure":1012.83,"humidity":56,"temp_min":297.97,"temp_max":297.97,"sea_level":1012.83,"grnd_level":925.39},"wind":{"speed":2.92,"deg":273.235},"clouds":{"all":100},"dt":1556943904,"sys":{"message":0.0045,"country":"IN","sunrise":1556929947,"sunset":1556975274},"id":1262321,"name":"Mysore","cod":200}]]>
    </line>
    <line>
      <![CDATA[Verified the status code successfully.]]>
    </line>
    <line>
      <![CDATA[Country code has verified successfully.]]>
    </line>
    <line>
      <![CDATA[City name has verified successfully.]]>
    </line>
    <line>
      <![CDATA[Test case name is: Verify 'Patna, IN' City info]]>
    </line>
    <line>
      <![CDATA[Response is {"coord":{"lon":85.12,"lat":25.61},"weather":[{"id":701,"main":"Mist","description":"mist","icon":"50d"}],"base":"stations","main":{"temp":300.15,"pressure":1007,"humidity":69,"temp_min":300.15,"temp_max":300.15},"visibility":3000,"wind":{"speed":1,"deg":170},"clouds":{"all":75},"dt":1556940600,"sys":{"type":1,"id":9129,"message":0.0059,"country":"IN","sunrise":1556926873,"sunset":1556974283},"id":1260086,"name":"Patna","cod":200}]]>
    </line>
    <line>
      <![CDATA[Verified the status code successfully.]]>
    </line>
    <line>
      <![CDATA[Country code has verified successfully.]]>
    </line>
    <line>
      <![CDATA[City name has verified successfully.]]>
    </line>
    <line>
      <![CDATA[Test case name is: Verify 'KolKata, IN' City info]]>
    </line>
    <line>
      <![CDATA[Response is {"coord":{"lon":88.35,"lat":22.57},"weather":[{"id":500,"main":"Rain","description":"light rain","icon":"10d"}],"base":"stations","main":{"temp":297.15,"pressure":1002,"humidity":94,"temp_min":297.15,"temp_max":297.15},"visibility":3200,"wind":{"speed":7.2,"deg":240},"clouds":{"all":90},"dt":1556940600,"sys":{"type":1,"id":9114,"message":0.0046,"country":"IN","sunrise":1556926354,"sunset":1556973251},"id":1275004,"name":"Kolkata","cod":200}]]>
    </line>
    <line>
      <![CDATA[Verified the status code successfully.]]>
    </line>
    <line>
      <![CDATA[Country code has verified successfully.]]>
    </line>
    <line>
      <![CDATA[City name has verified successfully.]]>
    </line>
    <line>
      <![CDATA[Test case name is: Verify 'Hydrabad, IN' City info]]>
    </line>
    <line>
      <![CDATA[Response is {"coord":{"lon":78.47,"lat":17.36},"weather":[{"id":802,"main":"Clouds","description":"scattered clouds","icon":"03d"}],"base":"stations","main":{"temp":304.89,"pressure":1013,"humidity":38,"temp_min":304.15,"temp_max":305.37},"visibility":6000,"wind":{"speed":5.1,"deg":310},"clouds":{"all":40},"dt":1556943303,"sys":{"type":1,"id":9214,"message":0.0077,"country":"IN","sunrise":1556929136,"sunset":1556975211},"id":1269843,"name":"Hyderabad","cod":200}]]>
    </line>
    <line>
      <![CDATA[Verified the status code successfully.]]>
    </line>
    <line>
      <![CDATA[Country code has verified successfully.]]>
    </line>
    <line>
      <![CDATA[City name has verified successfully.]]>
    </line>
    <line>
      <![CDATA[Test case name is: Verify 'Lokhnow, IN' City info]]>
    </line>
    <line>
      <![CDATA[Response is {"coord":{"lon":80.93,"lat":26.84},"weather":[{"id":721,"main":"Haze","description":"haze","icon":"50d"}],"base":"stations","main":{"temp":301.15,"pressure":1008,"humidity":65,"temp_min":301.15,"temp_max":301.15},"visibility":3000,"wind":{"speed":2.6,"deg":120},"clouds":{"all":75},"dt":1556940600,"sys":{"type":1,"id":9176,"message":0.0054,"country":"IN","sunrise":1556927770,"sunset":1556975396},"id":1264733,"name":"Lucknow","cod":200}]]>
    </line>
    <line>
      <![CDATA[Verified the status code successfully.]]>
    </line>
    <line>
      <![CDATA[Country code has verified successfully.]]>
    </line>
    <line>
      <![CDATA[City name has verified successfully.]]>
    </line>
    <line>
      <![CDATA[Test case name is: Verify 'Ahmedabad, IN' City info]]>
    </line>
    <line>
      <![CDATA[Response is {"coord":{"lon":72.58,"lat":23.02},"weather":[{"id":711,"main":"Smoke","description":"smoke","icon":"50d"}],"base":"stations","main":{"temp":303.15,"pressure":1010,"humidity":48,"temp_min":303.15,"temp_max":303.15},"visibility":4000,"wind":{"speed":4.1,"deg":250},"clouds":{"all":0},"dt":1556940600,"sys":{"type":1,"id":9049,"message":0.0047,"country":"IN","sunrise":1556930100,"sunset":1556977074},"id":1279233,"name":"Ahmedabad","cod":200}]]>
    </line>
    <line>
      <![CDATA[Verified the status code successfully.]]>
    </line>
    <line>
      <![CDATA[Country code has verified successfully.]]>
    </line>
    <line>
      <![CDATA[City name has verified successfully.]]>
    </line>
    <line>
      <![CDATA[Test case name is: Verify 'Chennai, IN' City info]]>
    </line>
    <line>
      <![CDATA[Response is {"coord":{"lon":80.28,"lat":13.09},"weather":[{"id":802,"main":"Clouds","description":"scattered clouds","icon":"03d"}],"base":"stations","main":{"temp":306.75,"pressure":1009,"humidity":59,"temp_min":306.48,"temp_max":307.15},"visibility":6000,"wind":{"speed":4.1,"deg":240},"clouds":{"all":40},"dt":1556940830,"sys":{"type":1,"id":9218,"message":0.006,"country":"IN","sunrise":1556929019,"sunset":1556974459},"id":1264527,"name":"Chennai","cod":200}]]>
    </line>
    <line>
      <![CDATA[Verified the status code successfully.]]>
    </line>
    <line>
      <![CDATA[Country code has verified successfully.]]>
    </line>
    <line>
      <![CDATA[City name has verified successfully.]]>
    </line>
    <line>
      <![CDATA[Test case name is: Verify 'Texas, US' City info]]>
    </line>
    <line>
      <![CDATA[Response is {"coord":{"lon":-91.14,"lat":30.17},"weather":[{"id":803,"main":"Clouds","description":"broken clouds","icon":"04n"}],"base":"stations","main":{"temp":296.19,"pressure":1013,"humidity":78,"temp_min":294.82,"temp_max":297.59},"visibility":16093,"wind":{"speed":2.25,"deg":214.94},"clouds":{"all":75},"dt":1556943906,"sys":{"type":1,"id":5666,"message":0.0055,"country":"US","sunrise":1556882388,"sunset":1556930578},"id":4325507,"name":"Texas","cod":200}]]>
    </line>
    <line>
      <![CDATA[Verified the status code successfully.]]>
    </line>
    <line>
      <![CDATA[Country code has verified successfully.]]>
    </line>
    <line>
      <![CDATA[City name has verified successfully.]]>
    </line>
    <line>
      <![CDATA[Test case name is: Verify 'Chicago, US' City info]]>
    </line>
    <line>
      <![CDATA[Response is {"coord":{"lon":-87.62,"lat":41.88},"weather":[{"id":501,"main":"Rain","description":"moderate rain","icon":"10n"}],"base":"stations","main":{"temp":279.8,"pressure":1018,"humidity":93,"temp_min":278.15,"temp_max":281.15},"visibility":16093,"wind":{"speed":3.6,"deg":330},"rain":{"1h":0.25},"clouds":{"all":90},"dt":1556943813,"sys":{"type":1,"id":4505,"message":0.0088,"country":"US","sunrise":1556880255,"sunset":1556931021},"id":4887398,"name":"Chicago","cod":200}]]>
    </line>
    <line>
      <![CDATA[Verified the status code successfully.]]>
    </line>
    <line>
      <![CDATA[Country code has verified successfully.]]>
    </line>
    <line>
      <![CDATA[City name has verified successfully.]]>
    </line>
    <line>
      <![CDATA[Test case name is: Verify 'Houston, US' City info]]>
    </line>
    <line>
      <![CDATA[Response is {"coord":{"lon":-95.37,"lat":29.76},"weather":[{"id":804,"main":"Clouds","description":"overcast clouds","icon":"04n"}],"base":"stations","main":{"temp":295.81,"pressure":1011,"humidity":94,"temp_min":294.82,"temp_max":297.04},"visibility":14484,"wind":{"speed":3.61,"deg":168.317},"clouds":{"all":90},"dt":1556943854,"sys":{"type":1,"id":4850,"message":0.0092,"country":"US","sunrise":1556883441,"sunset":1556931555},"id":4699066,"name":"Houston","cod":200}]]>
    </line>
    <line>
      <![CDATA[Verified the status code successfully.]]>
    </line>
    <line>
      <![CDATA[Country code has verified successfully.]]>
    </line>
    <line>
      <![CDATA[City name has verified successfully.]]>
    </line>
    <line>
      <![CDATA[Test case name is: Verify 'Los Angeles, US' City info]]>
    </line>
    <line>
      <![CDATA[Response is {"coord":{"lon":-118.24,"lat":34.05},"weather":[{"id":803,"main":"Clouds","description":"broken clouds","icon":"04n"}],"base":"stations","main":{"temp":289.21,"pressure":1013,"humidity":77,"temp_min":287.59,"temp_max":290.93},"visibility":16093,"wind":{"speed":1.5},"clouds":{"all":75},"dt":1556943906,"sys":{"type":1,"id":3694,"message":0.0103,"country":"US","sunrise":1556888506,"sunset":1556937467},"id":5368361,"name":"Los Angeles","cod":200}]]>
    </line>
    <line>
      <![CDATA[Verified the status code successfully.]]>
    </line>
    <line>
      <![CDATA[Country code has verified successfully.]]>
    </line>
    <line>
      <![CDATA[City name has verified successfully.]]>
    </line>
    <line>
      <![CDATA[Test case name is: Verify 'Philadelphia, US' City info]]>
    </line>
    <line>
      <![CDATA[Response is {"coord":{"lon":-75.16,"lat":39.95},"weather":[{"id":502,"main":"Rain","description":"heavy intensity rain","icon":"10n"},{"id":211,"main":"Thunderstorm","description":"thunderstorm","icon":"11n"},{"id":701,"main":"Mist","description":"mist","icon":"50n"}],"base":"stations","main":{"temp":287.13,"pressure":1017,"humidity":93,"temp_min":285.37,"temp_max":289.26},"visibility":16093,"wind":{"speed":2.1,"deg":330},"rain":{"1h":2.54},"clouds":{"all":90},"dt":1556943666,"sys":{"type":1,"id":4743,"message":0.0095,"country":"US","sunrise":1556963841,"sunset":1557014245},"id":4560349,"name":"Philadelphia","cod":200}]]>
    </line>
    <line>
      <![CDATA[Verified the status code successfully.]]>
    </line>
    <line>
      <![CDATA[Country code has verified successfully.]]>
    </line>
    <line>
      <![CDATA[City name has verified successfully.]]>
    </line>
    <line>
      <![CDATA[Test case name is: Verify 'Edinburgh, GB' City info]]>
    </line>
    <line>
      <![CDATA[Response is {"coord":{"lon":-3.19,"lat":55.95},"weather":[{"id":800,"main":"Clear","description":"clear sky","icon":"01d"}],"base":"stations","main":{"temp":274.52,"pressure":1022,"humidity":80,"temp_min":272.04,"temp_max":276.48},"visibility":10000,"wind":{"speed":2.6,"deg":270},"clouds":{"all":0},"dt":1556943874,"sys":{"type":1,"id":1442,"message":0.0062,"country":"GB","sunrise":1556943782,"sunset":1556999760},"id":2650225,"name":"Edinburgh","cod":200}]]>
    </line>
    <line>
      <![CDATA[Verified the status code successfully.]]>
    </line>
    <line>
      <![CDATA[Country code has verified successfully.]]>
    </line>
    <line>
      <![CDATA[City name has verified successfully.]]>
    </line>
    <line>
      <![CDATA[Test case name is: Verify 'Glasgow, GB' City info]]>
    </line>
    <line>
      <![CDATA[Response is {"coord":{"lon":-4.24,"lat":55.86},"weather":[{"id":801,"main":"Clouds","description":"few clouds","icon":"02n"}],"base":"stations","main":{"temp":274.41,"pressure":1023,"humidity":69,"temp_min":272.59,"temp_max":275.93},"visibility":10000,"wind":{"speed":1},"clouds":{"all":11},"dt":1556943796,"sys":{"type":1,"id":1441,"message":0.0049,"country":"GB","sunrise":1556944057,"sunset":1556999989},"id":2648579,"name":"Glasgow","cod":200}]]>
    </line>
    <line>
      <![CDATA[Verified the status code successfully.]]>
    </line>
    <line>
      <![CDATA[Country code has verified successfully.]]>
    </line>
    <line>
      <![CDATA[City name has verified successfully.]]>
    </line>
    <line>
      <![CDATA[Test case name is: Verify 'Moscow, RU' City info]]>
    </line>
    <line>
      <![CDATA[Response is {"coord":{"lon":37.62,"lat":55.75},"weather":[{"id":800,"main":"Clear","description":"clear sky","icon":"01d"}],"base":"stations","main":{"temp":280.44,"pressure":1007,"humidity":70,"temp_min":279.15,"temp_max":281.15},"visibility":10000,"wind":{"speed":2,"deg":320},"clouds":{"all":0},"dt":1556942708,"sys":{"type":1,"id":9029,"message":0.0057,"country":"RU","sunrise":1556934053,"sunset":1556989901},"id":524901,"name":"Moscow","cod":200}]]>
    </line>
    <line>
      <![CDATA[Verified the status code successfully.]]>
    </line>
    <line>
      <![CDATA[Country code has verified successfully.]]>
    </line>
    <line>
      <![CDATA[City name has verified successfully.]]>
    </line>
    <line>
      <![CDATA[Test case name is: Verify 'Tokyo, JP' City info]]>
    </line>
    <line>
      <![CDATA[Response is {"coord":{"lon":139.76,"lat":35.68},"weather":[{"id":801,"main":"Clouds","description":"few clouds","icon":"02d"}],"base":"stations","main":{"temp":296.56,"pressure":1017,"humidity":68,"temp_min":294.82,"temp_max":298.71},"visibility":10000,"wind":{"speed":2.1,"deg":60},"clouds":{"all":20},"dt":1556943905,"sys":{"type":1,"id":8074,"message":0.0065,"country":"JP","sunrise":1556912796,"sunset":1556962134},"id":1850147,"name":"Tokyo","cod":200}]]>
    </line>
    <line>
      <![CDATA[Verified the status code successfully.]]>
    </line>
    <line>
      <![CDATA[Country code has verified successfully.]]>
    </line>
    <line>
      <![CDATA[City name has verified successfully.]]>
    </line>
    <line>
      <![CDATA[Test case name is: Verify 'Madrid, ES' City info]]>
    </line>
    <line>
      <![CDATA[Response is {"coord":{"lon":-3.7,"lat":40.42},"weather":[{"id":800,"main":"Clear","description":"clear sky","icon":"01n"}],"base":"stations","main":{"temp":278.42,"pressure":1015,"humidity":75,"temp_min":276.48,"temp_max":280.93},"visibility":10000,"wind":{"speed":1.5,"deg":360},"clouds":{"all":0},"dt":1556943786,"sys":{"type":1,"id":6421,"message":0.0063,"country":"ES","sunrise":1556946645,"sunset":1556997141},"id":3117735,"name":"Madrid","cod":200}]]>
    </line>
    <line>
      <![CDATA[Verified the status code successfully.]]>
    </line>
    <line>
      <![CDATA[Country code has verified successfully.]]>
    </line>
    <line>
      <![CDATA[City name has verified successfully.]]>
    </line>
    <line>
      <![CDATA[Test case name is: Verify 'Zurich, CH' City info]]>
    </line>
    <line>
      <![CDATA[Response is {"coord":{"lon":8.54,"lat":47.37},"weather":[{"id":701,"main":"Mist","description":"mist","icon":"50d"}],"base":"stations","main":{"temp":278.26,"pressure":1008,"humidity":100,"temp_min":275.37,"temp_max":280.37},"wind":{"speed":1},"clouds":{"all":90},"dt":1556943740,"sys":{"type":1,"id":6932,"message":0.0065,"country":"CH","sunrise":1556942713,"sunset":1556995198},"id":2657896,"name":"Zurich","cod":200}]]>
    </line>
    <line>
      <![CDATA[Verified the status code successfully.]]>
    </line>
    <line>
      <![CDATA[Country code has verified successfully.]]>
    </line>
    <line>
      <![CDATA[City name has verified successfully.]]>
    </line>
    <line>
      <![CDATA[Test case name is: Verify 'Rome, IT' City info]]>
    </line>
    <line>
      <![CDATA[Response is {"coord":{"lon":12.48,"lat":41.89},"weather":[{"id":500,"main":"Rain","description":"light rain","icon":"10d"}],"base":"stations","main":{"temp":284.88,"pressure":1005,"humidity":93,"temp_min":282.04,"temp_max":287.59},"visibility":10000,"wind":{"speed":2.6,"deg":40},"clouds":{"all":75},"dt":1556943819,"sys":{"type":1,"id":6792,"message":0.0088,"country":"IT","sunrise":1556942575,"sunset":1556993446},"id":6539761,"name":"Rome","cod":200}]]>
    </line>
    <line>
      <![CDATA[Verified the status code successfully.]]>
    </line>
    <line>
      <![CDATA[Country code has verified successfully.]]>
    </line>
    <line>
      <![CDATA[City name has verified successfully.]]>
    </line>
    <line>
      <![CDATA[Test case name is: Verify 'Bangkok, TH' City info]]>
    </line>
    <line>
      <![CDATA[Response is {"coord":{"lon":100.49,"lat":13.75},"weather":[{"id":801,"main":"Clouds","description":"few clouds","icon":"02d"}],"base":"stations","main":{"temp":309.23,"pressure":1010,"humidity":53,"temp_min":308.15,"temp_max":309.82},"visibility":10000,"wind":{"speed":4.1,"deg":280},"clouds":{"all":20},"dt":1556943721,"sys":{"type":1,"id":9235,"message":0.0056,"country":"TH","sunrise":1556924122,"sunset":1556969656},"id":1609350,"name":"Bangkok","cod":200}]]>
    </line>
    <line>
      <![CDATA[Verified the status code successfully.]]>
    </line>
    <line>
      <![CDATA[Country code has verified successfully.]]>
    </line>
    <line>
      <![CDATA[City name has verified successfully.]]>
    </line>
    <line>
      <![CDATA[Test case name is: Verify 'Sidney, US' City info]]>
    </line>
    <line>
      <![CDATA[Response is {"coord":{"lon":-102.98,"lat":41.14},"weather":[{"id":802,"main":"Clouds","description":"scattered clouds","icon":"03n"}],"base":"stations","main":{"temp":281.05,"pressure":1016,"humidity":65,"temp_min":279.26,"temp_max":283.15},"visibility":16093,"wind":{"speed":3.6,"deg":130},"clouds":{"all":40},"dt":1556943412,"sys":{"type":1,"id":5882,"message":0.0054,"country":"US","sunrise":1556884034,"sunset":1556934614},"id":5699552,"name":"Sidney","cod":200}]]>
    </line>
    <line>
      <![CDATA[Verified the status code successfully.]]>
    </line>
    <line>
      <![CDATA[Country code has verified successfully.]]>
    </line>
    <line>
      <![CDATA[City name has verified successfully.]]>
    </line>
    <line>
      <![CDATA[Test case name is: Verify 'Singapore, MY' City info]]>
    </line>
    <line>
      <![CDATA[Response is {"coord":{"lon":103.85,"lat":1.29},"weather":[{"id":211,"main":"Thunderstorm","description":"thunderstorm","icon":"11d"}],"base":"stations","main":{"temp":304.21,"pressure":1012,"humidity":70,"temp_min":302.15,"temp_max":306.48},"visibility":6000,"wind":{"speed":2.1,"deg":180},"clouds":{"all":40},"dt":1556943089,"sys":{"type":1,"id":9470,"message":0.0053,"country":"MY","sunrise":1556924188,"sunset":1556967978},"id":1880252,"name":"Singapore","cod":200}]]>
    </line>
    <line>
      <![CDATA[Verified the status code successfully.]]>
    </line>
    <line>
      <![CDATA[Country code has verified successfully.]]>
    </line>
    <line>
      <![CDATA[City name has verified successfully.]]>
    </line>
    <line>
      <![CDATA[Test case name is: Verify 'Dubai, AE' City info]]>
    </line>
    <line>
      <![CDATA[Response is {"coord":{"lon":55.3,"lat":25.27},"weather":[{"id":741,"main":"Fog","description":"fog","icon":"50d"},{"id":701,"main":"Mist","description":"mist","icon":"50d"},{"id":721,"main":"Haze","description":"haze","icon":"50d"}],"base":"stations","main":{"temp":295.9,"pressure":1009,"humidity":94,"temp_min":295.15,"temp_max":296.15},"visibility":1500,"wind":{"speed":1.5,"deg":250},"clouds":{"all":75},"dt":1556938800,"sys":{"type":1,"id":7537,"message":0.0051,"country":"AE","sunrise":1556934055,"sunset":1556981413},"id":292223,"name":"Dubai","cod":200}]]>
    </line>
    <line>
      <![CDATA[Verified the status code successfully.]]>
    </line>
    <line>
      <![CDATA[Country code has verified successfully.]]>
    </line>
    <line>
      <![CDATA[City name has verified successfully.]]>
    </line>
    <line>
      <![CDATA[Test case name is: Verify 'Cairo, EG' City info]]>
    </line>
    <line>
      <![CDATA[Response is {"coord":{"lon":31.24,"lat":30.05},"weather":[{"id":802,"main":"Clouds","description":"scattered clouds","icon":"03d"}],"base":"stations","main":{"temp":289.96,"pressure":1015,"humidity":72,"temp_min":289.82,"temp_max":290.15},"visibility":10000,"wind":{"speed":2.6,"deg":80},"clouds":{"all":40},"dt":1556943187,"sys":{"type":1,"id":2514,"message":0.005,"country":"EG","sunrise":1556939395,"sunset":1556987621},"id":360630,"name":"Cairo","cod":200}]]>
    </line>
    <line>
      <![CDATA[Verified the status code successfully.]]>
    </line>
    <line>
      <![CDATA[Country code has verified successfully.]]>
    </line>
    <line>
      <![CDATA[City name has verified successfully.]]>
    </line>
    <line>
      <![CDATA[Test case name is: Verify 'Amsterdam, NL' City info]]>
    </line>
    <line>
      <![CDATA[Response is {"coord":{"lon":4.89,"lat":52.37},"weather":[{"id":521,"main":"Rain","description":"shower rain","icon":"09d"}],"base":"stations","main":{"temp":277.69,"pressure":1010,"humidity":80,"temp_min":275.93,"temp_max":279.26},"visibility":10000,"wind":{"speed":4.1,"deg":320},"clouds":{"all":20},"dt":1556943793,"sys":{"type":1,"id":1524,"message":0.0077,"country":"NL","sunrise":1556942668,"sunset":1556996996},"id":2759794,"name":"Amsterdam","cod":200}]]>
    </line>
    <line>
      <![CDATA[Verified the status code successfully.]]>
    </line>
    <line>
      <![CDATA[Country code has verified successfully.]]>
    </line>
    <line>
      <![CDATA[City name has verified successfully.]]>
    </line>
    <line>
      <![CDATA[Test case name is: Verify 'Bangalore, IN' City info]]>
    </line>
    <line>
      <![CDATA[Response is : {"cod":"404","message":"city not found"}]]>
    </line>
    <line>
      <![CDATA[Verified the error message successfully.]]>
    </line>
    <line>
      <![CDATA[Test case name is: Verify 'Delhi, IN' City info]]>
    </line>
    <line>
      <![CDATA[Response is : {"cod":"404","message":"city not found"}]]>
    </line>
    <line>
      <![CDATA[Verified the error message successfully.]]>
    </line>
    <line>
      <![CDATA[Test case name is: Verify 'Agra, IN' City info]]>
    </line>
    <line>
      <![CDATA[Response is : {"cod":"404","message":"city not found"}]]>
    </line>
    <line>
      <![CDATA[Verified the error message successfully.]]>
    </line>
    <line>
      <![CDATA[Test case name is: Verify 'Mumbai, IN' City info]]>
    </line>
    <line>
      <![CDATA[Response is : {"cod":"404","message":"city not found"}]]>
    </line>
    <line>
      <![CDATA[Verified the error message successfully.]]>
    </line>
    <line>
      <![CDATA[Test case name is: Verify 'Nodia, IN' City info]]>
    </line>
    <line>
      <![CDATA[Response is : {"cod":"404","message":"city not found"}]]>
    </line>
    <line>
      <![CDATA[Verified the error message successfully.]]>
    </line>
    <line>
      <![CDATA[Test case name is: Verify 'Mysore, IN' City info]]>
    </line>
    <line>
      <![CDATA[Response is : {"cod":"404","message":"city not found"}]]>
    </line>
    <line>
      <![CDATA[Verified the error message successfully.]]>
    </line>
    <line>
      <![CDATA[Test case name is: Verify 'Patna, IN' City info]]>
    </line>
    <line>
      <![CDATA[Response is : {"cod":"404","message":"city not found"}]]>
    </line>
    <line>
      <![CDATA[Verified the error message successfully.]]>
    </line>
    <line>
      <![CDATA[Test case name is: Verify 'KolKata, IN' City info]]>
    </line>
    <line>
      <![CDATA[Response is : {"cod":"404","message":"city not found"}]]>
    </line>
    <line>
      <![CDATA[Verified the error message successfully.]]>
    </line>
    <line>
      <![CDATA[Test case name is: Verify 'Hydrabad, IN' City info]]>
    </line>
    <line>
      <![CDATA[Response is : {"cod":401, "message": "Invalid API key. Please see http://openweathermap.org/faq#error401 for more info."}]]>
    </line>
    <line>
      <![CDATA[Verified the error message successfully.]]>
    </line>
    <line>
      <![CDATA[Test case name is: Verify 'Lokhnow, IN' City info]]>
    </line>
    <line>
      <![CDATA[Response is : {"cod":401, "message": "Invalid API key. Please see http://openweathermap.org/faq#error401 for more info."}]]>
    </line>
    <line>
      <![CDATA[Verified the error message successfully.]]>
    </line>
    <line>
      <![CDATA[Test case name is: Verify 'Ahmedabad, IN' City info]]>
    </line>
    <line>
      <![CDATA[Response is : {"cod":401, "message": "Invalid API key. Please see http://openweathermap.org/faq#error401 for more info."}]]>
    </line>
    <line>
      <![CDATA[Verified the error message successfully.]]>
    </line>
    <line>
      <![CDATA[Test case name is: Verify 'Chennai, IN' City info]]>
    </line>
    <line>
      <![CDATA[Response is : {"cod":401, "message": "Invalid API key. Please see http://openweathermap.org/faq#error401 for more info."}]]>
    </line>
    <line>
      <![CDATA[Verified the error message successfully.]]>
    </line>
    <line>
      <![CDATA[Test case name is: Verify 'Texas, US' City info]]>
    </line>
    <line>
      <![CDATA[Response is : {"cod":401, "message": "Invalid API key. Please see http://openweathermap.org/faq#error401 for more info."}]]>
    </line>
    <line>
      <![CDATA[Verified the error message successfully.]]>
    </line>
    <line>
      <![CDATA[Test case name is: Verify 'Chicago, US' City info]]>
    </line>
    <line>
      <![CDATA[Response is : {"cod":401, "message": "Invalid API key. Please see http://openweathermap.org/faq#error401 for more info."}]]>
    </line>
    <line>
      <![CDATA[Verified the error message successfully.]]>
    </line>
    <line>
      <![CDATA[Test case name is: Verify 'Houston, US' City info]]>
    </line>
    <line>
      <![CDATA[Response is : {"cod":401, "message": "Invalid API key. Please see http://openweathermap.org/faq#error401 for more info."}]]>
    </line>
    <line>
      <![CDATA[Verified the error message successfully.]]>
    </line>
    <line>
      <![CDATA[Test case name is: Verify 'Los Angeles, US' City info]]>
    </line>
    <line>
      <![CDATA[Response is : {"cod":401, "message": "Invalid API key. Please see http://openweathermap.org/faq#error401 for more info."}]]>
    </line>
    <line>
      <![CDATA[Verified the error message successfully.]]>
    </line>
    <line>
      <![CDATA[Test case name is: Verify 'Philadelphia, US' City info]]>
    </line>
    <line>
      <![CDATA[Response is : {"cod":401, "message": "Invalid API key. Please see http://openweathermap.org/faq#error401 for more info."}]]>
    </line>
    <line>
      <![CDATA[Verified the error message successfully.]]>
    </line>
    <line>
      <![CDATA[Test case name is: Verify 'Edinburgh, GB' City info]]>
    </line>
    <line>
      <![CDATA[Response is : {"cod":401, "message": "Invalid API key. Please see http://openweathermap.org/faq#error401 for more info."}]]>
    </line>
    <line>
      <![CDATA[Verified the error message successfully.]]>
    </line>
    <line>
      <![CDATA[Test case name is: Verify 'Glasgow, GB' City info]]>
    </line>
    <line>
      <![CDATA[Response is : {"cod":401, "message": "Invalid API key. Please see http://openweathermap.org/faq#error401 for more info."}]]>
    </line>
    <line>
      <![CDATA[Verified the error message successfully.]]>
    </line>
    <line>
      <![CDATA[Test case name is: Verify 'Moscow, RU' City info]]>
    </line>
    <line>
      <![CDATA[Response is : {"cod":401, "message": "Invalid API key. Please see http://openweathermap.org/faq#error401 for more info."}]]>
    </line>
    <line>
      <![CDATA[Verified the error message successfully.]]>
    </line>
    <line>
      <![CDATA[Test case name is: Verify 'Tokyo, JP' City info]]>
    </line>
    <line>
      <![CDATA[Response is : {"cod":"404","message":"city not found"}]]>
    </line>
    <line>
      <![CDATA[Verified the error message successfully.]]>
    </line>
    <line>
      <![CDATA[Test case name is: Verify 'Madrid, ES' City info]]>
    </line>
    <line>
      <![CDATA[Response is : {"cod":"404","message":"city not found"}]]>
    </line>
    <line>
      <![CDATA[Verified the error message successfully.]]>
    </line>
    <line>
      <![CDATA[Test case name is: Verify 'Zurich, CH' City info]]>
    </line>
    <line>
      <![CDATA[Response is : {"cod":"404","message":"city not found"}]]>
    </line>
    <line>
      <![CDATA[Verified the error message successfully.]]>
    </line>
    <line>
      <![CDATA[Test case name is: Verify 'Rome, IT' City info]]>
    </line>
    <line>
      <![CDATA[Response is : {"cod":"404","message":"city not found"}]]>
    </line>
    <line>
      <![CDATA[Verified the error message successfully.]]>
    </line>
    <line>
      <![CDATA[Test case name is: Verify 'Bangkok, TH' City info]]>
    </line>
    <line>
      <![CDATA[Response is : {"cod":"404","message":"city not found"}]]>
    </line>
    <line>
      <![CDATA[Verified the error message successfully.]]>
    </line>
    <line>
      <![CDATA[Test case name is: Verify 'Sidney, US' City info]]>
    </line>
    <line>
      <![CDATA[Response is : {"cod":401, "message": "Invalid API key. Please see http://openweathermap.org/faq#error401 for more info."}]]>
    </line>
    <line>
      <![CDATA[Verified the error message successfully.]]>
    </line>
    <line>
      <![CDATA[Test case name is: Verify 'Singapore, MY' City info]]>
    </line>
    <line>
      <![CDATA[Response is : {"cod":401, "message": "Invalid API key. Please see http://openweathermap.org/faq#error401 for more info."}]]>
    </line>
    <line>
      <![CDATA[Verified the error message successfully.]]>
    </line>
    <line>
      <![CDATA[Test case name is: Verify 'Dubai, AE' City info]]>
    </line>
    <line>
      <![CDATA[Response is : {"cod":401, "message": "Invalid API key. Please see http://openweathermap.org/faq#error401 for more info."}]]>
    </line>
    <line>
      <![CDATA[Verified the error message successfully.]]>
    </line>
    <line>
      <![CDATA[Test case name is: Verify 'Cairo, EG' City info]]>
    </line>
    <line>
      <![CDATA[Response is : {"cod":401, "message": "Invalid API key. Please see http://openweathermap.org/faq#error401 for more info."}]]>
    </line>
    <line>
      <![CDATA[Verified the error message successfully.]]>
    </line>
    <line>
      <![CDATA[Test case name is: Verify 'Amsterdam, NL' City info]]>
    </line>
    <line>
      <![CDATA[Response is : {"cod":401, "message": "Invalid API key. Please see http://openweathermap.org/faq#error401 for more info."}]]>
    </line>
    <line>
      <![CDATA[Verified the error message successfully.]]>
    </line>
  </reporter-output>
  <suite started-at="2019-05-04T04:24:56Z" name="Surefire suite" finished-at="2019-05-04T04:25:21Z" duration-ms="24161">
    <groups>
    </groups>
    <test started-at="2019-05-04T04:24:56Z" name="Surefire test" finished-at="2019-05-04T04:25:21Z" duration-ms="24161">
      <class name="com.qa.rest.tests.TestCarRacingBDD">
        <test-method signature="test_numberOfCircuitsFor2017_Season()[pri:1, instance:com.qa.rest.tests.TestCarRacingBDD@3c22fc4c]" started-at="2019-05-04T04:24:57Z" name="test_numberOfCircuitsFor2017_Season" finished-at="2019-05-04T04:25:01Z" duration-ms="4176" status="PASS">
          <reporter-output>
          </reporter-output>
        </test-method> <!-- test_numberOfCircuitsFor2017_Season -->
      </class> <!-- com.qa.rest.tests.TestCarRacingBDD -->
      <class name="com.qa.rest.tests.TestWeatherAPI">
        <test-method signature="getWeatherOfBanglore()[pri:2, instance:com.qa.rest.tests.TestWeatherAPI@460d0a57]" started-at="2019-05-04T04:25:01Z" name="getWeatherOfBanglore" finished-at="2019-05-04T04:25:01Z" duration-ms="533" status="PASS">
          <reporter-output>
            <line>
              <![CDATA[Response is :- {"coord":{"lon":77.6,"lat":12.98},"weather":[{"id":804,"main":"Clouds","description":"overcast clouds","icon":"04d"}],"base":"stations","main":{"temp":300.63,"pressure":1016,"humidity":61,"temp_min":298.15,"temp_max":303.71},"visibility":8000,"wind":{"speed":4.6,"deg":250},"clouds":{"all":93},"dt":1556943591,"sys":{"type":1,"id":9205,"message":0.0058,"country":"IN","sunrise":1556929670,"sunset":1556975094},"id":1277333,"name":"Bangalore","cod":200}]]>
            </line>
            <line>
              <![CDATA[Verified the Status code successfully. 200]]>
            </line>
            <line>
              <![CDATA[Verified the Country code successfully. ]]>
            </line>
            <line>
              <![CDATA[Verified the City name successfully. ]]>
            </line>
          </reporter-output>
        </test-method> <!-- getWeatherOfBanglore -->
        <test-method is-config="true" signature="initiateFirst()[pri:0, instance:com.qa.rest.tests.TestWeatherAPI@460d0a57]" started-at="2019-05-04T04:25:01Z" name="initiateFirst" finished-at="2019-05-04T04:25:01Z" duration-ms="0" status="PASS">
          <reporter-output>
          </reporter-output>
        </test-method> <!-- initiateFirst -->
        <test-method is-config="true" signature="initiateFirst()[pri:0, instance:com.qa.rest.tests.TestWeatherAPI@460d0a57]" started-at="2019-05-04T04:25:01Z" name="initiateFirst" finished-at="2019-05-04T04:25:01Z" duration-ms="0" status="PASS">
          <reporter-output>
          </reporter-output>
        </test-method> <!-- initiateFirst -->
        <test-method signature="getWeatherBangaloreInvalidCity()[pri:3, instance:com.qa.rest.tests.TestWeatherAPI@460d0a57]" started-at="2019-05-04T04:25:01Z" name="getWeatherBangaloreInvalidCity" finished-at="2019-05-04T04:25:01Z" duration-ms="153" status="PASS">
          <reporter-output>
            <line>
              <![CDATA[Response is - {"cod":"404","message":"city not found"}]]>
            </line>
            <line>
              <![CDATA[Verified the error message successfully.]]>
            </line>
          </reporter-output>
        </test-method> <!-- getWeatherBangaloreInvalidCity -->
        <test-method signature="getWeatherBangaloreInvalidKey()[pri:4, instance:com.qa.rest.tests.TestWeatherAPI@460d0a57]" started-at="2019-05-04T04:25:01Z" name="getWeatherBangaloreInvalidKey" finished-at="2019-05-04T04:25:02Z" duration-ms="239" status="PASS">
          <reporter-output>
            <line>
              <![CDATA[Response is - {"cod":401, "message": "Invalid API key. Please see http://openweathermap.org/faq#error401 for more info."}]]>
            </line>
            <line>
              <![CDATA[Verified the error message successfully.]]>
            </line>
          </reporter-output>
        </test-method> <!-- getWeatherBangaloreInvalidKey -->
        <test-method is-config="true" signature="initiateFirst()[pri:0, instance:com.qa.rest.tests.TestWeatherAPI@460d0a57]" started-at="2019-05-04T04:25:01Z" name="initiateFirst" finished-at="2019-05-04T04:25:01Z" duration-ms="0" status="PASS">
          <reporter-output>
          </reporter-output>
        </test-method> <!-- initiateFirst -->
        <test-method signature="getWeatherOfDelhi()[pri:5, instance:com.qa.rest.tests.TestWeatherAPI@460d0a57]" started-at="2019-05-04T04:25:02Z" name="getWeatherOfDelhi" finished-at="2019-05-04T04:25:02Z" duration-ms="526" status="PASS">
          <reporter-output>
            <line>
              <![CDATA[Response is :- {"coord":{"lon":77.22,"lat":28.65},"weather":[{"id":721,"main":"Haze","description":"haze","icon":"50d"}],"base":"stations","main":{"temp":303.79,"pressure":1009,"humidity":51,"temp_min":302.15,"temp_max":305.93},"visibility":3000,"wind":{"speed":1.5,"deg":260},"clouds":{"all":0},"dt":1556943307,"sys":{"type":1,"id":9161,"message":0.0066,"country":"IN","sunrise":1556928497,"sunset":1556976450},"id":1273294,"name":"Delhi","cod":200}]]>
            </line>
            <line>
              <![CDATA[Verified the Status code successfully. 200]]>
            </line>
            <line>
              <![CDATA[Verified the Country code successfully. ]]>
            </line>
            <line>
              <![CDATA[Verified the City name successfully. ]]>
            </line>
          </reporter-output>
        </test-method> <!-- getWeatherOfDelhi -->
        <test-method is-config="true" signature="initiateFirst()[pri:0, instance:com.qa.rest.tests.TestWeatherAPI@460d0a57]" started-at="2019-05-04T04:25:02Z" name="initiateFirst" finished-at="2019-05-04T04:25:02Z" duration-ms="0" status="PASS">
          <reporter-output>
          </reporter-output>
        </test-method> <!-- initiateFirst -->
      </class> <!-- com.qa.rest.tests.TestWeatherAPI -->
      <class name="com.qa.rest.tests.TestWeatherAPIWithDataProvider">
        <test-method is-config="true" signature="beforeMethod(java.lang.reflect.Method)[pri:0, instance:com.qa.rest.tests.TestWeatherAPIWithDataProvider@47d90b9e]" started-at="2019-05-04T04:25:04Z" name="beforeMethod" finished-at="2019-05-04T04:25:04Z" duration-ms="163" status="PASS">
          <params>
            <param index="0">
              <value>
                <![CDATA[public void com.qa.rest.tests.TestWeatherAPIWithDataProvider.verifyWithValidData(java.util.Map)]]>
              </value>
            </param>
          </params>
          <reporter-output>
          </reporter-output>
        </test-method> <!-- beforeMethod -->
        <test-method signature="verifyWithValidData(java.util.Map)[pri:6, instance:com.qa.rest.tests.TestWeatherAPIWithDataProvider@47d90b9e]" started-at="2019-05-04T04:25:04Z" name="verifyWithValidData" data-provider="PositiveTestSenarios" finished-at="2019-05-04T04:25:04Z" duration-ms="354" status="PASS">
          <params>
            <param index="0">
              <value>
                <![CDATA[{Test Case Name=Verify 'Bangalore, IN' City info, City Name=Bangalore, App ID=14d92fb7c2c0cd897c5ce09935897c0d, Country Code=IN, Status Code=200}]]>
              </value>
            </param>
          </params>
          <reporter-output>
            <line>
              <![CDATA[Test case name is: Verify 'Bangalore, IN' City info]]>
            </line>
            <line>
              <![CDATA[Response is {"coord":{"lon":77.6,"lat":12.98},"weather":[{"id":804,"main":"Clouds","description":"overcast clouds","icon":"04d"}],"base":"stations","main":{"temp":300.63,"pressure":1016,"humidity":61,"temp_min":298.15,"temp_max":303.71},"visibility":8000,"wind":{"speed":4.6,"deg":250},"clouds":{"all":93},"dt":1556943591,"sys":{"type":1,"id":9205,"message":0.0058,"country":"IN","sunrise":1556929670,"sunset":1556975094},"id":1277333,"name":"Bangalore","cod":200}]]>
            </line>
            <line>
              <![CDATA[Verified the status code successfully.]]>
            </line>
            <line>
              <![CDATA[Country code has verified successfully.]]>
            </line>
            <line>
              <![CDATA[City name has verified successfully.]]>
            </line>
          </reporter-output>
        </test-method> <!-- verifyWithValidData -->
        <test-method is-config="true" signature="afterMethod(org.testng.ITestResult)[pri:0, instance:com.qa.rest.tests.TestWeatherAPIWithDataProvider@47d90b9e]" started-at="2019-05-04T04:25:04Z" name="afterMethod" finished-at="2019-05-04T04:25:05Z" duration-ms="416" status="PASS">
          <params>
            <param index="0">
              <value>
                <![CDATA[[TestResult name=verifyWithValidData status=SUCCESS method=TestWeatherAPIWithDataProvider.verifyWithValidData(java.util.Map)[pri:6, instance:com.qa.rest.tests.TestWeatherAPIWithDataProvider@47d90b9e] output=Test case name is: Verify 'Bangalore, IN' City info]]]>
              </value>
            </param>
          </params>
          <reporter-output>
          </reporter-output>
        </test-method> <!-- afterMethod -->
        <test-method is-config="true" signature="beforeMethod(java.lang.reflect.Method)[pri:0, instance:com.qa.rest.tests.TestWeatherAPIWithDataProvider@47d90b9e]" started-at="2019-05-04T04:25:05Z" name="beforeMethod" finished-at="2019-05-04T04:25:05Z" duration-ms="0" status="PASS">
          <params>
            <param index="0">
              <value>
                <![CDATA[public void com.qa.rest.tests.TestWeatherAPIWithDataProvider.verifyWithValidData(java.util.Map)]]>
              </value>
            </param>
          </params>
          <reporter-output>
          </reporter-output>
        </test-method> <!-- beforeMethod -->
        <test-method signature="verifyWithValidData(java.util.Map)[pri:6, instance:com.qa.rest.tests.TestWeatherAPIWithDataProvider@47d90b9e]" started-at="2019-05-04T04:25:05Z" name="verifyWithValidData" data-provider="PositiveTestSenarios" finished-at="2019-05-04T04:25:05Z" duration-ms="201" status="PASS">
          <params>
            <param index="0">
              <value>
                <![CDATA[{Test Case Name=Verify 'Delhi, IN' City info, City Name=Delhi, App ID=14d92fb7c2c0cd897c5ce09935897c0d, Country Code=IN, Status Code=200}]]>
              </value>
            </param>
          </params>
          <reporter-output>
            <line>
              <![CDATA[Test case name is: Verify 'Delhi, IN' City info]]>
            </line>
            <line>
              <![CDATA[Response is {"coord":{"lon":77.22,"lat":28.65},"weather":[{"id":721,"main":"Haze","description":"haze","icon":"50d"}],"base":"stations","main":{"temp":303.79,"pressure":1009,"humidity":51,"temp_min":302.15,"temp_max":305.93},"visibility":3000,"wind":{"speed":1.5,"deg":260},"clouds":{"all":0},"dt":1556943307,"sys":{"type":1,"id":9161,"message":0.0055,"country":"IN","sunrise":1556928497,"sunset":1556976450},"id":1273294,"name":"Delhi","cod":200}]]>
            </line>
            <line>
              <![CDATA[Verified the status code successfully.]]>
            </line>
            <line>
              <![CDATA[Country code has verified successfully.]]>
            </line>
            <line>
              <![CDATA[City name has verified successfully.]]>
            </line>
          </reporter-output>
        </test-method> <!-- verifyWithValidData -->
        <test-method is-config="true" signature="afterMethod(org.testng.ITestResult)[pri:0, instance:com.qa.rest.tests.TestWeatherAPIWithDataProvider@47d90b9e]" started-at="2019-05-04T04:25:05Z" name="afterMethod" finished-at="2019-05-04T04:25:05Z" duration-ms="132" status="PASS">
          <params>
            <param index="0">
              <value>
                <![CDATA[[TestResult name=verifyWithValidData status=SUCCESS method=TestWeatherAPIWithDataProvider.verifyWithValidData(java.util.Map)[pri:6, instance:com.qa.rest.tests.TestWeatherAPIWithDataProvider@47d90b9e] output=Test case name is: Verify 'Delhi, IN' City info]]]>
              </value>
            </param>
          </params>
          <reporter-output>
          </reporter-output>
        </test-method> <!-- afterMethod -->
        <test-method is-config="true" signature="beforeMethod(java.lang.reflect.Method)[pri:0, instance:com.qa.rest.tests.TestWeatherAPIWithDataProvider@47d90b9e]" started-at="2019-05-04T04:25:05Z" name="beforeMethod" finished-at="2019-05-04T04:25:05Z" duration-ms="8" status="PASS">
          <params>
            <param index="0">
              <value>
                <![CDATA[public void com.qa.rest.tests.TestWeatherAPIWithDataProvider.verifyWithValidData(java.util.Map)]]>
              </value>
            </param>
          </params>
          <reporter-output>
          </reporter-output>
        </test-method> <!-- beforeMethod -->
        <test-method signature="verifyWithValidData(java.util.Map)[pri:6, instance:com.qa.rest.tests.TestWeatherAPIWithDataProvider@47d90b9e]" started-at="2019-05-04T04:25:05Z" name="verifyWithValidData" data-provider="PositiveTestSenarios" finished-at="2019-05-04T04:25:05Z" duration-ms="296" status="PASS">
          <params>
            <param index="0">
              <value>
                <![CDATA[{Test Case Name=Verify 'Agra, IN' City info, City Name=Agra, App ID=14d92fb7c2c0cd897c5ce09935897c0d, Country Code=IN, Status Code=200}]]>
              </value>
            </param>
          </params>
          <reporter-output>
            <line>
              <![CDATA[Test case name is: Verify 'Agra, IN' City info]]>
            </line>
            <line>
              <![CDATA[Response is {"coord":{"lon":78.01,"lat":27.18},"weather":[{"id":801,"main":"Clouds","description":"few clouds","icon":"02d"}],"base":"stations","main":{"temp":307.15,"pressure":1008,"humidity":24,"temp_min":307.15,"temp_max":307.15},"visibility":6000,"wind":{"speed":2.6,"deg":360},"clouds":{"all":20},"dt":1556940600,"sys":{"type":1,"id":9141,"message":0.0047,"country":"IN","sunrise":1556928440,"sunset":1556976128},"id":1279259,"name":"Agra","cod":200}]]>
            </line>
            <line>
              <![CDATA[Verified the status code successfully.]]>
            </line>
            <line>
              <![CDATA[Country code has verified successfully.]]>
            </line>
            <line>
              <![CDATA[City name has verified successfully.]]>
            </line>
          </reporter-output>
        </test-method> <!-- verifyWithValidData -->
        <test-method is-config="true" signature="afterMethod(org.testng.ITestResult)[pri:0, instance:com.qa.rest.tests.TestWeatherAPIWithDataProvider@47d90b9e]" started-at="2019-05-04T04:25:05Z" name="afterMethod" finished-at="2019-05-04T04:25:05Z" duration-ms="121" status="PASS">
          <params>
            <param index="0">
              <value>
                <![CDATA[[TestResult name=verifyWithValidData status=SUCCESS method=TestWeatherAPIWithDataProvider.verifyWithValidData(java.util.Map)[pri:6, instance:com.qa.rest.tests.TestWeatherAPIWithDataProvider@47d90b9e] output=Test case name is: Verify 'Agra, IN' City info]]]>
              </value>
            </param>
          </params>
          <reporter-output>
          </reporter-output>
        </test-method> <!-- afterMethod -->
        <test-method is-config="true" signature="beforeMethod(java.lang.reflect.Method)[pri:0, instance:com.qa.rest.tests.TestWeatherAPIWithDataProvider@47d90b9e]" started-at="2019-05-04T04:25:05Z" name="beforeMethod" finished-at="2019-05-04T04:25:05Z" duration-ms="0" status="PASS">
          <params>
            <param index="0">
              <value>
                <![CDATA[public void com.qa.rest.tests.TestWeatherAPIWithDataProvider.verifyWithValidData(java.util.Map)]]>
              </value>
            </param>
          </params>
          <reporter-output>
          </reporter-output>
        </test-method> <!-- beforeMethod -->
        <test-method signature="verifyWithValidData(java.util.Map)[pri:6, instance:com.qa.rest.tests.TestWeatherAPIWithDataProvider@47d90b9e]" started-at="2019-05-04T04:25:05Z" name="verifyWithValidData" data-provider="PositiveTestSenarios" finished-at="2019-05-04T04:25:05Z" duration-ms="172" status="PASS">
          <params>
            <param index="0">
              <value>
                <![CDATA[{Test Case Name=Verify 'Mumbai, IN' City info, City Name=Mumbai, App ID=14d92fb7c2c0cd897c5ce09935897c0d, Country Code=IN, Status Code=200}]]>
              </value>
            </param>
          </params>
          <reporter-output>
            <line>
              <![CDATA[Test case name is: Verify 'Mumbai, IN' City info]]>
            </line>
            <line>
              <![CDATA[Response is {"coord":{"lon":72.85,"lat":19.01},"weather":[{"id":721,"main":"Haze","description":"haze","icon":"50d"}],"base":"stations","main":{"temp":303.65,"pressure":1012,"humidity":62,"temp_min":303.15,"temp_max":304.15},"visibility":4000,"wind":{"speed":3.6,"deg":240},"clouds":{"all":40},"dt":1556940600,"sys":{"type":1,"id":9052,"message":0.0045,"country":"IN","sunrise":1556930357,"sunset":1556976688},"id":1275339,"name":"Mumbai","cod":200}]]>
            </line>
            <line>
              <![CDATA[Verified the status code successfully.]]>
            </line>
            <line>
              <![CDATA[Country code has verified successfully.]]>
            </line>
            <line>
              <![CDATA[City name has verified successfully.]]>
            </line>
          </reporter-output>
        </test-method> <!-- verifyWithValidData -->
        <test-method is-config="true" signature="afterMethod(org.testng.ITestResult)[pri:0, instance:com.qa.rest.tests.TestWeatherAPIWithDataProvider@47d90b9e]" started-at="2019-05-04T04:25:05Z" name="afterMethod" finished-at="2019-05-04T04:25:06Z" duration-ms="100" status="PASS">
          <params>
            <param index="0">
              <value>
                <![CDATA[[TestResult name=verifyWithValidData status=SUCCESS method=TestWeatherAPIWithDataProvider.verifyWithValidData(java.util.Map)[pri:6, instance:com.qa.rest.tests.TestWeatherAPIWithDataProvider@47d90b9e] output=Test case name is: Verify 'Mumbai, IN' City info]]]>
              </value>
            </param>
          </params>
          <reporter-output>
          </reporter-output>
        </test-method> <!-- afterMethod -->
        <test-method is-config="true" signature="beforeMethod(java.lang.reflect.Method)[pri:0, instance:com.qa.rest.tests.TestWeatherAPIWithDataProvider@47d90b9e]" started-at="2019-05-04T04:25:06Z" name="beforeMethod" finished-at="2019-05-04T04:25:06Z" duration-ms="0" status="PASS">
          <params>
            <param index="0">
              <value>
                <![CDATA[public void com.qa.rest.tests.TestWeatherAPIWithDataProvider.verifyWithValidData(java.util.Map)]]>
              </value>
            </param>
          </params>
          <reporter-output>
          </reporter-output>
        </test-method> <!-- beforeMethod -->
        <test-method signature="verifyWithValidData(java.util.Map)[pri:6, instance:com.qa.rest.tests.TestWeatherAPIWithDataProvider@47d90b9e]" started-at="2019-05-04T04:25:06Z" name="verifyWithValidData" data-provider="PositiveTestSenarios" finished-at="2019-05-04T04:25:06Z" duration-ms="301" status="PASS">
          <params>
            <param index="0">
              <value>
                <![CDATA[{Test Case Name=Verify 'Nodia, IN' City info, City Name=Noida, App ID=14d92fb7c2c0cd897c5ce09935897c0d, Country Code=IN, Status Code=200}]]>
              </value>
            </param>
          </params>
          <reporter-output>
            <line>
              <![CDATA[Test case name is: Verify 'Nodia, IN' City info]]>
            </line>
            <line>
              <![CDATA[Response is {"coord":{"lon":77.35,"lat":28.57},"weather":[{"id":721,"main":"Haze","description":"haze","icon":"50d"}],"base":"stations","main":{"temp":303.79,"pressure":1009,"humidity":51,"temp_min":302.15,"temp_max":305.93},"visibility":3000,"wind":{"speed":1.5,"deg":260},"clouds":{"all":0},"dt":1556943307,"sys":{"type":1,"id":9161,"message":0.0066,"country":"IN","sunrise":1556928473,"sunset":1556976412},"id":7279746,"name":"Noida","cod":200}]]>
            </line>
            <line>
              <![CDATA[Verified the status code successfully.]]>
            </line>
            <line>
              <![CDATA[Country code has verified successfully.]]>
            </line>
            <line>
              <![CDATA[City name has verified successfully.]]>
            </line>
          </reporter-output>
        </test-method> <!-- verifyWithValidData -->
        <test-method is-config="true" signature="afterMethod(org.testng.ITestResult)[pri:0, instance:com.qa.rest.tests.TestWeatherAPIWithDataProvider@47d90b9e]" started-at="2019-05-04T04:25:06Z" name="afterMethod" finished-at="2019-05-04T04:25:06Z" duration-ms="85" status="PASS">
          <params>
            <param index="0">
              <value>
                <![CDATA[[TestResult name=verifyWithValidData status=SUCCESS method=TestWeatherAPIWithDataProvider.verifyWithValidData(java.util.Map)[pri:6, instance:com.qa.rest.tests.TestWeatherAPIWithDataProvider@47d90b9e] output=Test case name is: Verify 'Nodia, IN' City info]]]>
              </value>
            </param>
          </params>
          <reporter-output>
          </reporter-output>
        </test-method> <!-- afterMethod -->
        <test-method is-config="true" signature="beforeMethod(java.lang.reflect.Method)[pri:0, instance:com.qa.rest.tests.TestWeatherAPIWithDataProvider@47d90b9e]" started-at="2019-05-04T04:25:06Z" name="beforeMethod" finished-at="2019-05-04T04:25:06Z" duration-ms="0" status="PASS">
          <params>
            <param index="0">
              <value>
                <![CDATA[public void com.qa.rest.tests.TestWeatherAPIWithDataProvider.verifyWithValidData(java.util.Map)]]>
              </value>
            </param>
          </params>
          <reporter-output>
          </reporter-output>
        </test-method> <!-- beforeMethod -->
        <test-method signature="verifyWithValidData(java.util.Map)[pri:6, instance:com.qa.rest.tests.TestWeatherAPIWithDataProvider@47d90b9e]" started-at="2019-05-04T04:25:06Z" name="verifyWithValidData" data-provider="PositiveTestSenarios" finished-at="2019-05-04T04:25:06Z" duration-ms="285" status="PASS">
          <params>
            <param index="0">
              <value>
                <![CDATA[{Test Case Name=Verify 'Mysore, IN' City info, City Name=Mysore, App ID=14d92fb7c2c0cd897c5ce09935897c0d, Country Code=IN, Status Code=200}]]>
              </value>
            </param>
          </params>
          <reporter-output>
            <line>
              <![CDATA[Test case name is: Verify 'Mysore, IN' City info]]>
            </line>
            <line>
              <![CDATA[Response is {"coord":{"lon":76.65,"lat":12.31},"weather":[{"id":804,"main":"Clouds","description":"overcast clouds","icon":"04d"}],"base":"stations","main":{"temp":297.97,"pressure":1012.83,"humidity":56,"temp_min":297.97,"temp_max":297.97,"sea_level":1012.83,"grnd_level":925.39},"wind":{"speed":2.92,"deg":273.235},"clouds":{"all":100},"dt":1556943904,"sys":{"message":0.0045,"country":"IN","sunrise":1556929947,"sunset":1556975274},"id":1262321,"name":"Mysore","cod":200}]]>
            </line>
            <line>
              <![CDATA[Verified the status code successfully.]]>
            </line>
            <line>
              <![CDATA[Country code has verified successfully.]]>
            </line>
            <line>
              <![CDATA[City name has verified successfully.]]>
            </line>
          </reporter-output>
        </test-method> <!-- verifyWithValidData -->
        <test-method is-config="true" signature="afterMethod(org.testng.ITestResult)[pri:0, instance:com.qa.rest.tests.TestWeatherAPIWithDataProvider@47d90b9e]" started-at="2019-05-04T04:25:06Z" name="afterMethod" finished-at="2019-05-04T04:25:06Z" duration-ms="69" status="PASS">
          <params>
            <param index="0">
              <value>
                <![CDATA[[TestResult name=verifyWithValidData status=SUCCESS method=TestWeatherAPIWithDataProvider.verifyWithValidData(java.util.Map)[pri:6, instance:com.qa.rest.tests.TestWeatherAPIWithDataProvider@47d90b9e] output=Test case name is: Verify 'Mysore, IN' City info]]]>
              </value>
            </param>
          </params>
          <reporter-output>
          </reporter-output>
        </test-method> <!-- afterMethod -->
        <test-method is-config="true" signature="beforeMethod(java.lang.reflect.Method)[pri:0, instance:com.qa.rest.tests.TestWeatherAPIWithDataProvider@47d90b9e]" started-at="2019-05-04T04:25:06Z" name="beforeMethod" finished-at="2019-05-04T04:25:06Z" duration-ms="0" status="PASS">
          <params>
            <param index="0">
              <value>
                <![CDATA[public void com.qa.rest.tests.TestWeatherAPIWithDataProvider.verifyWithValidData(java.util.Map)]]>
              </value>
            </param>
          </params>
          <reporter-output>
          </reporter-output>
        </test-method> <!-- beforeMethod -->
        <test-method signature="verifyWithValidData(java.util.Map)[pri:6, instance:com.qa.rest.tests.TestWeatherAPIWithDataProvider@47d90b9e]" started-at="2019-05-04T04:25:06Z" name="verifyWithValidData" data-provider="PositiveTestSenarios" finished-at="2019-05-04T04:25:07Z" duration-ms="316" status="PASS">
          <params>
            <param index="0">
              <value>
                <![CDATA[{Test Case Name=Verify 'Patna, IN' City info, City Name=Patna, App ID=14d92fb7c2c0cd897c5ce09935897c0d, Country Code=IN, Status Code=200}]]>
              </value>
            </param>
          </params>
          <reporter-output>
            <line>
              <![CDATA[Test case name is: Verify 'Patna, IN' City info]]>
            </line>
            <line>
              <![CDATA[Response is {"coord":{"lon":85.12,"lat":25.61},"weather":[{"id":701,"main":"Mist","description":"mist","icon":"50d"}],"base":"stations","main":{"temp":300.15,"pressure":1007,"humidity":69,"temp_min":300.15,"temp_max":300.15},"visibility":3000,"wind":{"speed":1,"deg":170},"clouds":{"all":75},"dt":1556940600,"sys":{"type":1,"id":9129,"message":0.0059,"country":"IN","sunrise":1556926873,"sunset":1556974283},"id":1260086,"name":"Patna","cod":200}]]>
            </line>
            <line>
              <![CDATA[Verified the status code successfully.]]>
            </line>
            <line>
              <![CDATA[Country code has verified successfully.]]>
            </line>
            <line>
              <![CDATA[City name has verified successfully.]]>
            </line>
          </reporter-output>
        </test-method> <!-- verifyWithValidData -->
        <test-method is-config="true" signature="afterMethod(org.testng.ITestResult)[pri:0, instance:com.qa.rest.tests.TestWeatherAPIWithDataProvider@47d90b9e]" started-at="2019-05-04T04:25:07Z" name="afterMethod" finished-at="2019-05-04T04:25:07Z" duration-ms="63" status="PASS">
          <params>
            <param index="0">
              <value>
                <![CDATA[[TestResult name=verifyWithValidData status=SUCCESS method=TestWeatherAPIWithDataProvider.verifyWithValidData(java.util.Map)[pri:6, instance:com.qa.rest.tests.TestWeatherAPIWithDataProvider@47d90b9e] output=Test case name is: Verify 'Patna, IN' City info]]]>
              </value>
            </param>
          </params>
          <reporter-output>
          </reporter-output>
        </test-method> <!-- afterMethod -->
        <test-method is-config="true" signature="beforeMethod(java.lang.reflect.Method)[pri:0, instance:com.qa.rest.tests.TestWeatherAPIWithDataProvider@47d90b9e]" started-at="2019-05-04T04:25:07Z" name="beforeMethod" finished-at="2019-05-04T04:25:07Z" duration-ms="0" status="PASS">
          <params>
            <param index="0">
              <value>
                <![CDATA[public void com.qa.rest.tests.TestWeatherAPIWithDataProvider.verifyWithValidData(java.util.Map)]]>
              </value>
            </param>
          </params>
          <reporter-output>
          </reporter-output>
        </test-method> <!-- beforeMethod -->
        <test-method signature="verifyWithValidData(java.util.Map)[pri:6, instance:com.qa.rest.tests.TestWeatherAPIWithDataProvider@47d90b9e]" started-at="2019-05-04T04:25:07Z" name="verifyWithValidData" data-provider="PositiveTestSenarios" finished-at="2019-05-04T04:25:07Z" duration-ms="237" status="PASS">
          <params>
            <param index="0">
              <value>
                <![CDATA[{Test Case Name=Verify 'KolKata, IN' City info, City Name=KolKata, App ID=14d92fb7c2c0cd897c5ce09935897c0d, Country Code=IN, Status Code=200}]]>
              </value>
            </param>
          </params>
          <reporter-output>
            <line>
              <![CDATA[Test case name is: Verify 'KolKata, IN' City info]]>
            </line>
            <line>
              <![CDATA[Response is {"coord":{"lon":88.35,"lat":22.57},"weather":[{"id":500,"main":"Rain","description":"light rain","icon":"10d"}],"base":"stations","main":{"temp":297.15,"pressure":1002,"humidity":94,"temp_min":297.15,"temp_max":297.15},"visibility":3200,"wind":{"speed":7.2,"deg":240},"clouds":{"all":90},"dt":1556940600,"sys":{"type":1,"id":9114,"message":0.0046,"country":"IN","sunrise":1556926354,"sunset":1556973251},"id":1275004,"name":"Kolkata","cod":200}]]>
            </line>
            <line>
              <![CDATA[Verified the status code successfully.]]>
            </line>
            <line>
              <![CDATA[Country code has verified successfully.]]>
            </line>
            <line>
              <![CDATA[City name has verified successfully.]]>
            </line>
          </reporter-output>
        </test-method> <!-- verifyWithValidData -->
        <test-method is-config="true" signature="afterMethod(org.testng.ITestResult)[pri:0, instance:com.qa.rest.tests.TestWeatherAPIWithDataProvider@47d90b9e]" started-at="2019-05-04T04:25:07Z" name="afterMethod" finished-at="2019-05-04T04:25:07Z" duration-ms="79" status="PASS">
          <params>
            <param index="0">
              <value>
                <![CDATA[[TestResult name=verifyWithValidData status=SUCCESS method=TestWeatherAPIWithDataProvider.verifyWithValidData(java.util.Map)[pri:6, instance:com.qa.rest.tests.TestWeatherAPIWithDataProvider@47d90b9e] output=Test case name is: Verify 'KolKata, IN' City info]]]>
              </value>
            </param>
          </params>
          <reporter-output>
          </reporter-output>
        </test-method> <!-- afterMethod -->
        <test-method signature="verifyWithValidData(java.util.Map)[pri:6, instance:com.qa.rest.tests.TestWeatherAPIWithDataProvider@47d90b9e]" started-at="2019-05-04T04:25:07Z" name="verifyWithValidData" data-provider="PositiveTestSenarios" finished-at="2019-05-04T04:25:07Z" duration-ms="285" status="PASS">
          <params>
            <param index="0">
              <value>
                <![CDATA[{Test Case Name=Verify 'Hydrabad, IN' City info, City Name=Hyderabad, App ID=14d92fb7c2c0cd897c5ce09935897c0d, Country Code=IN, Status Code=200}]]>
              </value>
            </param>
          </params>
          <reporter-output>
            <line>
              <![CDATA[Test case name is: Verify 'Hydrabad, IN' City info]]>
            </line>
            <line>
              <![CDATA[Response is {"coord":{"lon":78.47,"lat":17.36},"weather":[{"id":802,"main":"Clouds","description":"scattered clouds","icon":"03d"}],"base":"stations","main":{"temp":304.89,"pressure":1013,"humidity":38,"temp_min":304.15,"temp_max":305.37},"visibility":6000,"wind":{"speed":5.1,"deg":310},"clouds":{"all":40},"dt":1556943303,"sys":{"type":1,"id":9214,"message":0.0077,"country":"IN","sunrise":1556929136,"sunset":1556975211},"id":1269843,"name":"Hyderabad","cod":200}]]>
            </line>
            <line>
              <![CDATA[Verified the status code successfully.]]>
            </line>
            <line>
              <![CDATA[Country code has verified successfully.]]>
            </line>
            <line>
              <![CDATA[City name has verified successfully.]]>
            </line>
          </reporter-output>
        </test-method> <!-- verifyWithValidData -->
        <test-method is-config="true" signature="beforeMethod(java.lang.reflect.Method)[pri:0, instance:com.qa.rest.tests.TestWeatherAPIWithDataProvider@47d90b9e]" started-at="2019-05-04T04:25:07Z" name="beforeMethod" finished-at="2019-05-04T04:25:07Z" duration-ms="0" status="PASS">
          <params>
            <param index="0">
              <value>
                <![CDATA[public void com.qa.rest.tests.TestWeatherAPIWithDataProvider.verifyWithValidData(java.util.Map)]]>
              </value>
            </param>
          </params>
          <reporter-output>
          </reporter-output>
        </test-method> <!-- beforeMethod -->
        <test-method is-config="true" signature="afterMethod(org.testng.ITestResult)[pri:0, instance:com.qa.rest.tests.TestWeatherAPIWithDataProvider@47d90b9e]" started-at="2019-05-04T04:25:07Z" name="afterMethod" finished-at="2019-05-04T04:25:07Z" duration-ms="69" status="PASS">
          <params>
            <param index="0">
              <value>
                <![CDATA[[TestResult name=verifyWithValidData status=SUCCESS method=TestWeatherAPIWithDataProvider.verifyWithValidData(java.util.Map)[pri:6, instance:com.qa.rest.tests.TestWeatherAPIWithDataProvider@47d90b9e] output=Test case name is: Verify 'Hydrabad, IN' City info]]]>
              </value>
            </param>
          </params>
          <reporter-output>
          </reporter-output>
        </test-method> <!-- afterMethod -->
        <test-method signature="verifyWithValidData(java.util.Map)[pri:6, instance:com.qa.rest.tests.TestWeatherAPIWithDataProvider@47d90b9e]" started-at="2019-05-04T04:25:07Z" name="verifyWithValidData" data-provider="PositiveTestSenarios" finished-at="2019-05-04T04:25:08Z" duration-ms="285" status="PASS">
          <params>
            <param index="0">
              <value>
                <![CDATA[{Test Case Name=Verify 'Lokhnow, IN' City info, City Name=Lucknow, App ID=14d92fb7c2c0cd897c5ce09935897c0d, Country Code=IN, Status Code=200}]]>
              </value>
            </param>
          </params>
          <reporter-output>
            <line>
              <![CDATA[Test case name is: Verify 'Lokhnow, IN' City info]]>
            </line>
            <line>
              <![CDATA[Response is {"coord":{"lon":80.93,"lat":26.84},"weather":[{"id":721,"main":"Haze","description":"haze","icon":"50d"}],"base":"stations","main":{"temp":301.15,"pressure":1008,"humidity":65,"temp_min":301.15,"temp_max":301.15},"visibility":3000,"wind":{"speed":2.6,"deg":120},"clouds":{"all":75},"dt":1556940600,"sys":{"type":1,"id":9176,"message":0.0054,"country":"IN","sunrise":1556927770,"sunset":1556975396},"id":1264733,"name":"Lucknow","cod":200}]]>
            </line>
            <line>
              <![CDATA[Verified the status code successfully.]]>
            </line>
            <line>
              <![CDATA[Country code has verified successfully.]]>
            </line>
            <line>
              <![CDATA[City name has verified successfully.]]>
            </line>
          </reporter-output>
        </test-method> <!-- verifyWithValidData -->
        <test-method is-config="true" signature="beforeMethod(java.lang.reflect.Method)[pri:0, instance:com.qa.rest.tests.TestWeatherAPIWithDataProvider@47d90b9e]" started-at="2019-05-04T04:25:07Z" name="beforeMethod" finished-at="2019-05-04T04:25:07Z" duration-ms="0" status="PASS">
          <params>
            <param index="0">
              <value>
                <![CDATA[public void com.qa.rest.tests.TestWeatherAPIWithDataProvider.verifyWithValidData(java.util.Map)]]>
              </value>
            </param>
          </params>
          <reporter-output>
          </reporter-output>
        </test-method> <!-- beforeMethod -->
        <test-method is-config="true" signature="afterMethod(org.testng.ITestResult)[pri:0, instance:com.qa.rest.tests.TestWeatherAPIWithDataProvider@47d90b9e]" started-at="2019-05-04T04:25:08Z" name="afterMethod" finished-at="2019-05-04T04:25:08Z" duration-ms="101" status="PASS">
          <params>
            <param index="0">
              <value>
                <![CDATA[[TestResult name=verifyWithValidData status=SUCCESS method=TestWeatherAPIWithDataProvider.verifyWithValidData(java.util.Map)[pri:6, instance:com.qa.rest.tests.TestWeatherAPIWithDataProvider@47d90b9e] output=Test case name is: Verify 'Lokhnow, IN' City info]]]>
              </value>
            </param>
          </params>
          <reporter-output>
          </reporter-output>
        </test-method> <!-- afterMethod -->
        <test-method signature="verifyWithValidData(java.util.Map)[pri:6, instance:com.qa.rest.tests.TestWeatherAPIWithDataProvider@47d90b9e]" started-at="2019-05-04T04:25:08Z" name="verifyWithValidData" data-provider="PositiveTestSenarios" finished-at="2019-05-04T04:25:08Z" duration-ms="247" status="PASS">
          <params>
            <param index="0">
              <value>
                <![CDATA[{Test Case Name=Verify 'Ahmedabad, IN' City info, City Name=Ahmedabad, App ID=14d92fb7c2c0cd897c5ce09935897c0d, Country Code=IN, Status Code=200}]]>
              </value>
            </param>
          </params>
          <reporter-output>
            <line>
              <![CDATA[Test case name is: Verify 'Ahmedabad, IN' City info]]>
            </line>
            <line>
              <![CDATA[Response is {"coord":{"lon":72.58,"lat":23.02},"weather":[{"id":711,"main":"Smoke","description":"smoke","icon":"50d"}],"base":"stations","main":{"temp":303.15,"pressure":1010,"humidity":48,"temp_min":303.15,"temp_max":303.15},"visibility":4000,"wind":{"speed":4.1,"deg":250},"clouds":{"all":0},"dt":1556940600,"sys":{"type":1,"id":9049,"message":0.0047,"country":"IN","sunrise":1556930100,"sunset":1556977074},"id":1279233,"name":"Ahmedabad","cod":200}]]>
            </line>
            <line>
              <![CDATA[Verified the status code successfully.]]>
            </line>
            <line>
              <![CDATA[Country code has verified successfully.]]>
            </line>
            <line>
              <![CDATA[City name has verified successfully.]]>
            </line>
          </reporter-output>
        </test-method> <!-- verifyWithValidData -->
        <test-method is-config="true" signature="beforeMethod(java.lang.reflect.Method)[pri:0, instance:com.qa.rest.tests.TestWeatherAPIWithDataProvider@47d90b9e]" started-at="2019-05-04T04:25:08Z" name="beforeMethod" finished-at="2019-05-04T04:25:08Z" duration-ms="0" status="PASS">
          <params>
            <param index="0">
              <value>
                <![CDATA[public void com.qa.rest.tests.TestWeatherAPIWithDataProvider.verifyWithValidData(java.util.Map)]]>
              </value>
            </param>
          </params>
          <reporter-output>
          </reporter-output>
        </test-method> <!-- beforeMethod -->
        <test-method is-config="true" signature="afterMethod(org.testng.ITestResult)[pri:0, instance:com.qa.rest.tests.TestWeatherAPIWithDataProvider@47d90b9e]" started-at="2019-05-04T04:25:08Z" name="afterMethod" finished-at="2019-05-04T04:25:08Z" duration-ms="69" status="PASS">
          <params>
            <param index="0">
              <value>
                <![CDATA[[TestResult name=verifyWithValidData status=SUCCESS method=TestWeatherAPIWithDataProvider.verifyWithValidData(java.util.Map)[pri:6, instance:com.qa.rest.tests.TestWeatherAPIWithDataProvider@47d90b9e] output=Test case name is: Verify 'Ahmedabad, IN' City info]]]>
              </value>
            </param>
          </params>
          <reporter-output>
          </reporter-output>
        </test-method> <!-- afterMethod -->
        <test-method is-config="true" signature="beforeMethod(java.lang.reflect.Method)[pri:0, instance:com.qa.rest.tests.TestWeatherAPIWithDataProvider@47d90b9e]" started-at="2019-05-04T04:25:08Z" name="beforeMethod" finished-at="2019-05-04T04:25:08Z" duration-ms="0" status="PASS">
          <params>
            <param index="0">
              <value>
                <![CDATA[public void com.qa.rest.tests.TestWeatherAPIWithDataProvider.verifyWithValidData(java.util.Map)]]>
              </value>
            </param>
          </params>
          <reporter-output>
          </reporter-output>
        </test-method> <!-- beforeMethod -->
        <test-method signature="verifyWithValidData(java.util.Map)[pri:6, instance:com.qa.rest.tests.TestWeatherAPIWithDataProvider@47d90b9e]" started-at="2019-05-04T04:25:08Z" name="verifyWithValidData" data-provider="PositiveTestSenarios" finished-at="2019-05-04T04:25:08Z" duration-ms="254" status="PASS">
          <params>
            <param index="0">
              <value>
                <![CDATA[{Test Case Name=Verify 'Chennai, IN' City info, City Name=Chennai, App ID=14d92fb7c2c0cd897c5ce09935897c0d, Country Code=IN, Status Code=200}]]>
              </value>
            </param>
          </params>
          <reporter-output>
            <line>
              <![CDATA[Test case name is: Verify 'Chennai, IN' City info]]>
            </line>
            <line>
              <![CDATA[Response is {"coord":{"lon":80.28,"lat":13.09},"weather":[{"id":802,"main":"Clouds","description":"scattered clouds","icon":"03d"}],"base":"stations","main":{"temp":306.75,"pressure":1009,"humidity":59,"temp_min":306.48,"temp_max":307.15},"visibility":6000,"wind":{"speed":4.1,"deg":240},"clouds":{"all":40},"dt":1556940830,"sys":{"type":1,"id":9218,"message":0.006,"country":"IN","sunrise":1556929019,"sunset":1556974459},"id":1264527,"name":"Chennai","cod":200}]]>
            </line>
            <line>
              <![CDATA[Verified the status code successfully.]]>
            </line>
            <line>
              <![CDATA[Country code has verified successfully.]]>
            </line>
            <line>
              <![CDATA[City name has verified successfully.]]>
            </line>
          </reporter-output>
        </test-method> <!-- verifyWithValidData -->
        <test-method is-config="true" signature="afterMethod(org.testng.ITestResult)[pri:0, instance:com.qa.rest.tests.TestWeatherAPIWithDataProvider@47d90b9e]" started-at="2019-05-04T04:25:08Z" name="afterMethod" finished-at="2019-05-04T04:25:08Z" duration-ms="116" status="PASS">
          <params>
            <param index="0">
              <value>
                <![CDATA[[TestResult name=verifyWithValidData status=SUCCESS method=TestWeatherAPIWithDataProvider.verifyWithValidData(java.util.Map)[pri:6, instance:com.qa.rest.tests.TestWeatherAPIWithDataProvider@47d90b9e] output=Test case name is: Verify 'Chennai, IN' City info]]]>
              </value>
            </param>
          </params>
          <reporter-output>
          </reporter-output>
        </test-method> <!-- afterMethod -->
[...]
          <params>
            <param index="0">
              <value>
                <![CDATA[{Test Case Name=Verify 'Zurich, CH' City info, Error Message=city not found, App ID=14d92fb7c2c0cd897c5ce09935897c0d, Status Code=404, City Name=ZurichC, Country Code=CH}]]>
              </value>
            </param>
          </params>
          <reporter-output>
            <line>
              <![CDATA[Test case name is: Verify 'Zurich, CH' City info]]>
            </line>
            <line>
              <![CDATA[Response is : {"cod":"404","message":"city not found"}]]>
            </line>
            <line>
              <![CDATA[Verified the error message successfully.]]>
            </line>
          </reporter-output>
        </test-method> <!-- verifyWithInvalidData -->
        <test-method is-config="true" signature="afterMethod(org.testng.ITestResult)[pri:0, instance:com.qa.rest.tests.TestWeatherAPIWithDataProvider@47d90b9e]" started-at="2019-05-04T04:25:19Z" name="afterMethod" finished-at="2019-05-04T04:25:19Z" duration-ms="69" status="PASS">
          <params>
            <param index="0">
              <value>
                <![CDATA[[TestResult name=verifyWithInvalidData status=SUCCESS method=TestWeatherAPIWithDataProvider.verifyWithInvalidData(java.util.Map)[pri:7, instance:com.qa.rest.tests.TestWeatherAPIWithDataProvider@47d90b9e] output=Test case name is: Verify 'Zurich, CH' City info]]]>
              </value>
            </param>
          </params>
          <reporter-output>
          </reporter-output>
        </test-method> <!-- afterMethod -->
        <test-method signature="verifyWithInvalidData(java.util.Map)[pri:7, instance:com.qa.rest.tests.TestWeatherAPIWithDataProvider@47d90b9e]" started-at="2019-05-04T04:25:19Z" name="verifyWithInvalidData" data-provider="NegativeTestSenarios" finished-at="2019-05-04T04:25:19Z" duration-ms="131" status="PASS">
          <params>
            <param index="0">
              <value>
                <![CDATA[{Test Case Name=Verify 'Rome, IT' City info, Error Message=city not found, App ID=14d92fb7c2c0cd897c5ce09935897c0d, Status Code=404, City Name=RomeD, Country Code=IT}]]>
              </value>
            </param>
          </params>
          <reporter-output>
            <line>
              <![CDATA[Test case name is: Verify 'Rome, IT' City info]]>
            </line>
            <line>
              <![CDATA[Response is : {"cod":"404","message":"city not found"}]]>
            </line>
            <line>
              <![CDATA[Verified the error message successfully.]]>
            </line>
          </reporter-output>
        </test-method> <!-- verifyWithInvalidData -->
        <test-method is-config="true" signature="beforeMethod(java.lang.reflect.Method)[pri:0, instance:com.qa.rest.tests.TestWeatherAPIWithDataProvider@47d90b9e]" started-at="2019-05-04T04:25:19Z" name="beforeMethod" finished-at="2019-05-04T04:25:19Z" duration-ms="0" status="PASS">
          <params>
            <param index="0">
              <value>
                <![CDATA[public void com.qa.rest.tests.TestWeatherAPIWithDataProvider.verifyWithInvalidData(java.util.Map)]]>
              </value>
            </param>
          </params>
          <reporter-output>
          </reporter-output>
        </test-method> <!-- beforeMethod -->
        <test-method is-config="true" signature="afterMethod(org.testng.ITestResult)[pri:0, instance:com.qa.rest.tests.TestWeatherAPIWithDataProvider@47d90b9e]" started-at="2019-05-04T04:25:19Z" name="afterMethod" finished-at="2019-05-04T04:25:19Z" duration-ms="69" status="PASS">
          <params>
            <param index="0">
              <value>
                <![CDATA[[TestResult name=verifyWithInvalidData status=SUCCESS method=TestWeatherAPIWithDataProvider.verifyWithInvalidData(java.util.Map)[pri:7, instance:com.qa.rest.tests.TestWeatherAPIWithDataProvider@47d90b9e] output=Test case name is: Verify 'Rome, IT' City info]]]>
              </value>
            </param>
          </params>
          <reporter-output>
          </reporter-output>
        </test-method> <!-- afterMethod -->
        <test-method is-config="true" signature="beforeMethod(java.lang.reflect.Method)[pri:0, instance:com.qa.rest.tests.TestWeatherAPIWithDataProvider@47d90b9e]" started-at="2019-05-04T04:25:19Z" name="beforeMethod" finished-at="2019-05-04T04:25:19Z" duration-ms="0" status="PASS">
          <params>
            <param index="0">
              <value>
                <![CDATA[public void com.qa.rest.tests.TestWeatherAPIWithDataProvider.verifyWithInvalidData(java.util.Map)]]>
              </value>
            </param>
          </params>
          <reporter-output>
          </reporter-output>
        </test-method> <!-- beforeMethod -->
        <test-method signature="verifyWithInvalidData(java.util.Map)[pri:7, instance:com.qa.rest.tests.TestWeatherAPIWithDataProvider@47d90b9e]" started-at="2019-05-04T04:25:19Z" name="verifyWithInvalidData" data-provider="NegativeTestSenarios" finished-at="2019-05-04T04:25:19Z" duration-ms="132" status="PASS">
          <params>
            <param index="0">
              <value>
                <![CDATA[{Test Case Name=Verify 'Bangkok, TH' City info, Error Message=city not found, App ID=14d92fb7c2c0cd897c5ce09935897c0d, Status Code=404, City Name=BangkokE, Country Code=TH}]]>
              </value>
            </param>
          </params>
          <reporter-output>
            <line>
              <![CDATA[Test case name is: Verify 'Bangkok, TH' City info]]>
            </line>
            <line>
              <![CDATA[Response is : {"cod":"404","message":"city not found"}]]>
            </line>
            <line>
              <![CDATA[Verified the error message successfully.]]>
            </line>
          </reporter-output>
        </test-method> <!-- verifyWithInvalidData -->
        <test-method is-config="true" signature="afterMethod(org.testng.ITestResult)[pri:0, instance:com.qa.rest.tests.TestWeatherAPIWithDataProvider@47d90b9e]" started-at="2019-05-04T04:25:19Z" name="afterMethod" finished-at="2019-05-04T04:25:20Z" duration-ms="85" status="PASS">
          <params>
            <param index="0">
              <value>
                <![CDATA[[TestResult name=verifyWithInvalidData status=SUCCESS method=TestWeatherAPIWithDataProvider.verifyWithInvalidData(java.util.Map)[pri:7, instance:com.qa.rest.tests.TestWeatherAPIWithDataProvider@47d90b9e] output=Test case name is: Verify 'Bangkok, TH' City info]]]>
              </value>
            </param>
          </params>
          <reporter-output>
          </reporter-output>
        </test-method> <!-- afterMethod -->
        <test-method is-config="true" signature="beforeMethod(java.lang.reflect.Method)[pri:0, instance:com.qa.rest.tests.TestWeatherAPIWithDataProvider@47d90b9e]" started-at="2019-05-04T04:25:20Z" name="beforeMethod" finished-at="2019-05-04T04:25:20Z" duration-ms="0" status="PASS">
          <params>
            <param index="0">
              <value>
                <![CDATA[public void com.qa.rest.tests.TestWeatherAPIWithDataProvider.verifyWithInvalidData(java.util.Map)]]>
              </value>
            </param>
          </params>
          <reporter-output>
          </reporter-output>
        </test-method> <!-- beforeMethod -->
        <test-method signature="verifyWithInvalidData(java.util.Map)[pri:7, instance:com.qa.rest.tests.TestWeatherAPIWithDataProvider@47d90b9e]" started-at="2019-05-04T04:25:20Z" name="verifyWithInvalidData" data-provider="NegativeTestSenarios" finished-at="2019-05-04T04:25:20Z" duration-ms="147" status="PASS">
          <params>
            <param index="0">
              <value>
                <![CDATA[{Test Case Name=Verify 'Sidney, US' City info, Error Message=Invalid API key, App ID=14d92fb7c2c0cd897c5ce09935897c0da, Status Code=401, City Name=Sidney, Country Code=US}]]>
              </value>
            </param>
          </params>
          <reporter-output>
            <line>
              <![CDATA[Test case name is: Verify 'Sidney, US' City info]]>
            </line>
            <line>
              <![CDATA[Response is : {"cod":401, "message": "Invalid API key. Please see http://openweathermap.org/faq#error401 for more info."}]]>
            </line>
            <line>
              <![CDATA[Verified the error message successfully.]]>
            </line>
          </reporter-output>
        </test-method> <!-- verifyWithInvalidData -->
        <test-method is-config="true" signature="afterMethod(org.testng.ITestResult)[pri:0, instance:com.qa.rest.tests.TestWeatherAPIWithDataProvider@47d90b9e]" started-at="2019-05-04T04:25:20Z" name="afterMethod" finished-at="2019-05-04T04:25:20Z" duration-ms="53" status="PASS">
          <params>
            <param index="0">
              <value>
                <![CDATA[[TestResult name=verifyWithInvalidData status=SUCCESS method=TestWeatherAPIWithDataProvider.verifyWithInvalidData(java.util.Map)[pri:7, instance:com.qa.rest.tests.TestWeatherAPIWithDataProvider@47d90b9e] output=Test case name is: Verify 'Sidney, US' City info]]]>
              </value>
            </param>
          </params>
          <reporter-output>
          </reporter-output>
        </test-method> <!-- afterMethod -->
        <test-method is-config="true" signature="beforeMethod(java.lang.reflect.Method)[pri:0, instance:com.qa.rest.tests.TestWeatherAPIWithDataProvider@47d90b9e]" started-at="2019-05-04T04:25:20Z" name="beforeMethod" finished-at="2019-05-04T04:25:20Z" duration-ms="0" status="PASS">
          <params>
            <param index="0">
              <value>
                <![CDATA[public void com.qa.rest.tests.TestWeatherAPIWithDataProvider.verifyWithInvalidData(java.util.Map)]]>
              </value>
            </param>
          </params>
          <reporter-output>
          </reporter-output>
        </test-method> <!-- beforeMethod -->
        <test-method signature="verifyWithInvalidData(java.util.Map)[pri:7, instance:com.qa.rest.tests.TestWeatherAPIWithDataProvider@47d90b9e]" started-at="2019-05-04T04:25:20Z" name="verifyWithInvalidData" data-provider="NegativeTestSenarios" finished-at="2019-05-04T04:25:20Z" duration-ms="132" status="PASS">
          <params>
            <param index="0">
              <value>
                <![CDATA[{Test Case Name=Verify 'Singapore, MY' City info, Error Message=Invalid API key, App ID=14d92fb7c2c0cd897c5ce09935897c0db, Status Code=401, City Name=Singapore, Country Code=MY}]]>
              </value>
            </param>
          </params>
          <reporter-output>
            <line>
              <![CDATA[Test case name is: Verify 'Singapore, MY' City info]]>
            </line>
            <line>
              <![CDATA[Response is : {"cod":401, "message": "Invalid API key. Please see http://openweathermap.org/faq#error401 for more info."}]]>
            </line>
            <line>
              <![CDATA[Verified the error message successfully.]]>
            </line>
          </reporter-output>
        </test-method> <!-- verifyWithInvalidData -->
        <test-method is-config="true" signature="afterMethod(org.testng.ITestResult)[pri:0, instance:com.qa.rest.tests.TestWeatherAPIWithDataProvider@47d90b9e]" started-at="2019-05-04T04:25:20Z" name="afterMethod" finished-at="2019-05-04T04:25:20Z" duration-ms="53" status="PASS">
          <params>
            <param index="0">
              <value>
                <![CDATA[[TestResult name=verifyWithInvalidData status=SUCCESS method=TestWeatherAPIWithDataProvider.verifyWithInvalidData(java.util.Map)[pri:7, instance:com.qa.rest.tests.TestWeatherAPIWithDataProvider@47d90b9e] output=Test case name is: Verify 'Singapore, MY' City info]]]>
              </value>
            </param>
          </params>
          <reporter-output>
          </reporter-output>
        </test-method> <!-- afterMethod -->
        <test-method is-config="true" signature="beforeMethod(java.lang.reflect.Method)[pri:0, instance:com.qa.rest.tests.TestWeatherAPIWithDataProvider@47d90b9e]" started-at="2019-05-04T04:25:20Z" name="beforeMethod" finished-at="2019-05-04T04:25:20Z" duration-ms="0" status="PASS">
          <params>
            <param index="0">
              <value>
                <![CDATA[public void com.qa.rest.tests.TestWeatherAPIWithDataProvider.verifyWithInvalidData(java.util.Map)]]>
              </value>
            </param>
          </params>
          <reporter-output>
          </reporter-output>
        </test-method> <!-- beforeMethod -->
        <test-method signature="verifyWithInvalidData(java.util.Map)[pri:7, instance:com.qa.rest.tests.TestWeatherAPIWithDataProvider@47d90b9e]" started-at="2019-05-04T04:25:20Z" name="verifyWithInvalidData" data-provider="NegativeTestSenarios" finished-at="2019-05-04T04:25:20Z" duration-ms="132" status="PASS">
          <params>
            <param index="0">
              <value>
                <![CDATA[{Test Case Name=Verify 'Dubai, AE' City info, Error Message=Invalid API key, App ID=14d92fb7c2c0cd897c5ce09935897c0dc, Status Code=401, City Name=Dubai, Country Code=AE}]]>
              </value>
            </param>
          </params>
          <reporter-output>
            <line>
              <![CDATA[Test case name is: Verify 'Dubai, AE' City info]]>
            </line>
            <line>
              <![CDATA[Response is : {"cod":401, "message": "Invalid API key. Please see http://openweathermap.org/faq#error401 for more info."}]]>
            </line>
            <line>
              <![CDATA[Verified the error message successfully.]]>
            </line>
          </reporter-output>
        </test-method> <!-- verifyWithInvalidData -->
        <test-method is-config="true" signature="afterMethod(org.testng.ITestResult)[pri:0, instance:com.qa.rest.tests.TestWeatherAPIWithDataProvider@47d90b9e]" started-at="2019-05-04T04:25:20Z" name="afterMethod" finished-at="2019-05-04T04:25:20Z" duration-ms="53" status="PASS">
          <params>
            <param index="0">
              <value>
                <![CDATA[[TestResult name=verifyWithInvalidData status=SUCCESS method=TestWeatherAPIWithDataProvider.verifyWithInvalidData(java.util.Map)[pri:7, instance:com.qa.rest.tests.TestWeatherAPIWithDataProvider@47d90b9e] output=Test case name is: Verify 'Dubai, AE' City info]]]>
              </value>
            </param>
          </params>
          <reporter-output>
          </reporter-output>
        </test-method> <!-- afterMethod -->
        <test-method is-config="true" signature="beforeMethod(java.lang.reflect.Method)[pri:0, instance:com.qa.rest.tests.TestWeatherAPIWithDataProvider@47d90b9e]" started-at="2019-05-04T04:25:20Z" name="beforeMethod" finished-at="2019-05-04T04:25:20Z" duration-ms="0" status="PASS">
          <params>
            <param index="0">
              <value>
                <![CDATA[public void com.qa.rest.tests.TestWeatherAPIWithDataProvider.verifyWithInvalidData(java.util.Map)]]>
              </value>
            </param>
          </params>
          <reporter-output>
          </reporter-output>
        </test-method> <!-- beforeMethod -->
        <test-method signature="verifyWithInvalidData(java.util.Map)[pri:7, instance:com.qa.rest.tests.TestWeatherAPIWithDataProvider@47d90b9e]" started-at="2019-05-04T04:25:20Z" name="verifyWithInvalidData" data-provider="NegativeTestSenarios" finished-at="2019-05-04T04:25:20Z" duration-ms="132" status="PASS">
          <params>
            <param index="0">
              <value>
                <![CDATA[{Test Case Name=Verify 'Cairo, EG' City info, Error Message=Invalid API key, App ID=14d92fb7c2c0cd897c5ce09935897c0dd, Status Code=401, City Name=Cairo, Country Code=EG}]]>
              </value>
            </param>
          </params>
          <reporter-output>
            <line>
              <![CDATA[Test case name is: Verify 'Cairo, EG' City info]]>
            </line>
            <line>
              <![CDATA[Response is : {"cod":401, "message": "Invalid API key. Please see http://openweathermap.org/faq#error401 for more info."}]]>
            </line>
            <line>
              <![CDATA[Verified the error message successfully.]]>
            </line>
          </reporter-output>
        </test-method> <!-- verifyWithInvalidData -->
        <test-method is-config="true" signature="afterMethod(org.testng.ITestResult)[pri:0, instance:com.qa.rest.tests.TestWeatherAPIWithDataProvider@47d90b9e]" started-at="2019-05-04T04:25:20Z" name="afterMethod" finished-at="2019-05-04T04:25:20Z" duration-ms="69" status="PASS">
          <params>
            <param index="0">
              <value>
                <![CDATA[[TestResult name=verifyWithInvalidData status=SUCCESS method=TestWeatherAPIWithDataProvider.verifyWithInvalidData(java.util.Map)[pri:7, instance:com.qa.rest.tests.TestWeatherAPIWithDataProvider@47d90b9e] output=Test case name is: Verify 'Cairo, EG' City info]]]>
              </value>
            </param>
          </params>
          <reporter-output>
          </reporter-output>
        </test-method> <!-- afterMethod -->
        <test-method signature="verifyWithInvalidData(java.util.Map)[pri:7, instance:com.qa.rest.tests.TestWeatherAPIWithDataProvider@47d90b9e]" started-at="2019-05-04T04:25:20Z" name="verifyWithInvalidData" data-provider="NegativeTestSenarios" finished-at="2019-05-04T04:25:21Z" duration-ms="247" status="PASS">
          <params>
            <param index="0">
              <value>
                <![CDATA[{Test Case Name=Verify 'Amsterdam, NL' City info, Error Message=Invalid API key, App ID=14d92fb7c2c0cd897c5ce09935897c0de, Status Code=401, City Name=Amsterdam, Country Code=NL}]]>
              </value>
            </param>
          </params>
          <reporter-output>
            <line>
              <![CDATA[Test case name is: Verify 'Amsterdam, NL' City info]]>
            </line>
            <line>
              <![CDATA[Response is : {"cod":401, "message": "Invalid API key. Please see http://openweathermap.org/faq#error401 for more info."}]]>
            </line>
            <line>
              <![CDATA[Verified the error message successfully.]]>
            </line>
          </reporter-output>
        </test-method> <!-- verifyWithInvalidData -->
        <test-method is-config="true" signature="beforeMethod(java.lang.reflect.Method)[pri:0, instance:com.qa.rest.tests.TestWeatherAPIWithDataProvider@47d90b9e]" started-at="2019-05-04T04:25:20Z" name="beforeMethod" finished-at="2019-05-04T04:25:20Z" duration-ms="0" status="PASS">
          <params>
            <param index="0">
              <value>
                <![CDATA[public void com.qa.rest.tests.TestWeatherAPIWithDataProvider.verifyWithInvalidData(java.util.Map)]]>
              </value>
            </param>
          </params>
          <reporter-output>
          </reporter-output>
        </test-method> <!-- beforeMethod -->
        <test-method is-config="true" signature="afterMethod(org.testng.ITestResult)[pri:0, instance:com.qa.rest.tests.TestWeatherAPIWithDataProvider@47d90b9e]" started-at="2019-05-04T04:25:21Z" name="afterMethod" finished-at="2019-05-04T04:25:21Z" duration-ms="54" status="PASS">
          <params>
            <param index="0">
              <value>
                <![CDATA[[TestResult name=verifyWithInvalidData status=SUCCESS method=TestWeatherAPIWithDataProvider.verifyWithInvalidData(java.util.Map)[pri:7, instance:com.qa.rest.tests.TestWeatherAPIWithDataProvider@47d90b9e] output=Test case name is: Verify 'Amsterdam, NL' City info]]]>
              </value>
            </param>
          </params>
          <reporter-output>
          </reporter-output>
        </test-method> <!-- afterMethod -->
      </class> <!-- com.qa.rest.tests.TestWeatherAPIWithDataProvider -->
    </test> <!-- Surefire test -->
  </suite> <!-- Surefire suite -->
</testng-results>
