<?xml version="1.0" encoding="UTF-8"?>
<testng-results ignored="0" total="60" passed="60" failed="0" skipped="0">
  <reporter-output>
    <line>
      <![CDATA[Test case name is: Verify 'Bangalore, IN' City info]]>
    </line>
    <line>
      <![CDATA[Response is {"coord":{"lon":77.6,"lat":12.98},"weather":[{"id":800,"main":"Clear","description":"clear sky","icon":"01d"}],"base":"stations","main":{"temp":302.37,"pressure":1013,"humidity":45,"temp_min":302.04,"temp_max":303.15},"visibility":10000,"wind":{"speed":3.1,"deg":240},"clouds":{"all":0},"dt":1556866190,"sys":{"type":1,"id":9205,"message":0.0055,"country":"IN","sunrise":1556843294,"sunset":1556888682},"id":1277333,"name":"Bangalore","cod":200}]]>
    </line>
    <line>
      <![CDATA[Verified the status code successfully.]]>
    </line>
    <line>
      <![CDATA[Country code has verified successfully.]]>
    </line>
    <line>
      <![CDATA[City name has verified successfully.]]>
    </line>
    <line>
      <![CDATA[Test case name is: Verify 'Delhi, IN' City info]]>
    </line>
    <line>
      <![CDATA[Response is {"coord":{"lon":77.22,"lat":28.65},"weather":[{"id":721,"main":"Haze","description":"haze","icon":"50d"}],"base":"stations","main":{"temp":308.25,"pressure":1007,"humidity":39,"temp_min":307.59,"temp_max":309.15},"visibility":4000,"wind":{"speed":1,"deg":60},"clouds":{"all":0},"dt":1556865907,"sys":{"type":1,"id":9161,"message":0.0057,"country":"IN","sunrise":1556842145,"sunset":1556890013},"id":1273294,"name":"Delhi","cod":200}]]>
    </line>
    <line>
      <![CDATA[Verified the status code successfully.]]>
    </line>
    <line>
      <![CDATA[Country code has verified successfully.]]>
    </line>
    <line>
      <![CDATA[City name has verified successfully.]]>
    </line>
    <line>
      <![CDATA[Test case name is: Verify 'Agra, IN' City info]]>
    </line>
    <line>
      <![CDATA[Response is {"coord":{"lon":78.01,"lat":27.18},"weather":[{"id":802,"main":"Clouds","description":"scattered clouds","icon":"03d"}],"base":"stations","main":{"temp":308.15,"pressure":1006,"humidity":32,"temp_min":308.15,"temp_max":308.15},"visibility":6000,"wind":{"speed":6.2,"deg":90},"clouds":{"all":40},"dt":1556861400,"sys":{"type":1,"id":9141,"message":0.005,"country":"IN","sunrise":1556842086,"sunset":1556889693},"id":1279259,"name":"Agra","cod":200}]]>
    </line>
    <line>
      <![CDATA[Verified the status code successfully.]]>
    </line>
    <line>
      <![CDATA[Country code has verified successfully.]]>
    </line>
    <line>
      <![CDATA[City name has verified successfully.]]>
    </line>
    <line>
      <![CDATA[Test case name is: Verify 'Mumbai, IN' City info]]>
    </line>
    <line>
      <![CDATA[Response is {"coord":{"lon":72.85,"lat":19.01},"weather":[{"id":711,"main":"Smoke","description":"smoke","icon":"50d"}],"base":"stations","main":{"temp":304.65,"pressure":1010,"humidity":55,"temp_min":304.15,"temp_max":305.15},"visibility":5000,"wind":{"speed":5.7,"deg":240},"clouds":{"all":40},"dt":1556863200,"sys":{"type":1,"id":9052,"message":0.005,"country":"IN","sunrise":1556843989,"sunset":1556890266},"id":1275339,"name":"Mumbai","cod":200}]]>
    </line>
    <line>
      <![CDATA[Verified the status code successfully.]]>
    </line>
    <line>
      <![CDATA[Country code has verified successfully.]]>
    </line>
    <line>
      <![CDATA[City name has verified successfully.]]>
    </line>
    <line>
      <![CDATA[Test case name is: Verify 'Nodia, IN' City info]]>
    </line>
    <line>
      <![CDATA[Response is {"coord":{"lon":77.35,"lat":28.57},"weather":[{"id":721,"main":"Haze","description":"haze","icon":"50d"}],"base":"stations","main":{"temp":308.25,"pressure":1007,"humidity":39,"temp_min":307.59,"temp_max":309.15},"visibility":4000,"wind":{"speed":1,"deg":60},"clouds":{"all":0},"dt":1556865907,"sys":{"type":1,"id":9161,"message":0.005,"country":"IN","sunrise":1556842121,"sunset":1556889975},"id":7279746,"name":"Noida","cod":200}]]>
    </line>
    <line>
      <![CDATA[Verified the status code successfully.]]>
    </line>
    <line>
      <![CDATA[Country code has verified successfully.]]>
    </line>
    <line>
      <![CDATA[City name has verified successfully.]]>
    </line>
    <line>
      <![CDATA[Test case name is: Verify 'Mysore, IN' City info]]>
    </line>
    <line>
      <![CDATA[Response is {"coord":{"lon":76.65,"lat":12.31},"weather":[{"id":804,"main":"Clouds","description":"overcast clouds","icon":"04d"}],"base":"stations","main":{"temp":305,"pressure":1010.01,"humidity":29,"temp_min":305,"temp_max":305,"sea_level":1010.01,"grnd_level":923.53},"wind":{"speed":4.57,"deg":258.002},"clouds":{"all":100},"dt":1556866400,"sys":{"message":0.0058,"country":"IN","sunrise":1556843569,"sunset":1556888862},"id":1262321,"name":"Mysore","cod":200}]]>
    </line>
    <line>
      <![CDATA[Verified the status code successfully.]]>
    </line>
    <line>
      <![CDATA[Country code has verified successfully.]]>
    </line>
    <line>
      <![CDATA[City name has verified successfully.]]>
    </line>
    <line>
      <![CDATA[Test case name is: Verify 'Patna, IN' City info]]>
    </line>
    <line>
      <![CDATA[Response is {"coord":{"lon":85.12,"lat":25.61},"weather":[{"id":721,"main":"Haze","description":"haze","icon":"50d"}],"base":"stations","main":{"temp":307.15,"pressure":1005,"humidity":59,"temp_min":307.15,"temp_max":307.15},"visibility":5000,"wind":{"speed":5.1,"deg":90},"clouds":{"all":75},"dt":1556863200,"sys":{"type":1,"id":9129,"message":0.0072,"country":"IN","sunrise":1556840515,"sunset":1556887851},"id":1260086,"name":"Patna","cod":200}]]>
    </line>
    <line>
      <![CDATA[Verified the status code successfully.]]>
    </line>
    <line>
      <![CDATA[Country code has verified successfully.]]>
    </line>
    <line>
      <![CDATA[City name has verified successfully.]]>
    </line>
    <line>
      <![CDATA[Test case name is: Verify 'KolKata, IN' City info]]>
    </line>
    <line>
      <![CDATA[Response is {"coord":{"lon":88.35,"lat":22.57},"weather":[{"id":500,"main":"Rain","description":"light rain","icon":"10d"}],"base":"stations","main":{"temp":298.15,"pressure":1005,"humidity":94,"temp_min":298.15,"temp_max":298.15},"visibility":2200,"wind":{"speed":8.2,"deg":140},"clouds":{"all":90},"dt":1556863200,"sys":{"type":1,"id":9114,"message":0.0052,"country":"IN","sunrise":1556839992,"sunset":1556886824},"id":1275004,"name":"Kolkata","cod":200}]]>
    </line>
    <line>
      <![CDATA[Verified the status code successfully.]]>
    </line>
    <line>
      <![CDATA[Country code has verified successfully.]]>
    </line>
    <line>
      <![CDATA[City name has verified successfully.]]>
    </line>
    <line>
      <![CDATA[Test case name is: Verify 'Hydrabad, IN' City info]]>
    </line>
    <line>
      <![CDATA[Response is {"coord":{"lon":78.47,"lat":17.36},"weather":[{"id":802,"main":"Clouds","description":"scattered clouds","icon":"03d"}],"base":"stations","main":{"temp":309.19,"pressure":1010,"humidity":25,"temp_min":309.15,"temp_max":309.26},"visibility":6000,"wind":{"speed":4.1,"deg":310},"clouds":{"all":40},"dt":1556865967,"sys":{"type":1,"id":9214,"message":0.005,"country":"IN","sunrise":1556842765,"sunset":1556888792},"id":1269843,"name":"Hyderabad","cod":200}]]>
    </line>
    <line>
      <![CDATA[Verified the status code successfully.]]>
    </line>
    <line>
      <![CDATA[Country code has verified successfully.]]>
    </line>
    <line>
      <![CDATA[City name has verified successfully.]]>
    </line>
    <line>
      <![CDATA[Test case name is: Verify 'Lokhnow, IN' City info]]>
    </line>
    <line>
      <![CDATA[Response is {"coord":{"lon":80.93,"lat":26.84},"weather":[{"id":761,"main":"Dust","description":"dust","icon":"50d"}],"base":"stations","main":{"temp":306.15,"pressure":1007,"humidity":33,"temp_min":306.15,"temp_max":306.15},"visibility":3500,"wind":{"speed":5.1,"deg":30},"clouds":{"all":40},"dt":1556863200,"sys":{"type":1,"id":9176,"message":0.0055,"country":"IN","sunrise":1556841415,"sunset":1556888962},"id":1264733,"name":"Lucknow","cod":200}]]>
    </line>
    <line>
      <![CDATA[Verified the status code successfully.]]>
    </line>
    <line>
      <![CDATA[Country code has verified successfully.]]>
    </line>
    <line>
      <![CDATA[City name has verified successfully.]]>
    </line>
    <line>
      <![CDATA[Test case name is: Verify 'Ahmedabad, IN' City info]]>
    </line>
    <line>
      <![CDATA[Response is {"coord":{"lon":72.58,"lat":23.02},"weather":[{"id":711,"main":"Smoke","description":"smoke","icon":"50d"}],"base":"stations","main":{"temp":308.15,"pressure":1007,"humidity":32,"temp_min":308.15,"temp_max":308.15},"visibility":5000,"wind":{"speed":3.1,"deg":250},"clouds":{"all":0},"dt":1556863200,"sys":{"type":1,"id":9049,"message":0.0068,"country":"IN","sunrise":1556843738,"sunset":1556890647},"id":1279233,"name":"Ahmedabad","cod":200}]]>
    </line>
    <line>
      <![CDATA[Verified the status code successfully.]]>
    </line>
    <line>
      <![CDATA[Country code has verified successfully.]]>
    </line>
    <line>
      <![CDATA[City name has verified successfully.]]>
    </line>
    <line>
      <![CDATA[Test case name is: Verify 'Chennai, IN' City info]]>
    </line>
    <line>
      <![CDATA[Response is {"coord":{"lon":80.28,"lat":13.09},"weather":[{"id":802,"main":"Clouds","description":"scattered clouds","icon":"03d"}],"base":"stations","main":{"temp":311.21,"pressure":1006,"humidity":29,"temp_min":310.37,"temp_max":313.15},"visibility":8000,"wind":{"speed":3.1,"deg":240},"clouds":{"all":40},"dt":1556863200,"sys":{"type":1,"id":9218,"message":0.0054,"country":"IN","sunrise":1556842643,"sunset":1556888046},"id":1264527,"name":"Chennai","cod":200}]]>
    </line>
    <line>
      <![CDATA[Verified the status code successfully.]]>
    </line>
    <line>
      <![CDATA[Country code has verified successfully.]]>
    </line>
    <line>
      <![CDATA[City name has verified successfully.]]>
    </line>
    <line>
      <![CDATA[Test case name is: Verify 'Texas, US' City info]]>
    </line>
    <line>
      <![CDATA[Response is {"coord":{"lon":-91.14,"lat":30.17},"weather":[{"id":804,"main":"Clouds","description":"overcast clouds","icon":"04n"}],"base":"stations","main":{"temp":294.89,"pressure":1016,"humidity":94,"temp_min":293.71,"temp_max":296.15},"visibility":16093,"wind":{"speed":2.03,"deg":169.189},"clouds":{"all":90},"dt":1556866398,"sys":{"type":1,"id":5666,"message":0.0056,"country":"US","sunrise":1556882388,"sunset":1556930578},"id":4325507,"name":"Texas","cod":200}]]>
    </line>
    <line>
      <![CDATA[Verified the status code successfully.]]>
    </line>
    <line>
      <![CDATA[Country code has verified successfully.]]>
    </line>
    <line>
      <![CDATA[City name has verified successfully.]]>
    </line>
    <line>
      <![CDATA[Test case name is: Verify 'Chicago, US' City info]]>
    </line>
    <line>
      <![CDATA[Response is {"coord":{"lon":-87.62,"lat":41.88},"weather":[{"id":804,"main":"Clouds","description":"overcast clouds","icon":"04n"}],"base":"stations","main":{"temp":280.27,"pressure":1019,"humidity":93,"temp_min":279.26,"temp_max":281.48},"visibility":16093,"wind":{"speed":4.6,"deg":360},"clouds":{"all":90},"dt":1556866296,"sys":{"type":1,"id":4309,"message":0.0092,"country":"US","sunrise":1556880255,"sunset":1556931021},"id":4887398,"name":"Chicago","cod":200}]]>
    </line>
    <line>
      <![CDATA[Verified the status code successfully.]]>
    </line>
    <line>
      <![CDATA[Country code has verified successfully.]]>
    </line>
    <line>
      <![CDATA[City name has verified successfully.]]>
    </line>
    <line>
      <![CDATA[Test case name is: Verify 'Houston, US' City info]]>
    </line>
    <line>
      <![CDATA[Response is {"coord":{"lon":-95.37,"lat":29.76},"weather":[{"id":803,"main":"Clouds","description":"broken clouds","icon":"04n"}],"base":"stations","main":{"temp":294.58,"pressure":1015,"humidity":88,"temp_min":292.59,"temp_max":297.15},"visibility":16093,"wind":{"speed":3.1,"deg":40},"clouds":{"all":75},"dt":1556866326,"sys":{"type":1,"id":4850,"message":0.0087,"country":"US","sunrise":1556883441,"sunset":1556931555},"id":4699066,"name":"Houston","cod":200}]]>
    </line>
    <line>
      <![CDATA[Verified the status code successfully.]]>
    </line>
    <line>
      <![CDATA[Country code has verified successfully.]]>
    </line>
    <line>
      <![CDATA[City name has verified successfully.]]>
    </line>
    <line>
      <![CDATA[Test case name is: Verify 'Los Angeles, US' City info]]>
    </line>
    <line>
      <![CDATA[Response is {"coord":{"lon":-118.24,"lat":34.05},"weather":[{"id":800,"main":"Clear","description":"clear sky","icon":"01n"}],"base":"stations","main":{"temp":286.94,"pressure":1015,"humidity":93,"temp_min":285.37,"temp_max":288.15},"visibility":11265,"wind":{"speed":1.41,"deg":181.625},"clouds":{"all":1},"dt":1556866347,"sys":{"type":1,"id":3694,"message":0.0097,"country":"US","sunrise":1556802164,"sunset":1556851019},"id":5368361,"name":"Los Angeles","cod":200}]]>
    </line>
    <line>
      <![CDATA[Verified the status code successfully.]]>
    </line>
    <line>
      <![CDATA[Country code has verified successfully.]]>
    </line>
    <line>
      <![CDATA[City name has verified successfully.]]>
    </line>
    <line>
      <![CDATA[Test case name is: Verify 'Philadelphia, US' City info]]>
    </line>
    <line>
      <![CDATA[Response is {"coord":{"lon":-75.16,"lat":39.95},"weather":[{"id":701,"main":"Mist","description":"mist","icon":"50n"}],"base":"stations","main":{"temp":284.66,"pressure":1021,"humidity":100,"temp_min":283.15,"temp_max":286.48},"visibility":11265,"wind":{"speed":3.6,"deg":80},"clouds":{"all":90},"dt":1556866374,"sys":{"type":1,"id":4743,"message":0.0098,"country":"US","sunrise":1556877512,"sunset":1556927784},"id":4560349,"name":"Philadelphia","cod":200}]]>
    </line>
    <line>
      <![CDATA[Verified the status code successfully.]]>
    </line>
    <line>
      <![CDATA[Country code has verified successfully.]]>
    </line>
    <line>
      <![CDATA[City name has verified successfully.]]>
    </line>
    <line>
      <![CDATA[Test case name is: Verify 'Edinburgh, GB' City info]]>
    </line>
    <line>
      <![CDATA[Response is {"coord":{"lon":-3.19,"lat":55.95},"weather":[{"id":803,"main":"Clouds","description":"broken clouds","icon":"04d"}],"base":"stations","main":{"temp":278.75,"pressure":1017,"humidity":86,"temp_min":278.15,"temp_max":279.82},"visibility":10000,"wind":{"speed":0.5},"clouds":{"all":75},"dt":1556866187,"sys":{"type":1,"id":1442,"message":0.0061,"country":"GB","sunrise":1556857513,"sunset":1556913239},"id":2650225,"name":"Edinburgh","cod":200}]]>
    </line>
    <line>
      <![CDATA[Verified the status code successfully.]]>
    </line>
    <line>
      <![CDATA[Country code has verified successfully.]]>
    </line>
    <line>
      <![CDATA[City name has verified successfully.]]>
    </line>
    <line>
      <![CDATA[Test case name is: Verify 'Glasgow, GB' City info]]>
    </line>
    <line>
      <![CDATA[Response is {"coord":{"lon":-4.24,"lat":55.86},"weather":[{"id":804,"main":"Clouds","description":"overcast clouds","icon":"04d"}],"base":"stations","main":{"temp":278.79,"pressure":1017,"humidity":81,"temp_min":278.15,"temp_max":279.26},"visibility":10000,"wind":{"speed":1.5,"deg":10},"clouds":{"all":90},"dt":1556866415,"sys":{"type":1,"id":1441,"message":0.0064,"country":"GB","sunrise":1556857787,"sunset":1556913469},"id":2648579,"name":"Glasgow","cod":200}]]>
    </line>
    <line>
      <![CDATA[Verified the status code successfully.]]>
    </line>
    <line>
      <![CDATA[Country code has verified successfully.]]>
    </line>
    <line>
      <![CDATA[City name has verified successfully.]]>
    </line>
    <line>
      <![CDATA[Test case name is: Verify 'Moscow, RU' City info]]>
    </line>
    <line>
      <![CDATA[Response is {"coord":{"lon":37.62,"lat":55.75},"weather":[{"id":800,"main":"Clear","description":"clear sky","icon":"01d"}],"base":"stations","main":{"temp":284.93,"pressure":996,"humidity":62,"temp_min":284.15,"temp_max":285.93},"visibility":10000,"wind":{"speed":6,"deg":220},"clouds":{"all":0},"dt":1556865907,"sys":{"type":1,"id":9029,"message":0.0051,"country":"RU","sunrise":1556847783,"sunset":1556903382},"id":524901,"name":"Moscow","cod":200}]]>
    </line>
    <line>
      <![CDATA[Verified the status code successfully.]]>
    </line>
    <line>
      <![CDATA[Country code has verified successfully.]]>
    </line>
    <line>
      <![CDATA[City name has verified successfully.]]>
    </line>
    <line>
      <![CDATA[Test case name is: Verify 'Tokyo, JP' City info]]>
    </line>
    <line>
      <![CDATA[Response is {"coord":{"lon":139.76,"lat":35.68},"weather":[{"id":803,"main":"Clouds","description":"broken clouds","icon":"04d"}],"base":"stations","main":{"temp":297.01,"pressure":1012,"humidity":53,"temp_min":294.15,"temp_max":300.37},"visibility":10000,"wind":{"speed":3.6,"deg":200},"clouds":{"all":75},"dt":1556866205,"sys":{"type":1,"id":8077,"message":0.0068,"country":"JP","sunrise":1556826458,"sunset":1556875683},"id":1850147,"name":"Tokyo","cod":200}]]>
    </line>
    <line>
      <![CDATA[Verified the status code successfully.]]>
    </line>
    <line>
      <![CDATA[Country code has verified successfully.]]>
    </line>
    <line>
      <![CDATA[City name has verified successfully.]]>
    </line>
    <line>
      <![CDATA[Test case name is: Verify 'Madrid, ES' City info]]>
    </line>
    <line>
      <![CDATA[Response is {"coord":{"lon":-3.7,"lat":40.42},"weather":[{"id":800,"main":"Clear","description":"clear sky","icon":"01d"}],"base":"stations","main":{"temp":285.95,"pressure":1011,"humidity":67,"temp_min":283.15,"temp_max":289.26},"visibility":10000,"wind":{"speed":1},"clouds":{"all":0},"dt":1556866207,"sys":{"type":1,"id":6443,"message":0.0059,"country":"ES","sunrise":1556860318,"sunset":1556910679},"id":3117735,"name":"Madrid","cod":200}]]>
    </line>
    <line>
      <![CDATA[Verified the status code successfully.]]>
    </line>
    <line>
      <![CDATA[Country code has verified successfully.]]>
    </line>
    <line>
      <![CDATA[City name has verified successfully.]]>
    </line>
    <line>
      <![CDATA[Test case name is: Verify 'Zurich, CH' City info]]>
    </line>
    <line>
      <![CDATA[Response is {"coord":{"lon":8.54,"lat":47.37},"weather":[{"id":520,"main":"Rain","description":"light intensity shower rain","icon":"09d"}],"base":"stations","main":{"temp":281.14,"pressure":1012,"humidity":93,"temp_min":278.71,"temp_max":283.15},"visibility":10000,"wind":{"speed":3.1,"deg":270},"clouds":{"all":90},"dt":1556866402,"sys":{"type":1,"id":6932,"message":0.0088,"country":"CH","sunrise":1556856406,"sunset":1556908716},"id":2657896,"name":"Zurich","cod":200}]]>
    </line>
    <line>
      <![CDATA[Verified the status code successfully.]]>
    </line>
    <line>
      <![CDATA[Country code has verified successfully.]]>
    </line>
    <line>
      <![CDATA[City name has verified successfully.]]>
    </line>
    <line>
      <![CDATA[Test case name is: Verify 'Rome, IT' City info]]>
    </line>
    <line>
      <![CDATA[Response is {"coord":{"lon":12.48,"lat":41.89},"weather":[{"id":801,"main":"Clouds","description":"few clouds","icon":"02d"}],"base":"stations","main":{"temp":285.79,"pressure":1014,"humidity":100,"temp_min":282.59,"temp_max":289.82},"visibility":10000,"wind":{"speed":1},"clouds":{"all":20},"dt":1556866148,"sys":{"type":1,"id":6796,"message":0.0055,"country":"IT","sunrise":1556856252,"sunset":1556906979},"id":6539761,"name":"Rome","cod":200}]]>
    </line>
    <line>
      <![CDATA[Verified the status code successfully.]]>
    </line>
    <line>
      <![CDATA[Country code has verified successfully.]]>
    </line>
    <line>
      <![CDATA[City name has verified successfully.]]>
    </line>
    <line>
      <![CDATA[Test case name is: Verify 'Bangkok, TH' City info]]>
    </line>
    <line>
      <![CDATA[Response is {"coord":{"lon":100.49,"lat":13.75},"weather":[{"id":801,"main":"Clouds","description":"few clouds","icon":"02d"}],"base":"stations","main":{"temp":310.71,"pressure":1008,"humidity":47,"temp_min":309.15,"temp_max":312.59},"visibility":10000,"wind":{"speed":3.1,"deg":220},"clouds":{"all":20},"dt":1556865885,"sys":{"type":1,"id":9235,"message":0.0052,"country":"TH","sunrise":1556837747,"sunset":1556883242},"id":1609350,"name":"Bangkok","cod":200}]]>
    </line>
    <line>
      <![CDATA[Verified the status code successfully.]]>
    </line>
    <line>
      <![CDATA[Country code has verified successfully.]]>
    </line>
    <line>
      <![CDATA[City name has verified successfully.]]>
    </line>
    <line>
      <![CDATA[Test case name is: Verify 'Sidney, US' City info]]>
    </line>
    <line>
      <![CDATA[Response is {"coord":{"lon":-102.98,"lat":41.14},"weather":[{"id":802,"main":"Clouds","description":"scattered clouds","icon":"03n"}],"base":"stations","main":{"temp":277.53,"pressure":1016,"humidity":86,"temp_min":276.15,"temp_max":278.15},"visibility":16093,"wind":{"speed":2.1,"deg":210},"clouds":{"all":40},"dt":1556865986,"sys":{"type":1,"id":5925,"message":0.0056,"country":"US","sunrise":1556884034,"sunset":1556934614},"id":5699552,"name":"Sidney","cod":200}]]>
    </line>
    <line>
      <![CDATA[Verified the status code successfully.]]>
    </line>
    <line>
      <![CDATA[Country code has verified successfully.]]>
    </line>
    <line>
      <![CDATA[City name has verified successfully.]]>
    </line>
    <line>
      <![CDATA[Test case name is: Verify 'Singapore, MY' City info]]>
    </line>
    <line>
      <![CDATA[Response is {"coord":{"lon":103.85,"lat":1.29},"weather":[{"id":802,"main":"Clouds","description":"scattered clouds","icon":"03d"}],"base":"stations","main":{"temp":305.53,"pressure":1010,"humidity":66,"temp_min":303.15,"temp_max":308.15},"visibility":10000,"wind":{"speed":0.5,"deg":80},"clouds":{"all":40},"dt":1556865730,"sys":{"type":1,"id":9470,"message":0.005,"country":"MY","sunrise":1556837795,"sunset":1556881581},"id":1880252,"name":"Singapore","cod":200}]]>
    </line>
    <line>
      <![CDATA[Verified the status code successfully.]]>
    </line>
    <line>
      <![CDATA[Country code has verified successfully.]]>
    </line>
    <line>
      <![CDATA[City name has verified successfully.]]>
    </line>
    <line>
      <![CDATA[Test case name is: Verify 'Dubai, AE' City info]]>
    </line>
    <line>
      <![CDATA[Response is {"coord":{"lon":55.3,"lat":25.27},"weather":[{"id":800,"main":"Clear","description":"clear sky","icon":"01d"}],"base":"stations","main":{"temp":304.15,"pressure":1009,"humidity":40,"temp_min":304.15,"temp_max":304.15},"visibility":10000,"wind":{"speed":2.1,"deg":200},"clouds":{"all":0},"dt":1556863200,"sys":{"type":1,"id":7537,"message":0.007,"country":"AE","sunrise":1556847697,"sunset":1556894981},"id":292223,"name":"Dubai","cod":200}]]>
    </line>
    <line>
      <![CDATA[Verified the status code successfully.]]>
    </line>
    <line>
      <![CDATA[Country code has verified successfully.]]>
    </line>
    <line>
      <![CDATA[City name has verified successfully.]]>
    </line>
    <line>
      <![CDATA[Test case name is: Verify 'Cairo, EG' City info]]>
    </line>
    <line>
      <![CDATA[Response is {"coord":{"lon":31.24,"lat":30.05},"weather":[{"id":800,"main":"Clear","description":"clear sky","icon":"01d"}],"base":"stations","main":{"temp":294.97,"pressure":1015,"humidity":60,"temp_min":294.82,"temp_max":295.15},"visibility":6000,"wind":{"speed":3.1,"deg":10},"clouds":{"all":0},"dt":1556866368,"sys":{"type":1,"id":2514,"message":0.0049,"country":"EG","sunrise":1556853045,"sunset":1556901182},"id":360630,"name":"Cairo","cod":200}]]>
    </line>
    <line>
      <![CDATA[Verified the status code successfully.]]>
    </line>
    <line>
      <![CDATA[Country code has verified successfully.]]>
    </line>
    <line>
      <![CDATA[City name has verified successfully.]]>
    </line>
    <line>
      <![CDATA[Test case name is: Verify 'Amsterdam, NL' City info]]>
    </line>
    <line>
      <![CDATA[Response is {"coord":{"lon":4.89,"lat":52.37},"weather":[{"id":801,"main":"Clouds","description":"few clouds","icon":"02d"}],"base":"stations","main":{"temp":281.77,"pressure":1014,"humidity":65,"temp_min":280.37,"temp_max":283.15},"visibility":10000,"wind":{"speed":2.1,"deg":350},"clouds":{"all":20},"dt":1556866323,"sys":{"type":1,"id":1524,"message":0.0084,"country":"NL","sunrise":1556856380,"sunset":1556910494},"id":2759794,"name":"Amsterdam","cod":200}]]>
    </line>
    <line>
      <![CDATA[Verified the status code successfully.]]>
    </line>
    <line>
      <![CDATA[Country code has verified successfully.]]>
    </line>
    <line>
      <![CDATA[City name has verified successfully.]]>
    </line>
    <line>
      <![CDATA[Test case name is: Verify 'Bangalore, IN' City info]]>
    </line>
    <line>
      <![CDATA[Response is : {"cod":"404","message":"city not found"}]]>
    </line>
    <line>
      <![CDATA[Verified the error message successfully.]]>
    </line>
    <line>
      <![CDATA[Test case name is: Verify 'Delhi, IN' City info]]>
    </line>
    <line>
      <![CDATA[Response is : {"cod":"404","message":"city not found"}]]>
    </line>
    <line>
      <![CDATA[Verified the error message successfully.]]>
    </line>
    <line>
      <![CDATA[Test case name is: Verify 'Agra, IN' City info]]>
    </line>
    <line>
      <![CDATA[Response is : {"cod":"404","message":"city not found"}]]>
    </line>
    <line>
      <![CDATA[Verified the error message successfully.]]>
    </line>
    <line>
      <![CDATA[Test case name is: Verify 'Mumbai, IN' City info]]>
    </line>
    <line>
      <![CDATA[Response is : {"cod":"404","message":"city not found"}]]>
    </line>
    <line>
      <![CDATA[Verified the error message successfully.]]>
    </line>
    <line>
      <![CDATA[Test case name is: Verify 'Nodia, IN' City info]]>
    </line>
    <line>
      <![CDATA[Response is : {"cod":"404","message":"city not found"}]]>
    </line>
    <line>
      <![CDATA[Verified the error message successfully.]]>
    </line>
    <line>
      <![CDATA[Test case name is: Verify 'Mysore, IN' City info]]>
    </line>
    <line>
      <![CDATA[Response is : {"cod":"404","message":"city not found"}]]>
    </line>
    <line>
      <![CDATA[Verified the error message successfully.]]>
    </line>
    <line>
      <![CDATA[Test case name is: Verify 'Patna, IN' City info]]>
    </line>
    <line>
      <![CDATA[Response is : {"cod":"404","message":"city not found"}]]>
    </line>
    <line>
      <![CDATA[Verified the error message successfully.]]>
    </line>
    <line>
      <![CDATA[Test case name is: Verify 'KolKata, IN' City info]]>
    </line>
    <line>
      <![CDATA[Response is : {"cod":"404","message":"city not found"}]]>
    </line>
    <line>
      <![CDATA[Verified the error message successfully.]]>
    </line>
    <line>
      <![CDATA[Test case name is: Verify 'Hydrabad, IN' City info]]>
    </line>
    <line>
      <![CDATA[Response is : {"cod":401, "message": "Invalid API key. Please see http://openweathermap.org/faq#error401 for more info."}]]>
    </line>
    <line>
      <![CDATA[Verified the error message successfully.]]>
    </line>
    <line>
      <![CDATA[Test case name is: Verify 'Lokhnow, IN' City info]]>
    </line>
    <line>
      <![CDATA[Response is : {"cod":401, "message": "Invalid API key. Please see http://openweathermap.org/faq#error401 for more info."}]]>
    </line>
    <line>
      <![CDATA[Verified the error message successfully.]]>
    </line>
    <line>
      <![CDATA[Test case name is: Verify 'Ahmedabad, IN' City info]]>
    </line>
    <line>
      <![CDATA[Response is : {"cod":401, "message": "Invalid API key. Please see http://openweathermap.org/faq#error401 for more info."}]]>
    </line>
    <line>
      <![CDATA[Verified the error message successfully.]]>
    </line>
    <line>
      <![CDATA[Test case name is: Verify 'Chennai, IN' City info]]>
    </line>
    <line>
      <![CDATA[Response is : {"cod":401, "message": "Invalid API key. Please see http://openweathermap.org/faq#error401 for more info."}]]>
    </line>
    <line>
      <![CDATA[Verified the error message successfully.]]>
    </line>
    <line>
      <![CDATA[Test case name is: Verify 'Texas, US' City info]]>
    </line>
    <line>
      <![CDATA[Response is : {"cod":401, "message": "Invalid API key. Please see http://openweathermap.org/faq#error401 for more info."}]]>
    </line>
    <line>
      <![CDATA[Verified the error message successfully.]]>
    </line>
    <line>
      <![CDATA[Test case name is: Verify 'Chicago, US' City info]]>
    </line>
    <line>
      <![CDATA[Response is : {"cod":401, "message": "Invalid API key. Please see http://openweathermap.org/faq#error401 for more info."}]]>
    </line>
    <line>
      <![CDATA[Verified the error message successfully.]]>
    </line>
    <line>
      <![CDATA[Test case name is: Verify 'Houston, US' City info]]>
    </line>
    <line>
      <![CDATA[Response is : {"cod":401, "message": "Invalid API key. Please see http://openweathermap.org/faq#error401 for more info."}]]>
    </line>
    <line>
      <![CDATA[Verified the error message successfully.]]>
    </line>
    <line>
      <![CDATA[Test case name is: Verify 'Los Angeles, US' City info]]>
    </line>
    <line>
      <![CDATA[Response is : {"cod":401, "message": "Invalid API key. Please see http://openweathermap.org/faq#error401 for more info."}]]>
    </line>
    <line>
      <![CDATA[Verified the error message successfully.]]>
    </line>
    <line>
      <![CDATA[Test case name is: Verify 'Philadelphia, US' City info]]>
    </line>
    <line>
      <![CDATA[Response is : {"cod":401, "message": "Invalid API key. Please see http://openweathermap.org/faq#error401 for more info."}]]>
    </line>
    <line>
      <![CDATA[Verified the error message successfully.]]>
    </line>
    <line>
      <![CDATA[Test case name is: Verify 'Edinburgh, GB' City info]]>
    </line>
    <line>
      <![CDATA[Response is : {"cod":401, "message": "Invalid API key. Please see http://openweathermap.org/faq#error401 for more info."}]]>
    </line>
    <line>
      <![CDATA[Verified the error message successfully.]]>
    </line>
    <line>
      <![CDATA[Test case name is: Verify 'Glasgow, GB' City info]]>
    </line>
    <line>
      <![CDATA[Response is : {"cod":401, "message": "Invalid API key. Please see http://openweathermap.org/faq#error401 for more info."}]]>
    </line>
    <line>
      <![CDATA[Verified the error message successfully.]]>
    </line>
    <line>
      <![CDATA[Test case name is: Verify 'Moscow, RU' City info]]>
    </line>
    <line>
      <![CDATA[Response is : {"cod":401, "message": "Invalid API key. Please see http://openweathermap.org/faq#error401 for more info."}]]>
    </line>
    <line>
      <![CDATA[Verified the error message successfully.]]>
    </line>
    <line>
      <![CDATA[Test case name is: Verify 'Tokyo, JP' City info]]>
    </line>
    <line>
      <![CDATA[Response is : {"cod":"404","message":"city not found"}]]>
    </line>
    <line>
      <![CDATA[Verified the error message successfully.]]>
    </line>
    <line>
      <![CDATA[Test case name is: Verify 'Madrid, ES' City info]]>
    </line>
    <line>
      <![CDATA[Response is : {"cod":"404","message":"city not found"}]]>
    </line>
    <line>
      <![CDATA[Verified the error message successfully.]]>
    </line>
    <line>
      <![CDATA[Test case name is: Verify 'Zurich, CH' City info]]>
    </line>
    <line>
      <![CDATA[Response is : {"cod":"404","message":"city not found"}]]>
    </line>
    <line>
      <![CDATA[Verified the error message successfully.]]>
    </line>
    <line>
      <![CDATA[Test case name is: Verify 'Rome, IT' City info]]>
    </line>
    <line>
      <![CDATA[Response is : {"cod":"404","message":"city not found"}]]>
    </line>
    <line>
      <![CDATA[Verified the error message successfully.]]>
    </line>
    <line>
      <![CDATA[Test case name is: Verify 'Bangkok, TH' City info]]>
    </line>
    <line>
      <![CDATA[Response is : {"cod":"404","message":"city not found"}]]>
    </line>
    <line>
      <![CDATA[Verified the error message successfully.]]>
    </line>
    <line>
      <![CDATA[Test case name is: Verify 'Sidney, US' City info]]>
    </line>
    <line>
      <![CDATA[Response is : {"cod":401, "message": "Invalid API key. Please see http://openweathermap.org/faq#error401 for more info."}]]>
    </line>
    <line>
      <![CDATA[Verified the error message successfully.]]>
    </line>
    <line>
      <![CDATA[Test case name is: Verify 'Singapore, MY' City info]]>
    </line>
    <line>
      <![CDATA[Response is : {"cod":401, "message": "Invalid API key. Please see http://openweathermap.org/faq#error401 for more info."}]]>
    </line>
    <line>
      <![CDATA[Verified the error message successfully.]]>
    </line>
    <line>
      <![CDATA[Test case name is: Verify 'Dubai, AE' City info]]>
    </line>
    <line>
      <![CDATA[Response is : {"cod":401, "message": "Invalid API key. Please see http://openweathermap.org/faq#error401 for more info."}]]>
    </line>
    <line>
      <![CDATA[Verified the error message successfully.]]>
    </line>
    <line>
      <![CDATA[Test case name is: Verify 'Cairo, EG' City info]]>
    </line>
    <line>
      <![CDATA[Response is : {"cod":401, "message": "Invalid API key. Please see http://openweathermap.org/faq#error401 for more info."}]]>
    </line>
    <line>
      <![CDATA[Verified the error message successfully.]]>
    </line>
    <line>
      <![CDATA[Test case name is: Verify 'Amsterdam, NL' City info]]>
    </line>
    <line>
      <![CDATA[Response is : {"cod":401, "message": "Invalid API key. Please see http://openweathermap.org/faq#error401 for more info."}]]>
    </line>
    <line>
      <![CDATA[Verified the error message successfully.]]>
    </line>
  </reporter-output>
  <suite started-at="2019-05-03T06:53:19Z" name="Default suite" finished-at="2019-05-03T06:53:53Z" duration-ms="34074">
    <groups>
    </groups>
    <test started-at="2019-05-03T06:53:19Z" name="Default test" finished-at="2019-05-03T06:53:53Z" duration-ms="34074">
      <class name="com.qa.rest.tests.TestWeatherAPIWithDataProvider">
        <test-method is-config="true" signature="beforeMethod(java.lang.reflect.Method)[pri:0, instance:com.qa.rest.tests.TestWeatherAPIWithDataProvider@223f3642]" started-at="2019-05-03T06:53:20Z" name="beforeMethod" finished-at="2019-05-03T06:53:21Z" duration-ms="664" status="PASS">
          <params>
            <param index="0">
              <value>
                <![CDATA[public void com.qa.rest.tests.TestWeatherAPIWithDataProvider.verifyWithValidData(java.util.Map)]]>
              </value>
            </param>
          </params>
          <reporter-output>
          </reporter-output>
        </test-method> <!-- beforeMethod -->
        <test-method signature="verifyWithValidData(java.util.Map)[pri:1, instance:com.qa.rest.tests.TestWeatherAPIWithDataProvider@223f3642]" started-at="2019-05-03T06:53:21Z" name="verifyWithValidData" data-provider="PositiveTestSenarios" finished-at="2019-05-03T06:53:26Z" duration-ms="5250" status="PASS">
          <params>
            <param index="0">
              <value>
                <![CDATA[{Test Case Name=Verify 'Bangalore, IN' City info, City Name=Bangalore, App ID=14d92fb7c2c0cd897c5ce09935897c0d, Country Code=IN, Status Code=200}]]>
              </value>
            </param>
          </params>
          <reporter-output>
            <line>
              <![CDATA[Test case name is: Verify 'Bangalore, IN' City info]]>
            </line>
            <line>
              <![CDATA[Response is {"coord":{"lon":77.6,"lat":12.98},"weather":[{"id":800,"main":"Clear","description":"clear sky","icon":"01d"}],"base":"stations","main":{"temp":302.37,"pressure":1013,"humidity":45,"temp_min":302.04,"temp_max":303.15},"visibility":10000,"wind":{"speed":3.1,"deg":240},"clouds":{"all":0},"dt":1556866190,"sys":{"type":1,"id":9205,"message":0.0055,"country":"IN","sunrise":1556843294,"sunset":1556888682},"id":1277333,"name":"Bangalore","cod":200}]]>
            </line>
            <line>
              <![CDATA[Verified the status code successfully.]]>
            </line>
            <line>
              <![CDATA[Country code has verified successfully.]]>
            </line>
            <line>
              <![CDATA[City name has verified successfully.]]>
            </line>
          </reporter-output>
        </test-method> <!-- verifyWithValidData -->
        <test-method is-config="true" signature="afterMethod(org.testng.ITestResult)[pri:0, instance:com.qa.rest.tests.TestWeatherAPIWithDataProvider@223f3642]" started-at="2019-05-03T06:53:26Z" name="afterMethod" finished-at="2019-05-03T06:53:27Z" duration-ms="650" status="PASS">
          <params>
            <param index="0">
              <value>
                <![CDATA[[TestResult name=verifyWithValidData status=SUCCESS method=TestWeatherAPIWithDataProvider.verifyWithValidData(java.util.Map)[pri:1, instance:com.qa.rest.tests.TestWeatherAPIWithDataProvider@223f3642] output=Test case name is: Verify 'Bangalore, IN' City info]]]>
              </value>
            </param>
          </params>
          <reporter-output>
          </reporter-output>
        </test-method> <!-- afterMethod -->
        <test-method signature="verifyWithValidData(java.util.Map)[pri:1, instance:com.qa.rest.tests.TestWeatherAPIWithDataProvider@223f3642]" started-at="2019-05-03T06:53:27Z" name="verifyWithValidData" data-provider="PositiveTestSenarios" finished-at="2019-05-03T06:53:27Z" duration-ms="253" status="PASS">
          <params>
            <param index="0">
              <value>
                <![CDATA[{Test Case Name=Verify 'Delhi, IN' City info, City Name=Delhi, App ID=14d92fb7c2c0cd897c5ce09935897c0d, Country Code=IN, Status Code=200}]]>
              </value>
            </param>
          </params>
          <reporter-output>
            <line>
              <![CDATA[Test case name is: Verify 'Delhi, IN' City info]]>
            </line>
            <line>
              <![CDATA[Response is {"coord":{"lon":77.22,"lat":28.65},"weather":[{"id":721,"main":"Haze","description":"haze","icon":"50d"}],"base":"stations","main":{"temp":308.25,"pressure":1007,"humidity":39,"temp_min":307.59,"temp_max":309.15},"visibility":4000,"wind":{"speed":1,"deg":60},"clouds":{"all":0},"dt":1556865907,"sys":{"type":1,"id":9161,"message":0.0057,"country":"IN","sunrise":1556842145,"sunset":1556890013},"id":1273294,"name":"Delhi","cod":200}]]>
            </line>
            <line>
              <![CDATA[Verified the status code successfully.]]>
            </line>
            <line>
              <![CDATA[Country code has verified successfully.]]>
            </line>
            <line>
              <![CDATA[City name has verified successfully.]]>
            </line>
          </reporter-output>
        </test-method> <!-- verifyWithValidData -->
        <test-method is-config="true" signature="beforeMethod(java.lang.reflect.Method)[pri:0, instance:com.qa.rest.tests.TestWeatherAPIWithDataProvider@223f3642]" started-at="2019-05-03T06:53:27Z" name="beforeMethod" finished-at="2019-05-03T06:53:27Z" duration-ms="0" status="PASS">
          <params>
            <param index="0">
              <value>
                <![CDATA[public void com.qa.rest.tests.TestWeatherAPIWithDataProvider.verifyWithValidData(java.util.Map)]]>
              </value>
            </param>
          </params>
          <reporter-output>
          </reporter-output>
        </test-method> <!-- beforeMethod -->
        <test-method is-config="true" signature="afterMethod(org.testng.ITestResult)[pri:0, instance:com.qa.rest.tests.TestWeatherAPIWithDataProvider@223f3642]" started-at="2019-05-03T06:53:27Z" name="afterMethod" finished-at="2019-05-03T06:53:27Z" duration-ms="114" status="PASS">
          <params>
            <param index="0">
              <value>
                <![CDATA[[TestResult name=verifyWithValidData status=SUCCESS method=TestWeatherAPIWithDataProvider.verifyWithValidData(java.util.Map)[pri:1, instance:com.qa.rest.tests.TestWeatherAPIWithDataProvider@223f3642] output=Test case name is: Verify 'Delhi, IN' City info]]]>
              </value>
            </param>
          </params>
          <reporter-output>
          </reporter-output>
        </test-method> <!-- afterMethod -->
        <test-method is-config="true" signature="beforeMethod(java.lang.reflect.Method)[pri:0, instance:com.qa.rest.tests.TestWeatherAPIWithDataProvider@223f3642]" started-at="2019-05-03T06:53:27Z" name="beforeMethod" finished-at="2019-05-03T06:53:27Z" duration-ms="0" status="PASS">
          <params>
            <param index="0">
              <value>
                <![CDATA[public void com.qa.rest.tests.TestWeatherAPIWithDataProvider.verifyWithValidData(java.util.Map)]]>
              </value>
            </param>
          </params>
          <reporter-output>
          </reporter-output>
        </test-method> <!-- beforeMethod -->
        <test-method signature="verifyWithValidData(java.util.Map)[pri:1, instance:com.qa.rest.tests.TestWeatherAPIWithDataProvider@223f3642]" started-at="2019-05-03T06:53:27Z" name="verifyWithValidData" data-provider="PositiveTestSenarios" finished-at="2019-05-03T06:53:28Z" duration-ms="354" status="PASS">
          <params>
            <param index="0">
              <value>
                <![CDATA[{Test Case Name=Verify 'Agra, IN' City info, City Name=Agra, App ID=14d92fb7c2c0cd897c5ce09935897c0d, Country Code=IN, Status Code=200}]]>
              </value>
            </param>
          </params>
          <reporter-output>
            <line>
              <![CDATA[Test case name is: Verify 'Agra, IN' City info]]>
            </line>
            <line>
              <![CDATA[Response is {"coord":{"lon":78.01,"lat":27.18},"weather":[{"id":802,"main":"Clouds","description":"scattered clouds","icon":"03d"}],"base":"stations","main":{"temp":308.15,"pressure":1006,"humidity":32,"temp_min":308.15,"temp_max":308.15},"visibility":6000,"wind":{"speed":6.2,"deg":90},"clouds":{"all":40},"dt":1556861400,"sys":{"type":1,"id":9141,"message":0.005,"country":"IN","sunrise":1556842086,"sunset":1556889693},"id":1279259,"name":"Agra","cod":200}]]>
            </line>
            <line>
              <![CDATA[Verified the status code successfully.]]>
            </line>
            <line>
              <![CDATA[Country code has verified successfully.]]>
            </line>
            <line>
              <![CDATA[City name has verified successfully.]]>
            </line>
          </reporter-output>
        </test-method> <!-- verifyWithValidData -->
        <test-method is-config="true" signature="afterMethod(org.testng.ITestResult)[pri:0, instance:com.qa.rest.tests.TestWeatherAPIWithDataProvider@223f3642]" started-at="2019-05-03T06:53:28Z" name="afterMethod" finished-at="2019-05-03T06:53:28Z" duration-ms="111" status="PASS">
          <params>
            <param index="0">
              <value>
                <![CDATA[[TestResult name=verifyWithValidData status=SUCCESS method=TestWeatherAPIWithDataProvider.verifyWithValidData(java.util.Map)[pri:1, instance:com.qa.rest.tests.TestWeatherAPIWithDataProvider@223f3642] output=Test case name is: Verify 'Agra, IN' City info]]]>
              </value>
            </param>
          </params>
          <reporter-output>
          </reporter-output>
        </test-method> <!-- afterMethod -->
        <test-method is-config="true" signature="beforeMethod(java.lang.reflect.Method)[pri:0, instance:com.qa.rest.tests.TestWeatherAPIWithDataProvider@223f3642]" started-at="2019-05-03T06:53:28Z" name="beforeMethod" finished-at="2019-05-03T06:53:28Z" duration-ms="0" status="PASS">
          <params>
            <param index="0">
              <value>
                <![CDATA[public void com.qa.rest.tests.TestWeatherAPIWithDataProvider.verifyWithValidData(java.util.Map)]]>
              </value>
            </param>
          </params>
          <reporter-output>
          </reporter-output>
        </test-method> <!-- beforeMethod -->
        <test-method signature="verifyWithValidData(java.util.Map)[pri:1, instance:com.qa.rest.tests.TestWeatherAPIWithDataProvider@223f3642]" started-at="2019-05-03T06:53:28Z" name="verifyWithValidData" data-provider="PositiveTestSenarios" finished-at="2019-05-03T06:53:28Z" duration-ms="241" status="PASS">
          <params>
            <param index="0">
              <value>
                <![CDATA[{Test Case Name=Verify 'Mumbai, IN' City info, City Name=Mumbai, App ID=14d92fb7c2c0cd897c5ce09935897c0d, Country Code=IN, Status Code=200}]]>
              </value>
            </param>
          </params>
          <reporter-output>
            <line>
              <![CDATA[Test case name is: Verify 'Mumbai, IN' City info]]>
            </line>
            <line>
              <![CDATA[Response is {"coord":{"lon":72.85,"lat":19.01},"weather":[{"id":711,"main":"Smoke","description":"smoke","icon":"50d"}],"base":"stations","main":{"temp":304.65,"pressure":1010,"humidity":55,"temp_min":304.15,"temp_max":305.15},"visibility":5000,"wind":{"speed":5.7,"deg":240},"clouds":{"all":40},"dt":1556863200,"sys":{"type":1,"id":9052,"message":0.005,"country":"IN","sunrise":1556843989,"sunset":1556890266},"id":1275339,"name":"Mumbai","cod":200}]]>
            </line>
            <line>
              <![CDATA[Verified the status code successfully.]]>
            </line>
            <line>
              <![CDATA[Country code has verified successfully.]]>
            </line>
            <line>
              <![CDATA[City name has verified successfully.]]>
            </line>
          </reporter-output>
        </test-method> <!-- verifyWithValidData -->
        <test-method is-config="true" signature="afterMethod(org.testng.ITestResult)[pri:0, instance:com.qa.rest.tests.TestWeatherAPIWithDataProvider@223f3642]" started-at="2019-05-03T06:53:28Z" name="afterMethod" finished-at="2019-05-03T06:53:28Z" duration-ms="121" status="PASS">
          <params>
            <param index="0">
              <value>
                <![CDATA[[TestResult name=verifyWithValidData status=SUCCESS method=TestWeatherAPIWithDataProvider.verifyWithValidData(java.util.Map)[pri:1, instance:com.qa.rest.tests.TestWeatherAPIWithDataProvider@223f3642] output=Test case name is: Verify 'Mumbai, IN' City info]]]>
              </value>
            </param>
          </params>
          <reporter-output>
          </reporter-output>
        </test-method> <!-- afterMethod -->
        <test-method signature="verifyWithValidData(java.util.Map)[pri:1, instance:com.qa.rest.tests.TestWeatherAPIWithDataProvider@223f3642]" started-at="2019-05-03T06:53:28Z" name="verifyWithValidData" data-provider="PositiveTestSenarios" finished-at="2019-05-03T06:53:29Z" duration-ms="368" status="PASS">
          <params>
            <param index="0">
              <value>
                <![CDATA[{Test Case Name=Verify 'Nodia, IN' City info, City Name=Noida, App ID=14d92fb7c2c0cd897c5ce09935897c0d, Country Code=IN, Status Code=200}]]>
              </value>
            </param>
          </params>
          <reporter-output>
            <line>
              <![CDATA[Test case name is: Verify 'Nodia, IN' City info]]>
            </line>
            <line>
              <![CDATA[Response is {"coord":{"lon":77.35,"lat":28.57},"weather":[{"id":721,"main":"Haze","description":"haze","icon":"50d"}],"base":"stations","main":{"temp":308.25,"pressure":1007,"humidity":39,"temp_min":307.59,"temp_max":309.15},"visibility":4000,"wind":{"speed":1,"deg":60},"clouds":{"all":0},"dt":1556865907,"sys":{"type":1,"id":9161,"message":0.005,"country":"IN","sunrise":1556842121,"sunset":1556889975},"id":7279746,"name":"Noida","cod":200}]]>
            </line>
            <line>
              <![CDATA[Verified the status code successfully.]]>
            </line>
            <line>
              <![CDATA[Country code has verified successfully.]]>
            </line>
            <line>
              <![CDATA[City name has verified successfully.]]>
            </line>
          </reporter-output>
        </test-method> <!-- verifyWithValidData -->
        <test-method is-config="true" signature="beforeMethod(java.lang.reflect.Method)[pri:0, instance:com.qa.rest.tests.TestWeatherAPIWithDataProvider@223f3642]" started-at="2019-05-03T06:53:28Z" name="beforeMethod" finished-at="2019-05-03T06:53:28Z" duration-ms="0" status="PASS">
          <params>
            <param index="0">
              <value>
                <![CDATA[public void com.qa.rest.tests.TestWeatherAPIWithDataProvider.verifyWithValidData(java.util.Map)]]>
              </value>
            </param>
          </params>
          <reporter-output>
          </reporter-output>
        </test-method> <!-- beforeMethod -->
        <test-method is-config="true" signature="afterMethod(org.testng.ITestResult)[pri:0, instance:com.qa.rest.tests.TestWeatherAPIWithDataProvider@223f3642]" started-at="2019-05-03T06:53:29Z" name="afterMethod" finished-at="2019-05-03T06:53:29Z" duration-ms="100" status="PASS">
          <params>
            <param index="0">
              <value>
                <![CDATA[[TestResult name=verifyWithValidData status=SUCCESS method=TestWeatherAPIWithDataProvider.verifyWithValidData(java.util.Map)[pri:1, instance:com.qa.rest.tests.TestWeatherAPIWithDataProvider@223f3642] output=Test case name is: Verify 'Nodia, IN' City info]]]>
              </value>
            </param>
          </params>
          <reporter-output>
          </reporter-output>
        </test-method> <!-- afterMethod -->
        <test-method signature="verifyWithValidData(java.util.Map)[pri:1, instance:com.qa.rest.tests.TestWeatherAPIWithDataProvider@223f3642]" started-at="2019-05-03T06:53:29Z" name="verifyWithValidData" data-provider="PositiveTestSenarios" finished-at="2019-05-03T06:53:30Z" duration-ms="1628" status="PASS">
          <params>
            <param index="0">
              <value>
                <![CDATA[{Test Case Name=Verify 'Mysore, IN' City info, City Name=Mysore, App ID=14d92fb7c2c0cd897c5ce09935897c0d, Country Code=IN, Status Code=200}]]>
              </value>
            </param>
          </params>
          <reporter-output>
            <line>
              <![CDATA[Test case name is: Verify 'Mysore, IN' City info]]>
            </line>
            <line>
              <![CDATA[Response is {"coord":{"lon":76.65,"lat":12.31},"weather":[{"id":804,"main":"Clouds","description":"overcast clouds","icon":"04d"}],"base":"stations","main":{"temp":305,"pressure":1010.01,"humidity":29,"temp_min":305,"temp_max":305,"sea_level":1010.01,"grnd_level":923.53},"wind":{"speed":4.57,"deg":258.002},"clouds":{"all":100},"dt":1556866400,"sys":{"message":0.0058,"country":"IN","sunrise":1556843569,"sunset":1556888862},"id":1262321,"name":"Mysore","cod":200}]]>
            </line>
            <line>
              <![CDATA[Verified the status code successfully.]]>
            </line>
            <line>
              <![CDATA[Country code has verified successfully.]]>
            </line>
            <line>
              <![CDATA[City name has verified successfully.]]>
            </line>
          </reporter-output>
        </test-method> <!-- verifyWithValidData -->
        <test-method is-config="true" signature="beforeMethod(java.lang.reflect.Method)[pri:0, instance:com.qa.rest.tests.TestWeatherAPIWithDataProvider@223f3642]" started-at="2019-05-03T06:53:29Z" name="beforeMethod" finished-at="2019-05-03T06:53:29Z" duration-ms="0" status="PASS">
          <params>
            <param index="0">
              <value>
                <![CDATA[public void com.qa.rest.tests.TestWeatherAPIWithDataProvider.verifyWithValidData(java.util.Map)]]>
              </value>
            </param>
          </params>
          <reporter-output>
          </reporter-output>
        </test-method> <!-- beforeMethod -->
        <test-method is-config="true" signature="afterMethod(org.testng.ITestResult)[pri:0, instance:com.qa.rest.tests.TestWeatherAPIWithDataProvider@223f3642]" started-at="2019-05-03T06:53:30Z" name="afterMethod" finished-at="2019-05-03T06:53:30Z" duration-ms="78" status="PASS">
          <params>
            <param index="0">
              <value>
                <![CDATA[[TestResult name=verifyWithValidData status=SUCCESS method=TestWeatherAPIWithDataProvider.verifyWithValidData(java.util.Map)[pri:1, instance:com.qa.rest.tests.TestWeatherAPIWithDataProvider@223f3642] output=Test case name is: Verify 'Mysore, IN' City info]]]>
              </value>
            </param>
          </params>
          <reporter-output>
          </reporter-output>
        </test-method> <!-- afterMethod -->
        <test-method is-config="true" signature="beforeMethod(java.lang.reflect.Method)[pri:0, instance:com.qa.rest.tests.TestWeatherAPIWithDataProvider@223f3642]" started-at="2019-05-03T06:53:30Z" name="beforeMethod" finished-at="2019-05-03T06:53:30Z" duration-ms="16" status="PASS">
          <params>
            <param index="0">
              <value>
                <![CDATA[public void com.qa.rest.tests.TestWeatherAPIWithDataProvider.verifyWithValidData(java.util.Map)]]>
              </value>
            </param>
          </params>
          <reporter-output>
          </reporter-output>
        </test-method> <!-- beforeMethod -->
        <test-method signature="verifyWithValidData(java.util.Map)[pri:1, instance:com.qa.rest.tests.TestWeatherAPIWithDataProvider@223f3642]" started-at="2019-05-03T06:53:30Z" name="verifyWithValidData" data-provider="PositiveTestSenarios" finished-at="2019-05-03T06:53:31Z" duration-ms="470" status="PASS">
          <params>
            <param index="0">
              <value>
                <![CDATA[{Test Case Name=Verify 'Patna, IN' City info, City Name=Patna, App ID=14d92fb7c2c0cd897c5ce09935897c0d, Country Code=IN, Status Code=200}]]>
              </value>
            </param>
          </params>
          <reporter-output>
            <line>
              <![CDATA[Test case name is: Verify 'Patna, IN' City info]]>
            </line>
            <line>
              <![CDATA[Response is {"coord":{"lon":85.12,"lat":25.61},"weather":[{"id":721,"main":"Haze","description":"haze","icon":"50d"}],"base":"stations","main":{"temp":307.15,"pressure":1005,"humidity":59,"temp_min":307.15,"temp_max":307.15},"visibility":5000,"wind":{"speed":5.1,"deg":90},"clouds":{"all":75},"dt":1556863200,"sys":{"type":1,"id":9129,"message":0.0072,"country":"IN","sunrise":1556840515,"sunset":1556887851},"id":1260086,"name":"Patna","cod":200}]]>
            </line>
            <line>
              <![CDATA[Verified the status code successfully.]]>
            </line>
            <line>
              <![CDATA[Country code has verified successfully.]]>
            </line>
            <line>
              <![CDATA[City name has verified successfully.]]>
            </line>
          </reporter-output>
        </test-method> <!-- verifyWithValidData -->
        <test-method is-config="true" signature="afterMethod(org.testng.ITestResult)[pri:0, instance:com.qa.rest.tests.TestWeatherAPIWithDataProvider@223f3642]" started-at="2019-05-03T06:53:31Z" name="afterMethod" finished-at="2019-05-03T06:53:31Z" duration-ms="85" status="PASS">
          <params>
            <param index="0">
              <value>
                <![CDATA[[TestResult name=verifyWithValidData status=SUCCESS method=TestWeatherAPIWithDataProvider.verifyWithValidData(java.util.Map)[pri:1, instance:com.qa.rest.tests.TestWeatherAPIWithDataProvider@223f3642] output=Test case name is: Verify 'Patna, IN' City info]]]>
              </value>
            </param>
          </params>
          <reporter-output>
          </reporter-output>
        </test-method> <!-- afterMethod -->
        <test-method signature="verifyWithValidData(java.util.Map)[pri:1, instance:com.qa.rest.tests.TestWeatherAPIWithDataProvider@223f3642]" started-at="2019-05-03T06:53:31Z" name="verifyWithValidData" data-provider="PositiveTestSenarios" finished-at="2019-05-03T06:53:31Z" duration-ms="370" status="PASS">
          <params>
            <param index="0">
              <value>
                <![CDATA[{Test Case Name=Verify 'KolKata, IN' City info, City Name=KolKata, App ID=14d92fb7c2c0cd897c5ce09935897c0d, Country Code=IN, Status Code=200}]]>
              </value>
            </param>
          </params>
          <reporter-output>
            <line>
              <![CDATA[Test case name is: Verify 'KolKata, IN' City info]]>
            </line>
            <line>
              <![CDATA[Response is {"coord":{"lon":88.35,"lat":22.57},"weather":[{"id":500,"main":"Rain","description":"light rain","icon":"10d"}],"base":"stations","main":{"temp":298.15,"pressure":1005,"humidity":94,"temp_min":298.15,"temp_max":298.15},"visibility":2200,"wind":{"speed":8.2,"deg":140},"clouds":{"all":90},"dt":1556863200,"sys":{"type":1,"id":9114,"message":0.0052,"country":"IN","sunrise":1556839992,"sunset":1556886824},"id":1275004,"name":"Kolkata","cod":200}]]>
            </line>
            <line>
              <![CDATA[Verified the status code successfully.]]>
            </line>
            <line>
              <![CDATA[Country code has verified successfully.]]>
            </line>
            <line>
              <![CDATA[City name has verified successfully.]]>
            </line>
          </reporter-output>
        </test-method> <!-- verifyWithValidData -->
        <test-method is-config="true" signature="beforeMethod(java.lang.reflect.Method)[pri:0, instance:com.qa.rest.tests.TestWeatherAPIWithDataProvider@223f3642]" started-at="2019-05-03T06:53:31Z" name="beforeMethod" finished-at="2019-05-03T06:53:31Z" duration-ms="0" status="PASS">
          <params>
            <param index="0">
              <value>
                <![CDATA[public void com.qa.rest.tests.TestWeatherAPIWithDataProvider.verifyWithValidData(java.util.Map)]]>
              </value>
            </param>
          </params>
          <reporter-output>
          </reporter-output>
        </test-method> <!-- beforeMethod -->
        <test-method is-config="true" signature="afterMethod(org.testng.ITestResult)[pri:0, instance:com.qa.rest.tests.TestWeatherAPIWithDataProvider@223f3642]" started-at="2019-05-03T06:53:31Z" name="afterMethod" finished-at="2019-05-03T06:53:31Z" duration-ms="100" status="PASS">
          <params>
            <param index="0">
              <value>
                <![CDATA[[TestResult name=verifyWithValidData status=SUCCESS method=TestWeatherAPIWithDataProvider.verifyWithValidData(java.util.Map)[pri:1, instance:com.qa.rest.tests.TestWeatherAPIWithDataProvider@223f3642] output=Test case name is: Verify 'KolKata, IN' City info]]]>
              </value>
            </param>
          </params>
          <reporter-output>
          </reporter-output>
        </test-method> <!-- afterMethod -->
        <test-method signature="verifyWithValidData(java.util.Map)[pri:1, instance:com.qa.rest.tests.TestWeatherAPIWithDataProvider@223f3642]" started-at="2019-05-03T06:53:31Z" name="verifyWithValidData" data-provider="PositiveTestSenarios" finished-at="2019-05-03T06:53:32Z" duration-ms="249" status="PASS">
          <params>
            <param index="0">
              <value>
                <![CDATA[{Test Case Name=Verify 'Hydrabad, IN' City info, City Name=Hyderabad, App ID=14d92fb7c2c0cd897c5ce09935897c0d, Country Code=IN, Status Code=200}]]>
              </value>
            </param>
          </params>
          <reporter-output>
            <line>
              <![CDATA[Test case name is: Verify 'Hydrabad, IN' City info]]>
            </line>
            <line>
              <![CDATA[Response is {"coord":{"lon":78.47,"lat":17.36},"weather":[{"id":802,"main":"Clouds","description":"scattered clouds","icon":"03d"}],"base":"stations","main":{"temp":309.19,"pressure":1010,"humidity":25,"temp_min":309.15,"temp_max":309.26},"visibility":6000,"wind":{"speed":4.1,"deg":310},"clouds":{"all":40},"dt":1556865967,"sys":{"type":1,"id":9214,"message":0.005,"country":"IN","sunrise":1556842765,"sunset":1556888792},"id":1269843,"name":"Hyderabad","cod":200}]]>
            </line>
            <line>
              <![CDATA[Verified the status code successfully.]]>
            </line>
            <line>
              <![CDATA[Country code has verified successfully.]]>
            </line>
            <line>
              <![CDATA[City name has verified successfully.]]>
            </line>
          </reporter-output>
        </test-method> <!-- verifyWithValidData -->
        <test-method is-config="true" signature="beforeMethod(java.lang.reflect.Method)[pri:0, instance:com.qa.rest.tests.TestWeatherAPIWithDataProvider@223f3642]" started-at="2019-05-03T06:53:31Z" name="beforeMethod" finished-at="2019-05-03T06:53:31Z" duration-ms="0" status="PASS">
          <params>
            <param index="0">
              <value>
                <![CDATA[public void com.qa.rest.tests.TestWeatherAPIWithDataProvider.verifyWithValidData(java.util.Map)]]>
              </value>
            </param>
          </params>
          <reporter-output>
          </reporter-output>
        </test-method> <!-- beforeMethod -->
        <test-method is-config="true" signature="afterMethod(org.testng.ITestResult)[pri:0, instance:com.qa.rest.tests.TestWeatherAPIWithDataProvider@223f3642]" started-at="2019-05-03T06:53:32Z" name="afterMethod" finished-at="2019-05-03T06:53:32Z" duration-ms="101" status="PASS">
          <params>
            <param index="0">
              <value>
                <![CDATA[[TestResult name=verifyWithValidData status=SUCCESS method=TestWeatherAPIWithDataProvider.verifyWithValidData(java.util.Map)[pri:1, instance:com.qa.rest.tests.TestWeatherAPIWithDataProvider@223f3642] output=Test case name is: Verify 'Hydrabad, IN' City info]]]>
              </value>
            </param>
          </params>
          <reporter-output>
          </reporter-output>
        </test-method> <!-- afterMethod -->
        <test-method is-config="true" signature="beforeMethod(java.lang.reflect.Method)[pri:0, instance:com.qa.rest.tests.TestWeatherAPIWithDataProvider@223f3642]" started-at="2019-05-03T06:53:32Z" name="beforeMethod" finished-at="2019-05-03T06:53:32Z" duration-ms="0" status="PASS">
          <params>
            <param index="0">
              <value>
                <![CDATA[public void com.qa.rest.tests.TestWeatherAPIWithDataProvider.verifyWithValidData(java.util.Map)]]>
              </value>
            </param>
          </params>
          <reporter-output>
          </reporter-output>
        </test-method> <!-- beforeMethod -->
        <test-method signature="verifyWithValidData(java.util.Map)[pri:1, instance:com.qa.rest.tests.TestWeatherAPIWithDataProvider@223f3642]" started-at="2019-05-03T06:53:32Z" name="verifyWithValidData" data-provider="PositiveTestSenarios" finished-at="2019-05-03T06:53:32Z" duration-ms="300" status="PASS">
          <params>
            <param index="0">
              <value>
                <![CDATA[{Test Case Name=Verify 'Lokhnow, IN' City info, City Name=Lucknow, App ID=14d92fb7c2c0cd897c5ce09935897c0d, Country Code=IN, Status Code=200}]]>
              </value>
            </param>
          </params>
          <reporter-output>
            <line>
              <![CDATA[Test case name is: Verify 'Lokhnow, IN' City info]]>
            </line>
            <line>
              <![CDATA[Response is {"coord":{"lon":80.93,"lat":26.84},"weather":[{"id":761,"main":"Dust","description":"dust","icon":"50d"}],"base":"stations","main":{"temp":306.15,"pressure":1007,"humidity":33,"temp_min":306.15,"temp_max":306.15},"visibility":3500,"wind":{"speed":5.1,"deg":30},"clouds":{"all":40},"dt":1556863200,"sys":{"type":1,"id":9176,"message":0.0055,"country":"IN","sunrise":1556841415,"sunset":1556888962},"id":1264733,"name":"Lucknow","cod":200}]]>
            </line>
            <line>
              <![CDATA[Verified the status code successfully.]]>
            </line>
            <line>
              <![CDATA[Country code has verified successfully.]]>
            </line>
            <line>
              <![CDATA[City name has verified successfully.]]>
            </line>
          </reporter-output>
        </test-method> <!-- verifyWithValidData -->
        <test-method is-config="true" signature="afterMethod(org.testng.ITestResult)[pri:0, instance:com.qa.rest.tests.TestWeatherAPIWithDataProvider@223f3642]" started-at="2019-05-03T06:53:32Z" name="afterMethod" finished-at="2019-05-03T06:53:32Z" duration-ms="79" status="PASS">
          <params>
            <param index="0">
              <value>
                <![CDATA[[TestResult name=verifyWithValidData status=SUCCESS method=TestWeatherAPIWithDataProvider.verifyWithValidData(java.util.Map)[pri:1, instance:com.qa.rest.tests.TestWeatherAPIWithDataProvider@223f3642] output=Test case name is: Verify 'Lokhnow, IN' City info]]]>
              </value>
            </param>
          </params>
          <reporter-output>
          </reporter-output>
        </test-method> <!-- afterMethod -->
        <test-method signature="verifyWithValidData(java.util.Map)[pri:1, instance:com.qa.rest.tests.TestWeatherAPIWithDataProvider@223f3642]" started-at="2019-05-03T06:53:32Z" name="verifyWithValidData" data-provider="PositiveTestSenarios" finished-at="2019-05-03T06:53:32Z" duration-ms="222" status="PASS">
          <params>
            <param index="0">
              <value>
                <![CDATA[{Test Case Name=Verify 'Ahmedabad, IN' City info, City Name=Ahmedabad, App ID=14d92fb7c2c0cd897c5ce09935897c0d, Country Code=IN, Status Code=200}]]>
              </value>
            </param>
          </params>
          <reporter-output>
            <line>
              <![CDATA[Test case name is: Verify 'Ahmedabad, IN' City info]]>
            </line>
            <line>
              <![CDATA[Response is {"coord":{"lon":72.58,"lat":23.02},"weather":[{"id":711,"main":"Smoke","description":"smoke","icon":"50d"}],"base":"stations","main":{"temp":308.15,"pressure":1007,"humidity":32,"temp_min":308.15,"temp_max":308.15},"visibility":5000,"wind":{"speed":3.1,"deg":250},"clouds":{"all":0},"dt":1556863200,"sys":{"type":1,"id":9049,"message":0.0068,"country":"IN","sunrise":1556843738,"sunset":1556890647},"id":1279233,"name":"Ahmedabad","cod":200}]]>
            </line>
            <line>
              <![CDATA[Verified the status code successfully.]]>
            </line>
            <line>
              <![CDATA[Country code has verified successfully.]]>
            </line>
            <line>
              <![CDATA[City name has verified successfully.]]>
            </line>
          </reporter-output>
        </test-method> <!-- verifyWithValidData -->
        <test-method is-config="true" signature="beforeMethod(java.lang.reflect.Method)[pri:0, instance:com.qa.rest.tests.TestWeatherAPIWithDataProvider@223f3642]" started-at="2019-05-03T06:53:32Z" name="beforeMethod" finished-at="2019-05-03T06:53:32Z" duration-ms="0" status="PASS">
          <params>
            <param index="0">
              <value>
                <![CDATA[public void com.qa.rest.tests.TestWeatherAPIWithDataProvider.verifyWithValidData(java.util.Map)]]>
              </value>
            </param>
          </params>
          <reporter-output>
          </reporter-output>
        </test-method> <!-- beforeMethod -->
        <test-method is-config="true" signature="afterMethod(org.testng.ITestResult)[pri:0, instance:com.qa.rest.tests.TestWeatherAPIWithDataProvider@223f3642]" started-at="2019-05-03T06:53:32Z" name="afterMethod" finished-at="2019-05-03T06:53:32Z" duration-ms="78" status="PASS">
          <params>
            <param index="0">
              <value>
                <![CDATA[[TestResult name=verifyWithValidData status=SUCCESS method=TestWeatherAPIWithDataProvider.verifyWithValidData(java.util.Map)[pri:1, instance:com.qa.rest.tests.TestWeatherAPIWithDataProvider@223f3642] output=Test case name is: Verify 'Ahmedabad, IN' City info]]]>
              </value>
            </param>
          </params>
          <reporter-output>
          </reporter-output>
        </test-method> <!-- afterMethod -->
        <test-method is-config="true" signature="beforeMethod(java.lang.reflect.Method)[pri:0, instance:com.qa.rest.tests.TestWeatherAPIWithDataProvider@223f3642]" started-at="2019-05-03T06:53:32Z" name="beforeMethod" finished-at="2019-05-03T06:53:32Z" duration-ms="0" status="PASS">
          <params>
            <param index="0">
              <value>
                <![CDATA[public void com.qa.rest.tests.TestWeatherAPIWithDataProvider.verifyWithValidData(java.util.Map)]]>
              </value>
            </param>
          </params>
          <reporter-output>
          </reporter-output>
        </test-method> <!-- beforeMethod -->
        <test-method signature="verifyWithValidData(java.util.Map)[pri:1, instance:com.qa.rest.tests.TestWeatherAPIWithDataProvider@223f3642]" started-at="2019-05-03T06:53:32Z" name="verifyWithValidData" data-provider="PositiveTestSenarios" finished-at="2019-05-03T06:53:33Z" duration-ms="201" status="PASS">
          <params>
            <param index="0">
              <value>
                <![CDATA[{Test Case Name=Verify 'Chennai, IN' City info, City Name=Chennai, App ID=14d92fb7c2c0cd897c5ce09935897c0d, Country Code=IN, Status Code=200}]]>
              </value>
            </param>
          </params>
          <reporter-output>
            <line>
              <![CDATA[Test case name is: Verify 'Chennai, IN' City info]]>
            </line>
            <line>
              <![CDATA[Response is {"coord":{"lon":80.28,"lat":13.09},"weather":[{"id":802,"main":"Clouds","description":"scattered clouds","icon":"03d"}],"base":"stations","main":{"temp":311.21,"pressure":1006,"humidity":29,"temp_min":310.37,"temp_max":313.15},"visibility":8000,"wind":{"speed":3.1,"deg":240},"clouds":{"all":40},"dt":1556863200,"sys":{"type":1,"id":9218,"message":0.0054,"country":"IN","sunrise":1556842643,"sunset":1556888046},"id":1264527,"name":"Chennai","cod":200}]]>
            </line>
            <line>
              <![CDATA[Verified the status code successfully.]]>
            </line>
            <line>
              <![CDATA[Country code has verified successfully.]]>
            </line>
            <line>
              <![CDATA[City name has verified successfully.]]>
            </line>
          </reporter-output>
        </test-method> <!-- verifyWithValidData -->
        <test-method is-config="true" signature="afterMethod(org.testng.ITestResult)[pri:0, instance:com.qa.rest.tests.TestWeatherAPIWithDataProvider@223f3642]" started-at="2019-05-03T06:53:33Z" name="afterMethod" finished-at="2019-05-03T06:53:33Z" duration-ms="85" status="PASS">
          <params>
            <param index="0">
              <value>
                <![CDATA[[TestResult name=verifyWithValidData status=SUCCESS method=TestWeatherAPIWithDataProvider.verifyWithValidData(java.util.Map)[pri:1, instance:com.qa.rest.tests.TestWeatherAPIWithDataProvider@223f3642] output=Test case name is: Verify 'Chennai, IN' City info]]]>
              </value>
            </param>
          </params>
          <reporter-output>
          </reporter-output>
        </test-method> <!-- afterMethod -->
        <test-method signature="verifyWithValidData(java.util.Map)[pri:1, instance:com.qa.rest.tests.TestWeatherAPIWithDataProvider@223f3642]" started-at="2019-05-03T06:53:33Z" name="verifyWithValidData" data-provider="PositiveTestSenarios" finished-at="2019-05-03T06:53:33Z" duration-ms="448" status="PASS">
          <params>
            <param index="0">
              <value>
                <![CDATA[{Test Case Name=Verify 'Texas, US' City info, City Name=Texas, App ID=14d92fb7c2c0cd897c5ce09935897c0d, Country Code=US, Status Code=200}]]>
              </value>
            </param>
          </params>
          <reporter-output>
            <line>
              <![CDATA[Test case name is: Verify 'Texas, US' City info]]>
            </line>
            <line>
              <![CDATA[Response is {"coord":{"lon":-91.14,"lat":30.17},"weather":[{"id":804,"main":"Clouds","description":"overcast clouds","icon":"04n"}],"base":"stations","main":{"temp":294.89,"pressure":1016,"humidity":94,"temp_min":293.71,"temp_max":296.15},"visibility":16093,"wind":{"speed":2.03,"deg":169.189},"clouds":{"all":90},"dt":1556866398,"sys":{"type":1,"id":5666,"message":0.0056,"country":"US","sunrise":1556882388,"sunset":1556930578},"id":4325507,"name":"Texas","cod":200}]]>
            </line>
            <line>
              <![CDATA[Verified the status code successfully.]]>
            </line>
            <line>
              <![CDATA[Country code has verified successfully.]]>
            </line>
            <line>
              <![CDATA[City name has verified successfully.]]>
            </line>
          </reporter-output>
        </test-method> <!-- verifyWithValidData -->
        <test-method is-config="true" signature="beforeMethod(java.lang.reflect.Method)[pri:0, instance:com.qa.rest.tests.TestWeatherAPIWithDataProvider@223f3642]" started-at="2019-05-03T06:53:33Z" name="beforeMethod" finished-at="2019-05-03T06:53:33Z" duration-ms="0" status="PASS">
          <params>
            <param index="0">
              <value>
                <![CDATA[public void com.qa.rest.tests.TestWeatherAPIWithDataProvider.verifyWithValidData(java.util.Map)]]>
              </value>
            </param>
          </params>
          <reporter-output>
          </reporter-output>
        </test-method> <!-- beforeMethod -->
        <test-method is-config="true" signature="afterMethod(org.testng.ITestResult)[pri:0, instance:com.qa.rest.tests.TestWeatherAPIWithDataProvider@223f3642]" started-at="2019-05-03T06:53:33Z" name="afterMethod" finished-at="2019-05-03T06:53:33Z" duration-ms="69" status="PASS">
          <params>
            <param index="0">
              <value>
                <![CDATA[[TestResult name=verifyWithValidData status=SUCCESS method=TestWeatherAPIWithDataProvider.verifyWithValidData(java.util.Map)[pri:1, instance:com.qa.rest.tests.TestWeatherAPIWithDataProvider@223f3642] output=Test case name is: Verify 'Texas, US' City info]]]>
              </value>
            </param>
          </params>
          <reporter-output>
          </reporter-output>
        </test-method> <!-- afterMethod -->
        <test-method is-config="true" signature="beforeMethod(java.lang.reflect.Method)[pri:0, instance:com.qa.rest.tests.TestWeatherAPIWithDataProvider@223f3642]" started-at="2019-05-03T06:53:33Z" name="beforeMethod" finished-at="2019-05-03T06:53:33Z" duration-ms="0" status="PASS">
          <params>
            <param index="0">
              <value>
                <![CDATA[public void com.qa.rest.tests.TestWeatherAPIWithDataProvider.verifyWithValidData(java.util.Map)]]>
              </value>
            </param>
          </params>
          <reporter-output>
          </reporter-output>
        </test-method> <!-- beforeMethod -->
        <test-method signature="verifyWithValidData(java.util.Map)[pri:1, instance:com.qa.rest.tests.TestWeatherAPIWithDataProvider@223f3642]" started-at="2019-05-03T06:53:33Z" name="verifyWithValidData" data-provider="PositiveTestSenarios" finished-at="2019-05-03T06:53:33Z" duration-ms="200" status="PASS">
          <params>
            <param index="0">
              <value>
                <![CDATA[{Test Case Name=Verify 'Chicago, US' City info, City Name=Chicago, App ID=14d92fb7c2c0cd897c5ce09935897c0d, Country Code=US, Status Code=200}]]>
              </value>
            </param>
          </params>
          <reporter-output>
            <line>
              <![CDATA[Test case name is: Verify 'Chicago, US' City info]]>
            </line>
            <line>
              <![CDATA[Response is {"coord":{"lon":-87.62,"lat":41.88},"weather":[{"id":804,"main":"Clouds","description":"overcast clouds","icon":"04n"}],"base":"stations","main":{"temp":280.27,"pressure":1019,"humidity":93,"temp_min":279.26,"temp_max":281.48},"visibility":16093,"wind":{"speed":4.6,"deg":360},"clouds":{"all":90},"dt":1556866296,"sys":{"type":1,"id":4309,"message":0.0092,"country":"US","sunrise":1556880255,"sunset":1556931021},"id":4887398,"name":"Chicago","cod":200}]]>
            </line>
            <line>
              <![CDATA[Verified the status code successfully.]]>
            </line>
            <line>
              <![CDATA[Country code has verified successfully.]]>
            </line>
            <line>
              <![CDATA[City name has verified successfully.]]>
            </line>
          </reporter-output>
        </test-method> <!-- verifyWithValidData -->
        <test-method is-config="true" signature="afterMethod(org.testng.ITestResult)[pri:0, instance:com.qa.rest.tests.TestWeatherAPIWithDataProvider@223f3642]" started-at="2019-05-03T06:53:33Z" name="afterMethod" finished-at="2019-05-03T06:53:34Z" duration-ms="62" status="PASS">
          <params>
            <param index="0">
              <value>
                <![CDATA[[TestResult name=verifyWithValidData status=SUCCESS method=TestWeatherAPIWithDataProvider.verifyWithValidData(java.util.Map)[pri:1, instance:com.qa.rest.tests.TestWeatherAPIWithDataProvider@223f3642] output=Test case name is: Verify 'Chicago, US' City info]]]>
              </value>
            </param>
          </params>
          <reporter-output>
          </reporter-output>
        </test-method> <!-- afterMethod -->
        <test-method is-config="true" signature="beforeMethod(java.lang.reflect.Method)[pri:0, instance:com.qa.rest.tests.TestWeatherAPIWithDataProvider@223f3642]" started-at="2019-05-03T06:53:34Z" name="beforeMethod" finished-at="2019-05-03T06:53:34Z" duration-ms="0" status="PASS">
          <params>
            <param index="0">
              <value>
                <![CDATA[public void com.qa.rest.tests.TestWeatherAPIWithDataProvider.verifyWithValidData(java.util.Map)]]>
              </value>
            </param>
          </params>
          <reporter-output>
          </reporter-output>
        </test-method> <!-- beforeMethod -->
        <test-method signature="verifyWithValidData(java.util.Map)[pri:1, instance:com.qa.rest.tests.TestWeatherAPIWithDataProvider@223f3642]" started-at="2019-05-03T06:53:34Z" name="verifyWithValidData" data-provider="PositiveTestSenarios" finished-at="2019-05-03T06:53:34Z" duration-ms="185" status="PASS">
          <params>
            <param index="0">
              <value>
                <![CDATA[{Test Case Name=Verify 'Houston, US' City info, City Name=Houston, App ID=14d92fb7c2c0cd897c5ce09935897c0d, Country Code=US, Status Code=200}]]>
              </value>
            </param>
          </params>
          <reporter-output>
            <line>
              <![CDATA[Test case name is: Verify 'Houston, US' City info]]>
            </line>
            <line>
[...]
              <![CDATA[Verified the error message successfully.]]>
            </line>
          </reporter-output>
        </test-method> <!-- verifyWithInvalidData -->
        <test-method is-config="true" signature="beforeMethod(java.lang.reflect.Method)[pri:0, instance:com.qa.rest.tests.TestWeatherAPIWithDataProvider@223f3642]" started-at="2019-05-03T06:53:51Z" name="beforeMethod" finished-at="2019-05-03T06:53:51Z" duration-ms="0" status="PASS">
          <params>
            <param index="0">
              <value>
                <![CDATA[public void com.qa.rest.tests.TestWeatherAPIWithDataProvider.verifyWithInvalidData(java.util.Map)]]>
              </value>
            </param>
          </params>
          <reporter-output>
          </reporter-output>
        </test-method> <!-- beforeMethod -->
        <test-method is-config="true" signature="afterMethod(org.testng.ITestResult)[pri:0, instance:com.qa.rest.tests.TestWeatherAPIWithDataProvider@223f3642]" started-at="2019-05-03T06:53:51Z" name="afterMethod" finished-at="2019-05-03T06:53:51Z" duration-ms="79" status="PASS">
          <params>
            <param index="0">
              <value>
                <![CDATA[[TestResult name=verifyWithInvalidData status=SUCCESS method=TestWeatherAPIWithDataProvider.verifyWithInvalidData(java.util.Map)[pri:2, instance:com.qa.rest.tests.TestWeatherAPIWithDataProvider@223f3642] output=Test case name is: Verify 'Zurich, CH' City info]]]>
              </value>
            </param>
          </params>
          <reporter-output>
          </reporter-output>
        </test-method> <!-- afterMethod -->
        <test-method is-config="true" signature="beforeMethod(java.lang.reflect.Method)[pri:0, instance:com.qa.rest.tests.TestWeatherAPIWithDataProvider@223f3642]" started-at="2019-05-03T06:53:51Z" name="beforeMethod" finished-at="2019-05-03T06:53:51Z" duration-ms="0" status="PASS">
          <params>
            <param index="0">
              <value>
                <![CDATA[public void com.qa.rest.tests.TestWeatherAPIWithDataProvider.verifyWithInvalidData(java.util.Map)]]>
              </value>
            </param>
          </params>
          <reporter-output>
          </reporter-output>
        </test-method> <!-- beforeMethod -->
        <test-method signature="verifyWithInvalidData(java.util.Map)[pri:2, instance:com.qa.rest.tests.TestWeatherAPIWithDataProvider@223f3642]" started-at="2019-05-03T06:53:51Z" name="verifyWithInvalidData" data-provider="NegativeTestSenarios" finished-at="2019-05-03T06:53:52Z" duration-ms="207" status="PASS">
          <params>
            <param index="0">
              <value>
                <![CDATA[{Test Case Name=Verify 'Rome, IT' City info, Error Message=city not found, App ID=14d92fb7c2c0cd897c5ce09935897c0d, Status Code=404, City Name=RomeD, Country Code=IT}]]>
              </value>
            </param>
          </params>
          <reporter-output>
            <line>
              <![CDATA[Test case name is: Verify 'Rome, IT' City info]]>
            </line>
            <line>
              <![CDATA[Response is : {"cod":"404","message":"city not found"}]]>
            </line>
            <line>
              <![CDATA[Verified the error message successfully.]]>
            </line>
          </reporter-output>
        </test-method> <!-- verifyWithInvalidData -->
        <test-method is-config="true" signature="afterMethod(org.testng.ITestResult)[pri:0, instance:com.qa.rest.tests.TestWeatherAPIWithDataProvider@223f3642]" started-at="2019-05-03T06:53:52Z" name="afterMethod" finished-at="2019-05-03T06:53:52Z" duration-ms="78" status="PASS">
          <params>
            <param index="0">
              <value>
                <![CDATA[[TestResult name=verifyWithInvalidData status=SUCCESS method=TestWeatherAPIWithDataProvider.verifyWithInvalidData(java.util.Map)[pri:2, instance:com.qa.rest.tests.TestWeatherAPIWithDataProvider@223f3642] output=Test case name is: Verify 'Rome, IT' City info]]]>
              </value>
            </param>
          </params>
          <reporter-output>
          </reporter-output>
        </test-method> <!-- afterMethod -->
        <test-method is-config="true" signature="beforeMethod(java.lang.reflect.Method)[pri:0, instance:com.qa.rest.tests.TestWeatherAPIWithDataProvider@223f3642]" started-at="2019-05-03T06:53:52Z" name="beforeMethod" finished-at="2019-05-03T06:53:52Z" duration-ms="0" status="PASS">
          <params>
            <param index="0">
              <value>
                <![CDATA[public void com.qa.rest.tests.TestWeatherAPIWithDataProvider.verifyWithInvalidData(java.util.Map)]]>
              </value>
            </param>
          </params>
          <reporter-output>
          </reporter-output>
        </test-method> <!-- beforeMethod -->
        <test-method signature="verifyWithInvalidData(java.util.Map)[pri:2, instance:com.qa.rest.tests.TestWeatherAPIWithDataProvider@223f3642]" started-at="2019-05-03T06:53:52Z" name="verifyWithInvalidData" data-provider="NegativeTestSenarios" finished-at="2019-05-03T06:53:52Z" duration-ms="122" status="PASS">
          <params>
            <param index="0">
              <value>
                <![CDATA[{Test Case Name=Verify 'Bangkok, TH' City info, Error Message=city not found, App ID=14d92fb7c2c0cd897c5ce09935897c0d, Status Code=404, City Name=BangkokE, Country Code=TH}]]>
              </value>
            </param>
          </params>
          <reporter-output>
            <line>
              <![CDATA[Test case name is: Verify 'Bangkok, TH' City info]]>
            </line>
            <line>
              <![CDATA[Response is : {"cod":"404","message":"city not found"}]]>
            </line>
            <line>
              <![CDATA[Verified the error message successfully.]]>
            </line>
          </reporter-output>
        </test-method> <!-- verifyWithInvalidData -->
        <test-method is-config="true" signature="afterMethod(org.testng.ITestResult)[pri:0, instance:com.qa.rest.tests.TestWeatherAPIWithDataProvider@223f3642]" started-at="2019-05-03T06:53:52Z" name="afterMethod" finished-at="2019-05-03T06:53:52Z" duration-ms="78" status="PASS">
          <params>
            <param index="0">
              <value>
                <![CDATA[[TestResult name=verifyWithInvalidData status=SUCCESS method=TestWeatherAPIWithDataProvider.verifyWithInvalidData(java.util.Map)[pri:2, instance:com.qa.rest.tests.TestWeatherAPIWithDataProvider@223f3642] output=Test case name is: Verify 'Bangkok, TH' City info]]]>
              </value>
            </param>
          </params>
          <reporter-output>
          </reporter-output>
        </test-method> <!-- afterMethod -->
        <test-method signature="verifyWithInvalidData(java.util.Map)[pri:2, instance:com.qa.rest.tests.TestWeatherAPIWithDataProvider@223f3642]" started-at="2019-05-03T06:53:52Z" name="verifyWithInvalidData" data-provider="NegativeTestSenarios" finished-at="2019-05-03T06:53:52Z" duration-ms="138" status="PASS">
          <params>
            <param index="0">
              <value>
                <![CDATA[{Test Case Name=Verify 'Sidney, US' City info, Error Message=Invalid API key, App ID=14d92fb7c2c0cd897c5ce09935897c0da, Status Code=401, City Name=Sidney, Country Code=US}]]>
              </value>
            </param>
          </params>
          <reporter-output>
            <line>
              <![CDATA[Test case name is: Verify 'Sidney, US' City info]]>
            </line>
            <line>
              <![CDATA[Response is : {"cod":401, "message": "Invalid API key. Please see http://openweathermap.org/faq#error401 for more info."}]]>
            </line>
            <line>
              <![CDATA[Verified the error message successfully.]]>
            </line>
          </reporter-output>
        </test-method> <!-- verifyWithInvalidData -->
        <test-method is-config="true" signature="beforeMethod(java.lang.reflect.Method)[pri:0, instance:com.qa.rest.tests.TestWeatherAPIWithDataProvider@223f3642]" started-at="2019-05-03T06:53:52Z" name="beforeMethod" finished-at="2019-05-03T06:53:52Z" duration-ms="0" status="PASS">
          <params>
            <param index="0">
              <value>
                <![CDATA[public void com.qa.rest.tests.TestWeatherAPIWithDataProvider.verifyWithInvalidData(java.util.Map)]]>
              </value>
            </param>
          </params>
          <reporter-output>
          </reporter-output>
        </test-method> <!-- beforeMethod -->
        <test-method is-config="true" signature="afterMethod(org.testng.ITestResult)[pri:0, instance:com.qa.rest.tests.TestWeatherAPIWithDataProvider@223f3642]" started-at="2019-05-03T06:53:52Z" name="afterMethod" finished-at="2019-05-03T06:53:52Z" duration-ms="71" status="PASS">
          <params>
            <param index="0">
              <value>
                <![CDATA[[TestResult name=verifyWithInvalidData status=SUCCESS method=TestWeatherAPIWithDataProvider.verifyWithInvalidData(java.util.Map)[pri:2, instance:com.qa.rest.tests.TestWeatherAPIWithDataProvider@223f3642] output=Test case name is: Verify 'Sidney, US' City info]]]>
              </value>
            </param>
          </params>
          <reporter-output>
          </reporter-output>
        </test-method> <!-- afterMethod -->
        <test-method is-config="true" signature="beforeMethod(java.lang.reflect.Method)[pri:0, instance:com.qa.rest.tests.TestWeatherAPIWithDataProvider@223f3642]" started-at="2019-05-03T06:53:52Z" name="beforeMethod" finished-at="2019-05-03T06:53:52Z" duration-ms="0" status="PASS">
          <params>
            <param index="0">
              <value>
                <![CDATA[public void com.qa.rest.tests.TestWeatherAPIWithDataProvider.verifyWithInvalidData(java.util.Map)]]>
              </value>
            </param>
          </params>
          <reporter-output>
          </reporter-output>
        </test-method> <!-- beforeMethod -->
        <test-method signature="verifyWithInvalidData(java.util.Map)[pri:2, instance:com.qa.rest.tests.TestWeatherAPIWithDataProvider@223f3642]" started-at="2019-05-03T06:53:52Z" name="verifyWithInvalidData" data-provider="NegativeTestSenarios" finished-at="2019-05-03T06:53:52Z" duration-ms="135" status="PASS">
          <params>
            <param index="0">
              <value>
                <![CDATA[{Test Case Name=Verify 'Singapore, MY' City info, Error Message=Invalid API key, App ID=14d92fb7c2c0cd897c5ce09935897c0db, Status Code=401, City Name=Singapore, Country Code=MY}]]>
              </value>
            </param>
          </params>
          <reporter-output>
            <line>
              <![CDATA[Test case name is: Verify 'Singapore, MY' City info]]>
            </line>
            <line>
              <![CDATA[Response is : {"cod":401, "message": "Invalid API key. Please see http://openweathermap.org/faq#error401 for more info."}]]>
            </line>
            <line>
              <![CDATA[Verified the error message successfully.]]>
            </line>
          </reporter-output>
        </test-method> <!-- verifyWithInvalidData -->
        <test-method is-config="true" signature="afterMethod(org.testng.ITestResult)[pri:0, instance:com.qa.rest.tests.TestWeatherAPIWithDataProvider@223f3642]" started-at="2019-05-03T06:53:52Z" name="afterMethod" finished-at="2019-05-03T06:53:52Z" duration-ms="47" status="PASS">
          <params>
            <param index="0">
              <value>
                <![CDATA[[TestResult name=verifyWithInvalidData status=SUCCESS method=TestWeatherAPIWithDataProvider.verifyWithInvalidData(java.util.Map)[pri:2, instance:com.qa.rest.tests.TestWeatherAPIWithDataProvider@223f3642] output=Test case name is: Verify 'Singapore, MY' City info]]]>
              </value>
            </param>
          </params>
          <reporter-output>
          </reporter-output>
        </test-method> <!-- afterMethod -->
        <test-method is-config="true" signature="beforeMethod(java.lang.reflect.Method)[pri:0, instance:com.qa.rest.tests.TestWeatherAPIWithDataProvider@223f3642]" started-at="2019-05-03T06:53:52Z" name="beforeMethod" finished-at="2019-05-03T06:53:52Z" duration-ms="0" status="PASS">
          <params>
            <param index="0">
              <value>
                <![CDATA[public void com.qa.rest.tests.TestWeatherAPIWithDataProvider.verifyWithInvalidData(java.util.Map)]]>
              </value>
            </param>
          </params>
          <reporter-output>
          </reporter-output>
        </test-method> <!-- beforeMethod -->
        <test-method signature="verifyWithInvalidData(java.util.Map)[pri:2, instance:com.qa.rest.tests.TestWeatherAPIWithDataProvider@223f3642]" started-at="2019-05-03T06:53:52Z" name="verifyWithInvalidData" data-provider="NegativeTestSenarios" finished-at="2019-05-03T06:53:53Z" duration-ms="153" status="PASS">
          <params>
            <param index="0">
              <value>
                <![CDATA[{Test Case Name=Verify 'Dubai, AE' City info, Error Message=Invalid API key, App ID=14d92fb7c2c0cd897c5ce09935897c0dc, Status Code=401, City Name=Dubai, Country Code=AE}]]>
              </value>
            </param>
          </params>
          <reporter-output>
            <line>
              <![CDATA[Test case name is: Verify 'Dubai, AE' City info]]>
            </line>
            <line>
              <![CDATA[Response is : {"cod":401, "message": "Invalid API key. Please see http://openweathermap.org/faq#error401 for more info."}]]>
            </line>
            <line>
              <![CDATA[Verified the error message successfully.]]>
            </line>
          </reporter-output>
        </test-method> <!-- verifyWithInvalidData -->
        <test-method is-config="true" signature="afterMethod(org.testng.ITestResult)[pri:0, instance:com.qa.rest.tests.TestWeatherAPIWithDataProvider@223f3642]" started-at="2019-05-03T06:53:53Z" name="afterMethod" finished-at="2019-05-03T06:53:53Z" duration-ms="47" status="PASS">
          <params>
            <param index="0">
              <value>
                <![CDATA[[TestResult name=verifyWithInvalidData status=SUCCESS method=TestWeatherAPIWithDataProvider.verifyWithInvalidData(java.util.Map)[pri:2, instance:com.qa.rest.tests.TestWeatherAPIWithDataProvider@223f3642] output=Test case name is: Verify 'Dubai, AE' City info]]]>
              </value>
            </param>
          </params>
          <reporter-output>
          </reporter-output>
        </test-method> <!-- afterMethod -->
        <test-method is-config="true" signature="beforeMethod(java.lang.reflect.Method)[pri:0, instance:com.qa.rest.tests.TestWeatherAPIWithDataProvider@223f3642]" started-at="2019-05-03T06:53:53Z" name="beforeMethod" finished-at="2019-05-03T06:53:53Z" duration-ms="0" status="PASS">
          <params>
            <param index="0">
              <value>
                <![CDATA[public void com.qa.rest.tests.TestWeatherAPIWithDataProvider.verifyWithInvalidData(java.util.Map)]]>
              </value>
            </param>
          </params>
          <reporter-output>
          </reporter-output>
        </test-method> <!-- beforeMethod -->
        <test-method signature="verifyWithInvalidData(java.util.Map)[pri:2, instance:com.qa.rest.tests.TestWeatherAPIWithDataProvider@223f3642]" started-at="2019-05-03T06:53:53Z" name="verifyWithInvalidData" data-provider="NegativeTestSenarios" finished-at="2019-05-03T06:53:53Z" duration-ms="138" status="PASS">
          <params>
            <param index="0">
              <value>
                <![CDATA[{Test Case Name=Verify 'Cairo, EG' City info, Error Message=Invalid API key, App ID=14d92fb7c2c0cd897c5ce09935897c0dd, Status Code=401, City Name=Cairo, Country Code=EG}]]>
              </value>
            </param>
          </params>
          <reporter-output>
            <line>
              <![CDATA[Test case name is: Verify 'Cairo, EG' City info]]>
            </line>
            <line>
              <![CDATA[Response is : {"cod":401, "message": "Invalid API key. Please see http://openweathermap.org/faq#error401 for more info."}]]>
            </line>
            <line>
              <![CDATA[Verified the error message successfully.]]>
            </line>
          </reporter-output>
        </test-method> <!-- verifyWithInvalidData -->
        <test-method is-config="true" signature="afterMethod(org.testng.ITestResult)[pri:0, instance:com.qa.rest.tests.TestWeatherAPIWithDataProvider@223f3642]" started-at="2019-05-03T06:53:53Z" name="afterMethod" finished-at="2019-05-03T06:53:53Z" duration-ms="78" status="PASS">
          <params>
            <param index="0">
              <value>
                <![CDATA[[TestResult name=verifyWithInvalidData status=SUCCESS method=TestWeatherAPIWithDataProvider.verifyWithInvalidData(java.util.Map)[pri:2, instance:com.qa.rest.tests.TestWeatherAPIWithDataProvider@223f3642] output=Test case name is: Verify 'Cairo, EG' City info]]]>
              </value>
            </param>
          </params>
          <reporter-output>
          </reporter-output>
        </test-method> <!-- afterMethod -->
        <test-method signature="verifyWithInvalidData(java.util.Map)[pri:2, instance:com.qa.rest.tests.TestWeatherAPIWithDataProvider@223f3642]" started-at="2019-05-03T06:53:53Z" name="verifyWithInvalidData" data-provider="NegativeTestSenarios" finished-at="2019-05-03T06:53:53Z" duration-ms="122" status="PASS">
          <params>
            <param index="0">
              <value>
                <![CDATA[{Test Case Name=Verify 'Amsterdam, NL' City info, Error Message=Invalid API key, App ID=14d92fb7c2c0cd897c5ce09935897c0de, Status Code=401, City Name=Amsterdam, Country Code=NL}]]>
              </value>
            </param>
          </params>
          <reporter-output>
            <line>
              <![CDATA[Test case name is: Verify 'Amsterdam, NL' City info]]>
            </line>
            <line>
              <![CDATA[Response is : {"cod":401, "message": "Invalid API key. Please see http://openweathermap.org/faq#error401 for more info."}]]>
            </line>
            <line>
              <![CDATA[Verified the error message successfully.]]>
            </line>
          </reporter-output>
        </test-method> <!-- verifyWithInvalidData -->
        <test-method is-config="true" signature="beforeMethod(java.lang.reflect.Method)[pri:0, instance:com.qa.rest.tests.TestWeatherAPIWithDataProvider@223f3642]" started-at="2019-05-03T06:53:53Z" name="beforeMethod" finished-at="2019-05-03T06:53:53Z" duration-ms="0" status="PASS">
          <params>
            <param index="0">
              <value>
                <![CDATA[public void com.qa.rest.tests.TestWeatherAPIWithDataProvider.verifyWithInvalidData(java.util.Map)]]>
              </value>
            </param>
          </params>
          <reporter-output>
          </reporter-output>
        </test-method> <!-- beforeMethod -->
        <test-method is-config="true" signature="afterMethod(org.testng.ITestResult)[pri:0, instance:com.qa.rest.tests.TestWeatherAPIWithDataProvider@223f3642]" started-at="2019-05-03T06:53:53Z" name="afterMethod" finished-at="2019-05-03T06:53:53Z" duration-ms="63" status="PASS">
          <params>
            <param index="0">
              <value>
                <![CDATA[[TestResult name=verifyWithInvalidData status=SUCCESS method=TestWeatherAPIWithDataProvider.verifyWithInvalidData(java.util.Map)[pri:2, instance:com.qa.rest.tests.TestWeatherAPIWithDataProvider@223f3642] output=Test case name is: Verify 'Amsterdam, NL' City info]]]>
              </value>
            </param>
          </params>
          <reporter-output>
          </reporter-output>
        </test-method> <!-- afterMethod -->
      </class> <!-- com.qa.rest.tests.TestWeatherAPIWithDataProvider -->
    </test> <!-- Default test -->
  </suite> <!-- Default suite -->
</testng-results>
